{
  "stats": {
    "suites": 2,
    "tests": 3,
    "passes": 3,
    "pending": 0,
    "failures": 0,
    "start": "2025-01-31T00:13:20.874Z",
    "end": "2025-01-31T00:13:22.241Z",
    "duration": 1367,
    "testsRegistered": 3,
    "passPercent": 100,
    "pendingPercent": 0,
    "other": 0,
    "hasOther": false,
    "skipped": 0,
    "hasSkipped": false
  },
  "results": [
    {
      "uuid": "ef0a4dd2-5c63-4514-b1c2-247f58e89d3e",
      "title": "",
      "fullFile": "cypress\\tests\\api\\produtos\\getBuscarProdutosId.cy.js",
      "file": "cypress\\tests\\api\\produtos\\getBuscarProdutosId.cy.js",
      "beforeHooks": [],
      "afterHooks": [],
      "tests": [],
      "suites": [
        {
          "uuid": "fbe62714-5315-43da-b389-44d173987055",
          "title": "GET Produtos por ID",
          "fullFile": "",
          "file": "",
          "beforeHooks": [],
          "afterHooks": [],
          "tests": [
            {
              "title": "deve buscar produto pelo id",
              "fullTitle": "GET Produtos por ID deve buscar produto pelo id",
              "timedOut": null,
              "duration": 906,
              "state": "passed",
              "speed": "fast",
              "pass": true,
              "fail": false,
              "pending": false,
              "context": null,
              "code": "cy.api_getBuscarProdutoId(_id).then(response => {\n  expect(response.status).to.eq(200);\n  expect(response.body).to.be.not.null;\n  expect(response.body).to.have.property('_id', _id);\n});",
              "err": {},
              "uuid": "44b9c7bc-8ebd-4477-8c1a-b510665f9b49",
              "parentUUID": "fbe62714-5315-43da-b389-44d173987055",
              "isHook": false,
              "skipped": false
            }
          ],
          "suites": [],
          "passes": [
            "44b9c7bc-8ebd-4477-8c1a-b510665f9b49"
          ],
          "failures": [],
          "pending": [],
          "skipped": [],
          "duration": 906,
          "root": false,
          "rootEmpty": false,
          "_timeout": 2000
        },
        {
          "uuid": "2dc5104a-6fdc-446f-8009-5a62811f82f3",
          "title": "Erros",
          "fullFile": "",
          "file": "",
          "beforeHooks": [],
          "afterHooks": [],
          "tests": [
            {
              "title": "não deve buscar produto com id inexistente",
              "fullTitle": "Erros não deve buscar produto com id inexistente",
              "timedOut": null,
              "duration": 217,
              "state": "passed",
              "speed": "fast",
              "pass": true,
              "fail": false,
              "pending": false,
              "context": null,
              "code": "const id = '2m931byp8d8LbkWj';\ncy.api_getBuscarProdutoId(id).then(response => {\n  expect(response.status).to.eq(400);\n  expect(response.body).to.have.property('message', 'Produto não encontrado');\n});",
              "err": {},
              "uuid": "ee3e1272-fc73-4c2a-9d9c-93faf92dfeea",
              "parentUUID": "2dc5104a-6fdc-446f-8009-5a62811f82f3",
              "isHook": false,
              "skipped": false
            },
            {
              "title": "não deve buscar produto com id nulo",
              "fullTitle": "Erros não deve buscar produto com id nulo",
              "timedOut": null,
              "duration": 217,
              "state": "passed",
              "speed": "fast",
              "pass": true,
              "fail": false,
              "pending": false,
              "context": null,
              "code": "const id = null;\ncy.api_getBuscarProdutoId(id).then(response => {\n  expect(response.status).to.eq(400);\n  expect(response.body).to.have.property('message', 'Produto não encontrado');\n});",
              "err": {},
              "uuid": "cd64ea4d-9084-4c52-976d-e12e7b2845cd",
              "parentUUID": "2dc5104a-6fdc-446f-8009-5a62811f82f3",
              "isHook": false,
              "skipped": false
            }
          ],
          "suites": [],
          "passes": [
            "ee3e1272-fc73-4c2a-9d9c-93faf92dfeea",
            "cd64ea4d-9084-4c52-976d-e12e7b2845cd"
          ],
          "failures": [],
          "pending": [],
          "skipped": [],
          "duration": 434,
          "root": false,
          "rootEmpty": false,
          "_timeout": 2000
        }
      ],
      "passes": [],
      "failures": [],
      "pending": [],
      "skipped": [],
      "duration": 0,
      "root": true,
      "rootEmpty": true,
      "_timeout": 2000
    }
  ],
  "meta": {
    "mocha": {
      "version": "7.0.1"
    },
    "mochawesome": {
      "options": {
        "quiet": false,
        "reportFilename": "mochawesome",
        "saveHtml": true,
        "saveJson": true,
        "consoleReporter": "spec",
        "useInlineDiffs": false,
        "code": true
      },
      "version": "7.1.3"
    },
    "marge": {
      "options": {
        "reportDir": "cypress/reports",
        "overwrite": false,
        "html": true,
        "json": true
      },
      "version": "6.2.0"
    }
  }
}