{
  "stats": {
    "suites": 2,
    "tests": 3,
    "passes": 3,
    "pending": 0,
    "failures": 0,
    "start": "2025-01-29T13:56:52.996Z",
    "end": "2025-01-29T13:56:53.936Z",
    "duration": 940,
    "testsRegistered": 3,
    "passPercent": 100,
    "pendingPercent": 0,
    "other": 0,
    "hasOther": false,
    "skipped": 0,
    "hasSkipped": false
  },
  "results": [
    {
      "uuid": "f5232476-c562-461a-ad59-62ba4506755f",
      "title": "",
      "fullFile": "cypress\\tests\\api\\usuarios\\getListarUsuarios.cy.js",
      "file": "cypress\\tests\\api\\usuarios\\getListarUsuarios.cy.js",
      "beforeHooks": [],
      "afterHooks": [],
      "tests": [],
      "suites": [
        {
          "uuid": "8485b116-05d1-4cf3-b149-97bdc5a17578",
          "title": "GET Usuarios",
          "fullFile": "",
          "file": "",
          "beforeHooks": [],
          "afterHooks": [],
          "tests": [
            {
              "title": "deve listar usuarios com sucesso",
              "fullTitle": "GET Usuarios deve listar usuarios com sucesso",
              "timedOut": null,
              "duration": 466,
              "state": "passed",
              "speed": "fast",
              "pass": true,
              "fail": false,
              "pending": false,
              "context": null,
              "code": "cy.api_getListarUsuarios().then(response => {\n  expect(response.status).to.eq(200);\n  expect(response.body).to.be.not.null;\n  expect(response.body.usuarios.length).to.be.greaterThan(0);\n});",
              "err": {},
              "uuid": "d649ed59-57ac-43d7-a95a-3922b3406c7f",
              "parentUUID": "8485b116-05d1-4cf3-b149-97bdc5a17578",
              "isHook": false,
              "skipped": false
            }
          ],
          "suites": [],
          "passes": [
            "d649ed59-57ac-43d7-a95a-3922b3406c7f"
          ],
          "failures": [],
          "pending": [],
          "skipped": [],
          "duration": 466,
          "root": false,
          "rootEmpty": false,
          "_timeout": 2000
        },
        {
          "uuid": "39bd4f4f-0002-40de-b30f-a21077af2881",
          "title": "Erros",
          "fullFile": "",
          "file": "",
          "beforeHooks": [],
          "afterHooks": [],
          "tests": [
            {
              "title": "não deve listar usuário com email inválido",
              "fullTitle": "Erros não deve listar usuário com email inválido",
              "timedOut": null,
              "duration": 227,
              "state": "passed",
              "speed": "fast",
              "pass": true,
              "fail": false,
              "pending": false,
              "context": null,
              "code": "const email = 'test@email';\ncy.api_getListarUsuariosParams('email', email).then(response => {\n  expect(response.status).to.eq(400);\n  expect(response.body).to.have.property('email', 'email deve ser um email válido');\n});",
              "err": {},
              "uuid": "48edda32-b421-4e6d-9a55-0719f059d988",
              "parentUUID": "39bd4f4f-0002-40de-b30f-a21077af2881",
              "isHook": false,
              "skipped": false
            },
            {
              "title": "não deve listar usuário com id inexistente",
              "fullTitle": "Erros não deve listar usuário com id inexistente",
              "timedOut": null,
              "duration": 215,
              "state": "passed",
              "speed": "fast",
              "pass": true,
              "fail": false,
              "pending": false,
              "context": null,
              "code": "const id = '1LyAt2nP4ckByHtT';\ncy.api_getListarUsuariosParams('_id', id).then(response => {\n  expect(response.status).to.eq(200);\n  expect(response.body.quantidade).to.eq(0);\n});",
              "err": {},
              "uuid": "7bded70b-8ad8-42e1-a4af-b8025d936cab",
              "parentUUID": "39bd4f4f-0002-40de-b30f-a21077af2881",
              "isHook": false,
              "skipped": false
            }
          ],
          "suites": [],
          "passes": [
            "48edda32-b421-4e6d-9a55-0719f059d988",
            "7bded70b-8ad8-42e1-a4af-b8025d936cab"
          ],
          "failures": [],
          "pending": [],
          "skipped": [],
          "duration": 442,
          "root": false,
          "rootEmpty": false,
          "_timeout": 2000
        }
      ],
      "passes": [],
      "failures": [],
      "pending": [],
      "skipped": [],
      "duration": 0,
      "root": true,
      "rootEmpty": true,
      "_timeout": 2000
    }
  ],
  "meta": {
    "mocha": {
      "version": "7.0.1"
    },
    "mochawesome": {
      "options": {
        "quiet": false,
        "reportFilename": "mochawesome",
        "saveHtml": true,
        "saveJson": true,
        "consoleReporter": "spec",
        "useInlineDiffs": false,
        "code": true
      },
      "version": "7.1.3"
    },
    "marge": {
      "options": {
        "reportDir": "cypress/reports",
        "overwrite": false,
        "html": true,
        "json": true
      },
      "version": "6.2.0"
    }
  }
}