{
  "stats": {
    "suites": 2,
    "tests": 3,
    "passes": 3,
    "pending": 0,
    "failures": 0,
    "start": "2025-01-31T14:58:03.381Z",
    "end": "2025-01-31T14:58:06.085Z",
    "duration": 2704,
    "testsRegistered": 3,
    "passPercent": 100,
    "pendingPercent": 0,
    "other": 0,
    "hasOther": false,
    "skipped": 0,
    "hasSkipped": false
  },
  "results": [
    {
      "uuid": "99e1cf6e-fcaa-4391-8adf-2f2827e6efc2",
      "title": "",
      "fullFile": "cypress\\tests\\api\\produtos\\deleteProdutos.cy.js",
      "file": "cypress\\tests\\api\\produtos\\deleteProdutos.cy.js",
      "beforeHooks": [],
      "afterHooks": [],
      "tests": [],
      "suites": [
        {
          "uuid": "bb9b945c-11ff-461d-9a6c-04df52f4a100",
          "title": "DELETE Produtos",
          "fullFile": "",
          "file": "",
          "beforeHooks": [],
          "afterHooks": [],
          "tests": [
            {
              "title": "deve excluir produto com sucesso",
              "fullTitle": "DELETE Produtos deve excluir produto com sucesso",
              "timedOut": null,
              "duration": 908,
              "state": "passed",
              "speed": "fast",
              "pass": true,
              "fail": false,
              "pending": false,
              "context": null,
              "code": "cy.api_deleteProdutos(_id, jwt).then(response => {\n  expect(response.status).to.eq(200);\n  expect(response.body.message).to.contain('Registro excluído com sucesso');\n});",
              "err": {},
              "uuid": "4bf50bf4-6638-4d98-b0bc-6c5ab0c06b05",
              "parentUUID": "bb9b945c-11ff-461d-9a6c-04df52f4a100",
              "isHook": false,
              "skipped": false
            }
          ],
          "suites": [],
          "passes": [
            "4bf50bf4-6638-4d98-b0bc-6c5ab0c06b05"
          ],
          "failures": [],
          "pending": [],
          "skipped": [],
          "duration": 908,
          "root": false,
          "rootEmpty": false,
          "_timeout": 2000
        },
        {
          "uuid": "d964598b-9871-4671-8fcc-faa607bfd00b",
          "title": "Erros",
          "fullFile": "",
          "file": "",
          "beforeHooks": [],
          "afterHooks": [],
          "tests": [
            {
              "title": "não deve excluir com id inexistente",
              "fullTitle": "Erros não deve excluir com id inexistente",
              "timedOut": null,
              "duration": 888,
              "state": "passed",
              "speed": "fast",
              "pass": true,
              "fail": false,
              "pending": false,
              "context": null,
              "code": "const idInexistente = _faker.faker.number.int();\ncy.api_deleteProdutos(idInexistente, jwt).then(response => {\n  expect(response.status).to.eq(200);\n  expect(response.body.message).to.contain('Nenhum registro excluído');\n});",
              "err": {},
              "uuid": "784d056a-e344-44fb-9f0e-659d9fa9017e",
              "parentUUID": "d964598b-9871-4671-8fcc-faa607bfd00b",
              "isHook": false,
              "skipped": false
            },
            {
              "title": "não deve excluir com token expirando",
              "fullTitle": "Erros não deve excluir com token expirando",
              "timedOut": null,
              "duration": 882,
              "state": "passed",
              "speed": "fast",
              "pass": true,
              "fail": false,
              "pending": false,
              "context": null,
              "code": "const jwtExpirado = 'Bearer eyJhbGciOiJIUzI1NiIsInR5cCI6IkpXVCJ9.eyJlbWFpbCI6InRldHp6enpAdGVzdC5jb20iLCJwYXNzd29yZCI6IjEyMzQiLCJpYXQiOjE3MzgxMDI5MzgsImV4cCI6MTczODEwMzUzOH0.HgbWbMft9z8mBGQS-VuWwShYeSccsOb61H0A8X_Rk6U';\ncy.api_deleteProdutos(_id, jwtExpirado).then(response => {\n  expect(response.status).to.eq(401);\n  expect(response.body.message).to.contain('Token de acesso ausente, inválido, expirado ou usuário do token não existe mais');\n});",
              "err": {},
              "uuid": "65e7f2b1-4d85-4136-81b2-027742ae14b0",
              "parentUUID": "d964598b-9871-4671-8fcc-faa607bfd00b",
              "isHook": false,
              "skipped": false
            }
          ],
          "suites": [],
          "passes": [
            "784d056a-e344-44fb-9f0e-659d9fa9017e",
            "65e7f2b1-4d85-4136-81b2-027742ae14b0"
          ],
          "failures": [],
          "pending": [],
          "skipped": [],
          "duration": 1770,
          "root": false,
          "rootEmpty": false,
          "_timeout": 2000
        }
      ],
      "passes": [],
      "failures": [],
      "pending": [],
      "skipped": [],
      "duration": 0,
      "root": true,
      "rootEmpty": true,
      "_timeout": 2000
    }
  ],
  "meta": {
    "mocha": {
      "version": "7.0.1"
    },
    "mochawesome": {
      "options": {
        "quiet": false,
        "reportFilename": "mochawesome",
        "saveHtml": true,
        "saveJson": true,
        "consoleReporter": "spec",
        "useInlineDiffs": false,
        "code": true
      },
      "version": "7.1.3"
    },
    "marge": {
      "options": {
        "reportDir": "cypress/reports",
        "overwrite": false,
        "html": true,
        "json": true
      },
      "version": "6.2.0"
    }
  }
}