{
  "stats": {
    "suites": 2,
    "tests": 3,
    "passes": 3,
    "pending": 0,
    "failures": 0,
    "start": "2025-01-29T13:56:31.103Z",
    "end": "2025-01-29T13:56:31.795Z",
    "duration": 692,
    "testsRegistered": 3,
    "passPercent": 100,
    "pendingPercent": 0,
    "other": 0,
    "hasOther": false,
    "skipped": 0,
    "hasSkipped": false
  },
  "results": [
    {
      "uuid": "73e2c51b-e780-4a76-9151-bae9c2128a2c",
      "title": "",
      "fullFile": "cypress\\tests\\api\\produtos\\getBuscarProdutosId.cy.js",
      "file": "cypress\\tests\\api\\produtos\\getBuscarProdutosId.cy.js",
      "beforeHooks": [],
      "afterHooks": [],
      "tests": [],
      "suites": [
        {
          "uuid": "0f3ee4aa-7f6a-443f-8d2a-d39aaab6bcae",
          "title": "GET Produtos por ID",
          "fullFile": "",
          "file": "",
          "beforeHooks": [],
          "afterHooks": [],
          "tests": [
            {
              "title": "deve buscar produto pelo id",
              "fullTitle": "GET Produtos por ID deve buscar produto pelo id",
              "timedOut": null,
              "duration": 230,
              "state": "passed",
              "speed": "fast",
              "pass": true,
              "fail": false,
              "pending": false,
              "context": null,
              "code": "const id = '2KDSHTlVwqDIpmfi';\ncy.api_getBuscarProdutoId(id).then(response => {\n  expect(response.status).to.eq(200);\n  expect(response.body).to.be.not.null;\n  expect(response.body).to.have.property('_id', id);\n});",
              "err": {},
              "uuid": "052ccc0b-3fc3-4c18-8c54-9c2dbcb42461",
              "parentUUID": "0f3ee4aa-7f6a-443f-8d2a-d39aaab6bcae",
              "isHook": false,
              "skipped": false
            }
          ],
          "suites": [],
          "passes": [
            "052ccc0b-3fc3-4c18-8c54-9c2dbcb42461"
          ],
          "failures": [],
          "pending": [],
          "skipped": [],
          "duration": 230,
          "root": false,
          "rootEmpty": false,
          "_timeout": 2000
        },
        {
          "uuid": "eb22ac87-3cf3-4292-8a25-3785972313e7",
          "title": "Erros",
          "fullFile": "",
          "file": "",
          "beforeHooks": [],
          "afterHooks": [],
          "tests": [
            {
              "title": "não deve buscar produto com id inexistente",
              "fullTitle": "Erros não deve buscar produto com id inexistente",
              "timedOut": null,
              "duration": 215,
              "state": "passed",
              "speed": "fast",
              "pass": true,
              "fail": false,
              "pending": false,
              "context": null,
              "code": "const id = '2m931byp8d8LbkWj';\ncy.api_getBuscarProdutoId(id).then(response => {\n  expect(response.status).to.eq(400);\n  expect(response.body).to.have.property('message', 'Produto não encontrado');\n});",
              "err": {},
              "uuid": "0ad6001a-e527-400f-922e-91985a4c9be8",
              "parentUUID": "eb22ac87-3cf3-4292-8a25-3785972313e7",
              "isHook": false,
              "skipped": false
            },
            {
              "title": "não deve buscar produto com id nulo",
              "fullTitle": "Erros não deve buscar produto com id nulo",
              "timedOut": null,
              "duration": 215,
              "state": "passed",
              "speed": "fast",
              "pass": true,
              "fail": false,
              "pending": false,
              "context": null,
              "code": "const id = null;\ncy.api_getBuscarProdutoId(id).then(response => {\n  expect(response.status).to.eq(400);\n  expect(response.body).to.have.property('message', 'Produto não encontrado');\n});",
              "err": {},
              "uuid": "efe4d606-5697-4561-9c79-f73e7530de65",
              "parentUUID": "eb22ac87-3cf3-4292-8a25-3785972313e7",
              "isHook": false,
              "skipped": false
            }
          ],
          "suites": [],
          "passes": [
            "0ad6001a-e527-400f-922e-91985a4c9be8",
            "efe4d606-5697-4561-9c79-f73e7530de65"
          ],
          "failures": [],
          "pending": [],
          "skipped": [],
          "duration": 430,
          "root": false,
          "rootEmpty": false,
          "_timeout": 2000
        }
      ],
      "passes": [],
      "failures": [],
      "pending": [],
      "skipped": [],
      "duration": 0,
      "root": true,
      "rootEmpty": true,
      "_timeout": 2000
    }
  ],
  "meta": {
    "mocha": {
      "version": "7.0.1"
    },
    "mochawesome": {
      "options": {
        "quiet": false,
        "reportFilename": "mochawesome",
        "saveHtml": true,
        "saveJson": true,
        "consoleReporter": "spec",
        "useInlineDiffs": false,
        "code": true
      },
      "version": "7.1.3"
    },
    "marge": {
      "options": {
        "reportDir": "cypress/reports",
        "overwrite": false,
        "html": true,
        "json": true
      },
      "version": "6.2.0"
    }
  }
}