{
  "stats": {
    "suites": 2,
    "tests": 5,
    "passes": 5,
    "pending": 0,
    "failures": 0,
    "start": "2025-01-29T20:45:53.296Z",
    "end": "2025-01-29T20:46:05.716Z",
    "duration": 12420,
    "testsRegistered": 5,
    "passPercent": 100,
    "pendingPercent": 0,
    "other": 0,
    "hasOther": false,
    "skipped": 0,
    "hasSkipped": false
  },
  "results": [
    {
      "uuid": "c8779cbc-432d-4052-a1fb-7d0941d57cc8",
      "title": "",
      "fullFile": "cypress\\tests\\e2e\\login\\login.cy.js",
      "file": "cypress\\tests\\e2e\\login\\login.cy.js",
      "beforeHooks": [],
      "afterHooks": [],
      "tests": [],
      "suites": [
        {
          "uuid": "3e1da358-f893-41d1-9e4f-1fdb7f21636f",
          "title": "Login",
          "fullFile": "",
          "file": "",
          "beforeHooks": [],
          "afterHooks": [],
          "tests": [
            {
              "title": "deve realizar login com sucesso",
              "fullTitle": "Login deve realizar login com sucesso",
              "timedOut": null,
              "duration": 4787,
              "state": "passed",
              "speed": "fast",
              "pass": true,
              "fail": false,
              "pending": false,
              "context": null,
              "code": "const nome = _faker.faker.person.fullName();\nconst email = _faker.faker.internet.email();\nconst password = _faker.faker.internet.password();\nconst administrador = 'false';\ncy.api_postUsuarios(nome, email, password, administrador).then(response => {\n  expect(response.status).to.eq(201);\n});\ncy.login(email, password);\ncy.url().should('be.equal', `${baseUrl}/home`);\ncy.get('[data-testid=\"logout\"]').should('be.visible');",
              "err": {},
              "uuid": "7970c466-d1b1-4c5f-901d-acc66abd4cb2",
              "parentUUID": "3e1da358-f893-41d1-9e4f-1fdb7f21636f",
              "isHook": false,
              "skipped": false
            },
            {
              "title": "deve realizar login com usuário admininistrador com sucesso",
              "fullTitle": "Login deve realizar login com usuário admininistrador com sucesso",
              "timedOut": null,
              "duration": 2376,
              "state": "passed",
              "speed": "fast",
              "pass": true,
              "fail": false,
              "pending": false,
              "context": null,
              "code": "const nome = _faker.faker.person.fullName();\nconst email = _faker.faker.internet.email();\nconst password = _faker.faker.internet.password();\nconst administrador = 'true';\ncy.api_postUsuarios(nome, email, password, administrador).then(response => {\n  expect(response.status).to.eq(201);\n});\ncy.login(email, password);\ncy.url().should('be.equal', `${baseUrl}/admin/home`);\ncy.get('[data-testid=\"logout\"]').should('be.visible');\ncy.contains('.lead', 'Este é seu sistema para administrar seu ecommerce.').should('be.visible');",
              "err": {},
              "uuid": "cd7c569b-8aea-47d7-9542-9b04d2c6437e",
              "parentUUID": "3e1da358-f893-41d1-9e4f-1fdb7f21636f",
              "isHook": false,
              "skipped": false
            }
          ],
          "suites": [],
          "passes": [
            "7970c466-d1b1-4c5f-901d-acc66abd4cb2",
            "cd7c569b-8aea-47d7-9542-9b04d2c6437e"
          ],
          "failures": [],
          "pending": [],
          "skipped": [],
          "duration": 7163,
          "root": false,
          "rootEmpty": false,
          "_timeout": 2000
        },
        {
          "uuid": "c898d70e-6750-455e-8557-e234c86d4b31",
          "title": "Erros",
          "fullFile": "",
          "file": "",
          "beforeHooks": [],
          "afterHooks": [],
          "tests": [
            {
              "title": "não deve realizar login com usuário inexistente",
              "fullTitle": "Erros não deve realizar login com usuário inexistente",
              "timedOut": null,
              "duration": 2031,
              "state": "passed",
              "speed": "fast",
              "pass": true,
              "fail": false,
              "pending": false,
              "context": null,
              "code": "const email = _faker.faker.internet.email();\nconst password = _faker.faker.internet.password();\ncy.login(email, password);\ncy.contains('.alert', 'Email e/ou senha inválidos').should('be.visible');\ncy.url().should('be.equal', `${baseUrl}/login`);",
              "err": {},
              "uuid": "99bb542b-d4cc-4f1c-a6a4-d3872e93732a",
              "parentUUID": "c898d70e-6750-455e-8557-e234c86d4b31",
              "isHook": false,
              "skipped": false
            },
            {
              "title": "não deve realizar login com email inválido",
              "fullTitle": "Erros não deve realizar login com email inválido",
              "timedOut": null,
              "duration": 2145,
              "state": "passed",
              "speed": "fast",
              "pass": true,
              "fail": false,
              "pending": false,
              "context": null,
              "code": "const email = 'teste@teste';\nconst password = _faker.faker.internet.password();\ncy.login(email, password);\ncy.contains('.alert', 'Email deve ser um email válido').should('be.visible');\ncy.url().should('be.equal', `${baseUrl}/login`);",
              "err": {},
              "uuid": "567af234-586c-489d-8cce-8e344d65af82",
              "parentUUID": "c898d70e-6750-455e-8557-e234c86d4b31",
              "isHook": false,
              "skipped": false
            },
            {
              "title": "não deve realizar login com campos obrigatórios vazios",
              "fullTitle": "Erros não deve realizar login com campos obrigatórios vazios",
              "timedOut": null,
              "duration": 967,
              "state": "passed",
              "speed": "fast",
              "pass": true,
              "fail": false,
              "pending": false,
              "context": null,
              "code": "cy.loginComCamposVazios();\ncy.contains('.form', 'Email é obrigatório').should('be.visible');\ncy.contains('.form', 'Password é obrigatório').should('be.visible');\ncy.url().should('be.equal', `${baseUrl}/login`);",
              "err": {},
              "uuid": "080f0a32-2418-405e-b089-fc6b1cc9d8b4",
              "parentUUID": "c898d70e-6750-455e-8557-e234c86d4b31",
              "isHook": false,
              "skipped": false
            }
          ],
          "suites": [],
          "passes": [
            "99bb542b-d4cc-4f1c-a6a4-d3872e93732a",
            "567af234-586c-489d-8cce-8e344d65af82",
            "080f0a32-2418-405e-b089-fc6b1cc9d8b4"
          ],
          "failures": [],
          "pending": [],
          "skipped": [],
          "duration": 5143,
          "root": false,
          "rootEmpty": false,
          "_timeout": 2000
        }
      ],
      "passes": [],
      "failures": [],
      "pending": [],
      "skipped": [],
      "duration": 0,
      "root": true,
      "rootEmpty": true,
      "_timeout": 2000
    }
  ],
  "meta": {
    "mocha": {
      "version": "7.0.1"
    },
    "mochawesome": {
      "options": {
        "quiet": false,
        "reportFilename": "mochawesome",
        "saveHtml": true,
        "saveJson": true,
        "consoleReporter": "spec",
        "useInlineDiffs": false,
        "code": true
      },
      "version": "7.1.3"
    },
    "marge": {
      "options": {
        "reportDir": "cypress/reports",
        "overwrite": false,
        "html": true,
        "json": true
      },
      "version": "6.2.0"
    }
  }
}