{
  "stats": {
    "suites": 2,
    "tests": 5,
    "passes": 5,
    "pending": 0,
    "failures": 0,
    "start": "2025-01-29T13:56:42.135Z",
    "end": "2025-01-29T13:56:46.935Z",
    "duration": 4800,
    "testsRegistered": 5,
    "passPercent": 100,
    "pendingPercent": 0,
    "other": 0,
    "hasOther": false,
    "skipped": 0,
    "hasSkipped": false
  },
  "results": [
    {
      "uuid": "7f57a521-ddcb-4ddc-ba0e-fb35fecf7cba",
      "title": "",
      "fullFile": "cypress\\tests\\api\\produtos\\putProdutos.cy.js",
      "file": "cypress\\tests\\api\\produtos\\putProdutos.cy.js",
      "beforeHooks": [],
      "afterHooks": [],
      "tests": [],
      "suites": [
        {
          "uuid": "0b48edd8-fbe2-4aa3-9ef0-b5b45eaf5d47",
          "title": "PUT Produtos",
          "fullFile": "",
          "file": "",
          "beforeHooks": [],
          "afterHooks": [],
          "tests": [
            {
              "title": "deve editar produto com sucesso",
              "fullTitle": "PUT Produtos deve editar produto com sucesso",
              "timedOut": null,
              "duration": 880,
              "state": "passed",
              "speed": "fast",
              "pass": true,
              "fail": false,
              "pending": false,
              "context": null,
              "code": "const nome = _faker.faker.commerce.productName();\nconst preco = _faker.faker.number.int();\nconst descricao = _faker.faker.commerce.productDescription();\nconst quantidade = _faker.faker.number.int();\ncy.api_putProdutos(_id, nome, preco, descricao, quantidade, jwt).then(response => {\n  expect(response.status).to.eq(200);\n  expect(response.body.message).to.contain('Registro alterado com sucesso');\n});",
              "err": {},
              "uuid": "ccfac394-8d7b-461b-85e1-a6b98b5f8324",
              "parentUUID": "0b48edd8-fbe2-4aa3-9ef0-b5b45eaf5d47",
              "isHook": false,
              "skipped": false
            },
            {
              "title": "deve cadastrar quando id não existir",
              "fullTitle": "PUT Produtos deve cadastrar quando id não existir",
              "timedOut": null,
              "duration": 867,
              "state": "passed",
              "speed": "fast",
              "pass": true,
              "fail": false,
              "pending": false,
              "context": null,
              "code": "const nome = _faker.faker.commerce.productName();\nconst preco = _faker.faker.number.int();\nconst descricao = _faker.faker.commerce.productDescription();\nconst quantidade = _faker.faker.number.int();\nconst novoId = _faker.faker.number.int();\ncy.api_putProdutos(novoId, nome, preco, descricao, quantidade, jwt).then(response => {\n  expect(response.status).to.eq(201);\n  expect(response.body.message).to.contain('Cadastro realizado com sucesso');\n  expect(response.body._id).is.not.null;\n});",
              "err": {},
              "uuid": "ce12382b-fc95-4f38-a03a-94f3589005c2",
              "parentUUID": "0b48edd8-fbe2-4aa3-9ef0-b5b45eaf5d47",
              "isHook": false,
              "skipped": false
            }
          ],
          "suites": [],
          "passes": [
            "ccfac394-8d7b-461b-85e1-a6b98b5f8324",
            "ce12382b-fc95-4f38-a03a-94f3589005c2"
          ],
          "failures": [],
          "pending": [],
          "skipped": [],
          "duration": 1747,
          "root": false,
          "rootEmpty": false,
          "_timeout": 2000
        },
        {
          "uuid": "3d16f0b6-41cc-46c4-be91-f645760075c1",
          "title": "Erros",
          "fullFile": "",
          "file": "",
          "beforeHooks": [],
          "afterHooks": [],
          "tests": [
            {
              "title": "não deve editar com quantidade inválida",
              "fullTitle": "Erros não deve editar com quantidade inválida",
              "timedOut": null,
              "duration": 861,
              "state": "passed",
              "speed": "fast",
              "pass": true,
              "fail": false,
              "pending": false,
              "context": null,
              "code": "const nome = _faker.faker.commerce.productName();\nconst preco = _faker.faker.number.int();\nconst descricao = _faker.faker.commerce.productDescription();\nconst quantidade = _faker.faker.commerce.productName();\ncy.api_putProdutos(_id, nome, preco, descricao, quantidade, jwt).then(response => {\n  expect(response.status).to.eq(400);\n  expect(response.body).to.have.property('quantidade', 'quantidade deve ser um número');\n});",
              "err": {},
              "uuid": "3f47f09f-b525-4de2-ab6f-d8a985f91ba5",
              "parentUUID": "3d16f0b6-41cc-46c4-be91-f645760075c1",
              "isHook": false,
              "skipped": false
            },
            {
              "title": "não deve editar com nome existente",
              "fullTitle": "Erros não deve editar com nome existente",
              "timedOut": null,
              "duration": 1276,
              "state": "passed",
              "speed": "fast",
              "pass": true,
              "fail": false,
              "pending": false,
              "context": null,
              "code": "const nome = _faker.faker.commerce.productName();\nconst preco = _faker.faker.number.int();\nconst descricao = _faker.faker.commerce.productDescription();\nconst quantidade = _faker.faker.number.int();\ncy.api_putProdutos(_id, nome, preco, descricao, quantidade, jwt).then(response => {\n  expect(response.status).to.eq(200);\n  expect(response.body.message).to.contain('Registro alterado com sucesso');\n  const nomeProduto2 = _faker.faker.commerce.productName();\n  cy.api_postProdutos(nomeProduto2, preco, descricao, quantidade, jwt).then(response => {\n    expect(response.status).to.eq(201);\n    const novoId = response.body._id;\n    cy.api_putProdutos(novoId, nome, preco, descricao, quantidade, jwt).then(response => {\n      expect(response.status).to.eq(400);\n      expect(response.body.message).to.contain('Já existe produto com esse nome');\n    });\n  });\n});",
              "err": {},
              "uuid": "239f5444-b3f5-4d89-a09a-a09bd7e804ca",
              "parentUUID": "3d16f0b6-41cc-46c4-be91-f645760075c1",
              "isHook": false,
              "skipped": false
            },
            {
              "title": "não deve editar com campos obrigatórios inválidos",
              "fullTitle": "Erros não deve editar com campos obrigatórios inválidos",
              "timedOut": null,
              "duration": 878,
              "state": "passed",
              "speed": "fast",
              "pass": true,
              "fail": false,
              "pending": false,
              "context": null,
              "code": "const nome = '';\nconst preco = '';\nconst descricao = '';\nconst quantidade = '';\ncy.api_putProdutos(_id, nome, preco, descricao, quantidade, jwt).then(response => {\n  expect(response.status).to.eq(400);\n  expect(response.body).to.have.all.keys('nome', 'preco', 'descricao', 'quantidade');\n  expect(response.body).to.deep.include({\n    nome: 'nome não pode ficar em branco',\n    preco: 'preco deve ser um número',\n    descricao: 'descricao não pode ficar em branco',\n    quantidade: 'quantidade deve ser um número'\n  });\n});",
              "err": {},
              "uuid": "32b9b5de-762e-49c3-a319-f072a3b737d2",
              "parentUUID": "3d16f0b6-41cc-46c4-be91-f645760075c1",
              "isHook": false,
              "skipped": false
            }
          ],
          "suites": [],
          "passes": [
            "3f47f09f-b525-4de2-ab6f-d8a985f91ba5",
            "239f5444-b3f5-4d89-a09a-a09bd7e804ca",
            "32b9b5de-762e-49c3-a319-f072a3b737d2"
          ],
          "failures": [],
          "pending": [],
          "skipped": [],
          "duration": 3015,
          "root": false,
          "rootEmpty": false,
          "_timeout": 2000
        }
      ],
      "passes": [],
      "failures": [],
      "pending": [],
      "skipped": [],
      "duration": 0,
      "root": true,
      "rootEmpty": true,
      "_timeout": 2000
    }
  ],
  "meta": {
    "mocha": {
      "version": "7.0.1"
    },
    "mochawesome": {
      "options": {
        "quiet": false,
        "reportFilename": "mochawesome",
        "saveHtml": true,
        "saveJson": true,
        "consoleReporter": "spec",
        "useInlineDiffs": false,
        "code": true
      },
      "version": "7.1.3"
    },
    "marge": {
      "options": {
        "reportDir": "cypress/reports",
        "overwrite": false,
        "html": true,
        "json": true
      },
      "version": "6.2.0"
    }
  }
}