{
  "stats": {
    "suites": 2,
    "tests": 3,
    "passes": 3,
    "pending": 0,
    "failures": 0,
    "start": "2025-01-29T13:56:51.113Z",
    "end": "2025-01-29T13:56:51.818Z",
    "duration": 705,
    "testsRegistered": 3,
    "passPercent": 100,
    "pendingPercent": 0,
    "other": 0,
    "hasOther": false,
    "skipped": 0,
    "hasSkipped": false
  },
  "results": [
    {
      "uuid": "a15c9e07-9ea7-4671-b854-6f22037ada4f",
      "title": "",
      "fullFile": "cypress\\tests\\api\\usuarios\\getBuscarUsuariosId.cy.js",
      "file": "cypress\\tests\\api\\usuarios\\getBuscarUsuariosId.cy.js",
      "beforeHooks": [],
      "afterHooks": [],
      "tests": [],
      "suites": [
        {
          "uuid": "1a07d79a-30eb-4edd-806c-b39c6e24af7b",
          "title": "GET Usuarios por ID",
          "fullFile": "",
          "file": "",
          "beforeHooks": [],
          "afterHooks": [],
          "tests": [
            {
              "title": "deve buscar usuário pelo ID",
              "fullTitle": "GET Usuarios por ID deve buscar usuário pelo ID",
              "timedOut": null,
              "duration": 228,
              "state": "passed",
              "speed": "fast",
              "pass": true,
              "fail": false,
              "pending": false,
              "context": null,
              "code": "const id = '0bNQgMYhHZjCbO7y';\ncy.api_getBuscarUsuarioId(id).then(response => {\n  expect(response.status).to.eq(200);\n  expect(response.body).to.be.not.null;\n  expect(response.body).to.have.property('_id', id);\n});",
              "err": {},
              "uuid": "5f630102-8eec-4a4e-915d-5f5580fcdb56",
              "parentUUID": "1a07d79a-30eb-4edd-806c-b39c6e24af7b",
              "isHook": false,
              "skipped": false
            }
          ],
          "suites": [],
          "passes": [
            "5f630102-8eec-4a4e-915d-5f5580fcdb56"
          ],
          "failures": [],
          "pending": [],
          "skipped": [],
          "duration": 228,
          "root": false,
          "rootEmpty": false,
          "_timeout": 2000
        },
        {
          "uuid": "b875ab3b-390c-4336-ae0d-f7e37f15a088",
          "title": "Erros",
          "fullFile": "",
          "file": "",
          "beforeHooks": [],
          "afterHooks": [],
          "tests": [
            {
              "title": "não deve buscar usuário com id inexistente",
              "fullTitle": "Erros não deve buscar usuário com id inexistente",
              "timedOut": null,
              "duration": 222,
              "state": "passed",
              "speed": "fast",
              "pass": true,
              "fail": false,
              "pending": false,
              "context": null,
              "code": "const id = '0uxuPY2cbmQhpEz1';\ncy.api_getBuscarUsuarioId(id).then(response => {\n  expect(response.status).to.eq(400);\n  expect(response.body).to.have.property('message', 'Usuário não encontrado');\n});",
              "err": {},
              "uuid": "373fe8bb-2d9d-41f7-8cc2-7fe0403856b5",
              "parentUUID": "b875ab3b-390c-4336-ae0d-f7e37f15a088",
              "isHook": false,
              "skipped": false
            },
            {
              "title": "não deve buscar usuário com id nulo",
              "fullTitle": "Erros não deve buscar usuário com id nulo",
              "timedOut": null,
              "duration": 225,
              "state": "passed",
              "speed": "fast",
              "pass": true,
              "fail": false,
              "pending": false,
              "context": null,
              "code": "const id = null;\ncy.api_getBuscarUsuarioId(id).then(response => {\n  expect(response.status).to.eq(400);\n  expect(response.body).to.have.property('message', 'Usuário não encontrado');\n});",
              "err": {},
              "uuid": "eafb0e74-47b1-4c43-8821-6a4ab938ccd1",
              "parentUUID": "b875ab3b-390c-4336-ae0d-f7e37f15a088",
              "isHook": false,
              "skipped": false
            }
          ],
          "suites": [],
          "passes": [
            "373fe8bb-2d9d-41f7-8cc2-7fe0403856b5",
            "eafb0e74-47b1-4c43-8821-6a4ab938ccd1"
          ],
          "failures": [],
          "pending": [],
          "skipped": [],
          "duration": 447,
          "root": false,
          "rootEmpty": false,
          "_timeout": 2000
        }
      ],
      "passes": [],
      "failures": [],
      "pending": [],
      "skipped": [],
      "duration": 0,
      "root": true,
      "rootEmpty": true,
      "_timeout": 2000
    }
  ],
  "meta": {
    "mocha": {
      "version": "7.0.1"
    },
    "mochawesome": {
      "options": {
        "quiet": false,
        "reportFilename": "mochawesome",
        "saveHtml": true,
        "saveJson": true,
        "consoleReporter": "spec",
        "useInlineDiffs": false,
        "code": true
      },
      "version": "7.1.3"
    },
    "marge": {
      "options": {
        "reportDir": "cypress/reports",
        "overwrite": false,
        "html": true,
        "json": true
      },
      "version": "6.2.0"
    }
  }
}