{
  "stats": {
    "suites": 2,
    "tests": 3,
    "passes": 3,
    "pending": 0,
    "failures": 0,
    "start": "2025-01-31T00:15:16.914Z",
    "end": "2025-01-31T00:15:31.234Z",
    "duration": 14320,
    "testsRegistered": 3,
    "passPercent": 100,
    "pendingPercent": 0,
    "other": 0,
    "hasOther": false,
    "skipped": 0,
    "hasSkipped": false
  },
  "results": [
    {
      "uuid": "b5d0941a-02ae-4e83-a269-d4eb2e4d3235",
      "title": "",
      "fullFile": "cypress\\tests\\e2e\\produtos\\cadastroProdutos.cy.js",
      "file": "cypress\\tests\\e2e\\produtos\\cadastroProdutos.cy.js",
      "beforeHooks": [],
      "afterHooks": [],
      "tests": [],
      "suites": [
        {
          "uuid": "f76f1e17-7746-4f08-a3dc-fe00b38670ed",
          "title": "Cadastro de Usuários",
          "fullFile": "",
          "file": "",
          "beforeHooks": [],
          "afterHooks": [],
          "tests": [
            {
              "title": "deve cadastrar produto com sucesso",
              "fullTitle": "Cadastro de Usuários deve cadastrar produto com sucesso",
              "timedOut": null,
              "duration": 6811,
              "state": "passed",
              "speed": "medium",
              "pass": true,
              "fail": false,
              "pending": false,
              "context": null,
              "code": "const nome = _faker.faker.commerce.productName();\nconst preco = _faker.faker.number.int();\nconst descricao = _faker.faker.commerce.productDescription();\nconst quantidade = _faker.faker.number.int();\ncy.cadastrarProduto(nome, preco, descricao, quantidade);\ncy.url().should('be.equal', `${baseUrl}/admin/listarprodutos`);\ncy.get('table tbody').contains('td', nome).should('be.visible');\ncy.get('table tbody').contains('td', preco).should('be.visible');\ncy.get('table tbody').contains('td', descricao).should('be.visible');\ncy.get('table tbody').contains('td', quantidade).should('be.visible');",
              "err": {},
              "uuid": "9f810292-b1ae-4bbd-ae68-2c6d24f3ba02",
              "parentUUID": "f76f1e17-7746-4f08-a3dc-fe00b38670ed",
              "isHook": false,
              "skipped": false
            }
          ],
          "suites": [],
          "passes": [
            "9f810292-b1ae-4bbd-ae68-2c6d24f3ba02"
          ],
          "failures": [],
          "pending": [],
          "skipped": [],
          "duration": 6811,
          "root": false,
          "rootEmpty": false,
          "_timeout": 2000
        },
        {
          "uuid": "667b7a99-dac7-4f8f-b9ac-0d5525e6b763",
          "title": "Erros",
          "fullFile": "",
          "file": "",
          "beforeHooks": [],
          "afterHooks": [],
          "tests": [
            {
              "title": "não deve cadastrar produtos com campos obrigatórios vazios",
              "fullTitle": "Erros não deve cadastrar produtos com campos obrigatórios vazios",
              "timedOut": null,
              "duration": 2776,
              "state": "passed",
              "speed": "fast",
              "pass": true,
              "fail": false,
              "pending": false,
              "context": null,
              "code": "cy.cadastrarProdutoCamposVazios();\ncy.contains('.jumbotron form', 'Nome é obrigatório').should('be.visible');\ncy.contains('.jumbotron form', 'Preco é obrigatório').should('be.visible');\ncy.contains('.jumbotron form', 'Descricao é obrigatório').should('be.visible');\ncy.contains('.jumbotron form', 'Quantidade é obrigatório').should('be.visible');\ncy.url().should('be.equal', `${baseUrl}/admin/cadastrarprodutos`);",
              "err": {},
              "uuid": "29b82178-7873-45f3-9bf2-56eeb9227a8d",
              "parentUUID": "667b7a99-dac7-4f8f-b9ac-0d5525e6b763",
              "isHook": false,
              "skipped": false
            },
            {
              "title": "não deve cadastrar produto com nome já existente",
              "fullTitle": "Erros não deve cadastrar produto com nome já existente",
              "timedOut": null,
              "duration": 4653,
              "state": "passed",
              "speed": "fast",
              "pass": true,
              "fail": false,
              "pending": false,
              "context": null,
              "code": "const nome = _faker.faker.commerce.productName();\nconst preco = _faker.faker.number.int();\nconst descricao = _faker.faker.commerce.productDescription();\nconst quantidade = _faker.faker.number.int();\nconst jwt = Cypress.env('jwt');\ncy.api_postProdutos(nome, preco, descricao, quantidade, jwt).then(response => {\n  expect(response.status).to.eq(201);\n});\ncy.cadastrarProduto(nome, preco, descricao, quantidade);",
              "err": {},
              "uuid": "fe379030-4a2c-4935-b2e0-d91bf61e7626",
              "parentUUID": "667b7a99-dac7-4f8f-b9ac-0d5525e6b763",
              "isHook": false,
              "skipped": false
            }
          ],
          "suites": [],
          "passes": [
            "29b82178-7873-45f3-9bf2-56eeb9227a8d",
            "fe379030-4a2c-4935-b2e0-d91bf61e7626"
          ],
          "failures": [],
          "pending": [],
          "skipped": [],
          "duration": 7429,
          "root": false,
          "rootEmpty": false,
          "_timeout": 2000
        }
      ],
      "passes": [],
      "failures": [],
      "pending": [],
      "skipped": [],
      "duration": 0,
      "root": true,
      "rootEmpty": true,
      "_timeout": 2000
    }
  ],
  "meta": {
    "mocha": {
      "version": "7.0.1"
    },
    "mochawesome": {
      "options": {
        "quiet": false,
        "reportFilename": "mochawesome",
        "saveHtml": true,
        "saveJson": true,
        "consoleReporter": "spec",
        "useInlineDiffs": false,
        "code": true
      },
      "version": "7.1.3"
    },
    "marge": {
      "options": {
        "reportDir": "cypress/reports",
        "overwrite": false,
        "html": true,
        "json": true
      },
      "version": "6.2.0"
    }
  }
}