{
  "stats": {
    "suites": 2,
    "tests": 2,
    "passes": 2,
    "pending": 0,
    "failures": 0,
    "start": "2025-01-31T14:58:26.221Z",
    "end": "2025-01-31T14:58:27.136Z",
    "duration": 915,
    "testsRegistered": 2,
    "passPercent": 100,
    "pendingPercent": 0,
    "other": 0,
    "hasOther": false,
    "skipped": 0,
    "hasSkipped": false
  },
  "results": [
    {
      "uuid": "aae0020e-3a34-4bb1-b942-c06aedc11638",
      "title": "",
      "fullFile": "cypress\\tests\\api\\usuarios\\deleteUsuarios.cy.js",
      "file": "cypress\\tests\\api\\usuarios\\deleteUsuarios.cy.js",
      "beforeHooks": [],
      "afterHooks": [],
      "tests": [],
      "suites": [
        {
          "uuid": "339e32eb-a437-40af-8320-84fb5b0d1549",
          "title": "DELETE Usuarios",
          "fullFile": "",
          "file": "",
          "beforeHooks": [],
          "afterHooks": [],
          "tests": [
            {
              "title": "deve excluir usuario com sucesso",
              "fullTitle": "DELETE Usuarios deve excluir usuario com sucesso",
              "timedOut": null,
              "duration": 453,
              "state": "passed",
              "speed": "fast",
              "pass": true,
              "fail": false,
              "pending": false,
              "context": null,
              "code": "cy.api_deleteUsuarios(_id).then(response => {\n  expect(response.status).to.eq(200);\n  expect(response.body.message).to.contain('Registro excluído com sucesso');\n});",
              "err": {},
              "uuid": "ad7bfe07-af1b-46e9-b0c2-9b1e79817744",
              "parentUUID": "339e32eb-a437-40af-8320-84fb5b0d1549",
              "isHook": false,
              "skipped": false
            }
          ],
          "suites": [],
          "passes": [
            "ad7bfe07-af1b-46e9-b0c2-9b1e79817744"
          ],
          "failures": [],
          "pending": [],
          "skipped": [],
          "duration": 453,
          "root": false,
          "rootEmpty": false,
          "_timeout": 2000
        },
        {
          "uuid": "37c91e41-8de5-4b93-9525-9d29cfccaf97",
          "title": "Erros",
          "fullFile": "",
          "file": "",
          "beforeHooks": [],
          "afterHooks": [],
          "tests": [
            {
              "title": "não deve excluir com id inexistente",
              "fullTitle": "Erros não deve excluir com id inexistente",
              "timedOut": null,
              "duration": 439,
              "state": "passed",
              "speed": "fast",
              "pass": true,
              "fail": false,
              "pending": false,
              "context": null,
              "code": "const idInexistente = _faker.faker.number.int();\ncy.api_deleteUsuarios(idInexistente).then(response => {\n  expect(response.status).to.eq(200);\n  expect(response.body.message).to.contain('Nenhum registro excluído');\n});",
              "err": {},
              "uuid": "75562b84-b5cc-40a4-b823-d1aafc1b7aef",
              "parentUUID": "37c91e41-8de5-4b93-9525-9d29cfccaf97",
              "isHook": false,
              "skipped": false
            }
          ],
          "suites": [],
          "passes": [
            "75562b84-b5cc-40a4-b823-d1aafc1b7aef"
          ],
          "failures": [],
          "pending": [],
          "skipped": [],
          "duration": 439,
          "root": false,
          "rootEmpty": false,
          "_timeout": 2000
        }
      ],
      "passes": [],
      "failures": [],
      "pending": [],
      "skipped": [],
      "duration": 0,
      "root": true,
      "rootEmpty": true,
      "_timeout": 2000
    }
  ],
  "meta": {
    "mocha": {
      "version": "7.0.1"
    },
    "mochawesome": {
      "options": {
        "quiet": false,
        "reportFilename": "mochawesome",
        "saveHtml": true,
        "saveJson": true,
        "consoleReporter": "spec",
        "useInlineDiffs": false,
        "code": true
      },
      "version": "7.1.3"
    },
    "marge": {
      "options": {
        "reportDir": "cypress/reports",
        "overwrite": false,
        "html": true,
        "json": true
      },
      "version": "6.2.0"
    }
  }
}