{
  "stats": {
    "suites": 2,
    "tests": 5,
    "passes": 5,
    "pending": 0,
    "failures": 0,
    "start": "2025-01-31T00:13:47.210Z",
    "end": "2025-01-31T00:14:13.931Z",
    "duration": 26721,
    "testsRegistered": 5,
    "passPercent": 100,
    "pendingPercent": 0,
    "other": 0,
    "hasOther": false,
    "skipped": 0,
    "hasSkipped": false
  },
  "results": [
    {
      "uuid": "a1508988-5118-4885-a22b-7180f88b0f7d",
      "title": "",
      "fullFile": "cypress\\tests\\api\\usuarios\\postUsuarios.cy.js",
      "file": "cypress\\tests\\api\\usuarios\\postUsuarios.cy.js",
      "beforeHooks": [],
      "afterHooks": [],
      "tests": [],
      "suites": [
        {
          "uuid": "918a6175-193f-4466-8986-32bc7334b28b",
          "title": "POST Usuarios",
          "fullFile": "",
          "file": "",
          "beforeHooks": [],
          "afterHooks": [],
          "tests": [
            {
              "title": "deve cadastrar usuario com sucesso",
              "fullTitle": "POST Usuarios deve cadastrar usuario com sucesso",
              "timedOut": null,
              "duration": 25524,
              "state": "passed",
              "speed": "slow",
              "pass": true,
              "fail": false,
              "pending": false,
              "context": null,
              "code": "const nome = _faker.faker.person.fullName();\nconst email = _faker.faker.internet.email();\nconst password = _faker.faker.internet.password();\nconst administrador = Math.random() < 0.5 ? 'true' : 'false';\ncy.api_postUsuarios(nome, email, password, administrador).then(response => {\n  expect(response.status).to.eq(201);\n  expect(response.body).to.be.not.null;\n  expect(response.body._id).is.not.null;\n});",
              "err": {},
              "uuid": "818c44cc-4ba8-49f7-b383-64d4b4582bb4",
              "parentUUID": "918a6175-193f-4466-8986-32bc7334b28b",
              "isHook": false,
              "skipped": false
            },
            {
              "title": "deve cadastrar usuario admin com sucesso",
              "fullTitle": "POST Usuarios deve cadastrar usuario admin com sucesso",
              "timedOut": null,
              "duration": 257,
              "state": "passed",
              "speed": "fast",
              "pass": true,
              "fail": false,
              "pending": false,
              "context": null,
              "code": "const nome = _faker.faker.person.fullName();\nconst email = _faker.faker.internet.email();\nconst password = _faker.faker.internet.password();\nconst administrador = 'true';\ncy.api_postUsuarios(nome, email, password, administrador).then(response => {\n  expect(response.status).to.eq(201);\n  expect(response.body).to.be.not.null;\n  expect(response.body._id).is.not.null;\n});",
              "err": {},
              "uuid": "0aa7f1c1-8bb5-4f37-8577-f5a91ad4e211",
              "parentUUID": "918a6175-193f-4466-8986-32bc7334b28b",
              "isHook": false,
              "skipped": false
            }
          ],
          "suites": [],
          "passes": [
            "818c44cc-4ba8-49f7-b383-64d4b4582bb4",
            "0aa7f1c1-8bb5-4f37-8577-f5a91ad4e211"
          ],
          "failures": [],
          "pending": [],
          "skipped": [],
          "duration": 25781,
          "root": false,
          "rootEmpty": false,
          "_timeout": 2000
        },
        {
          "uuid": "1a6cd868-838e-4980-93b2-329b6f3ba56b",
          "title": "Erros",
          "fullFile": "",
          "file": "",
          "beforeHooks": [],
          "afterHooks": [],
          "tests": [
            {
              "title": "não deve cadastrar com email já cadastrado",
              "fullTitle": "Erros não deve cadastrar com email já cadastrado",
              "timedOut": null,
              "duration": 456,
              "state": "passed",
              "speed": "fast",
              "pass": true,
              "fail": false,
              "pending": false,
              "context": null,
              "code": "const nome = _faker.faker.person.fullName();\nconst email = _faker.faker.internet.email();\nconst password = _faker.faker.internet.password();\nconst administrador = Math.random() < 0.5 ? 'true' : 'false';\ncy.api_postUsuarios(nome, email, password, administrador).then(response => {\n  expect(response.status).to.eq(201);\n  cy.api_postUsuarios(nome, email, password, administrador).then(response => {\n    expect(response.status).to.eq(400);\n    expect(response.body.message).to.contain('Este email já está sendo usado');\n  });\n});",
              "err": {},
              "uuid": "161f1b8e-5ea7-4802-971e-a2fddd774645",
              "parentUUID": "1a6cd868-838e-4980-93b2-329b6f3ba56b",
              "isHook": false,
              "skipped": false
            },
            {
              "title": "não deve cadastrar com email inválido",
              "fullTitle": "Erros não deve cadastrar com email inválido",
              "timedOut": null,
              "duration": 215,
              "state": "passed",
              "speed": "fast",
              "pass": true,
              "fail": false,
              "pending": false,
              "context": null,
              "code": "const nome = _faker.faker.person.fullName();\nconst email = 'teste@teste';\nconst password = _faker.faker.internet.password();\nconst administrador = Math.random() < 0.5 ? 'true' : 'false';\ncy.api_postUsuarios(nome, email, password, administrador).then(response => {\n  expect(response.status).to.eq(400);\n  expect(response.body).to.have.property('email', 'email deve ser um email válido');\n});",
              "err": {},
              "uuid": "7a7872d5-ddc4-4850-8a08-2de80c310959",
              "parentUUID": "1a6cd868-838e-4980-93b2-329b6f3ba56b",
              "isHook": false,
              "skipped": false
            },
            {
              "title": "não deve cadastrar com campos obrigatórios vazios",
              "fullTitle": "Erros não deve cadastrar com campos obrigatórios vazios",
              "timedOut": null,
              "duration": 220,
              "state": "passed",
              "speed": "fast",
              "pass": true,
              "fail": false,
              "pending": false,
              "context": null,
              "code": "const nome = '';\nconst email = '';\nconst password = '';\nconst administrador = '';\ncy.api_postUsuarios(nome, email, password, administrador).then(response => {\n  expect(response.status).to.eq(400);\n  expect(response.body).to.have.all.keys('nome', 'email', 'password', 'administrador');\n  expect(response.body).to.deep.include({\n    nome: 'nome não pode ficar em branco',\n    email: 'email não pode ficar em branco',\n    password: 'password não pode ficar em branco',\n    administrador: \"administrador deve ser 'true' ou 'false'\"\n  });\n});",
              "err": {},
              "uuid": "c0535fa0-4721-42bc-9f4a-8037ec309fdf",
              "parentUUID": "1a6cd868-838e-4980-93b2-329b6f3ba56b",
              "isHook": false,
              "skipped": false
            }
          ],
          "suites": [],
          "passes": [
            "161f1b8e-5ea7-4802-971e-a2fddd774645",
            "7a7872d5-ddc4-4850-8a08-2de80c310959",
            "c0535fa0-4721-42bc-9f4a-8037ec309fdf"
          ],
          "failures": [],
          "pending": [],
          "skipped": [],
          "duration": 891,
          "root": false,
          "rootEmpty": false,
          "_timeout": 2000
        }
      ],
      "passes": [],
      "failures": [],
      "pending": [],
      "skipped": [],
      "duration": 0,
      "root": true,
      "rootEmpty": true,
      "_timeout": 2000
    }
  ],
  "meta": {
    "mocha": {
      "version": "7.0.1"
    },
    "mochawesome": {
      "options": {
        "quiet": false,
        "reportFilename": "mochawesome",
        "saveHtml": true,
        "saveJson": true,
        "consoleReporter": "spec",
        "useInlineDiffs": false,
        "code": true
      },
      "version": "7.1.3"
    },
    "marge": {
      "options": {
        "reportDir": "cypress/reports",
        "overwrite": false,
        "html": true,
        "json": true
      },
      "version": "6.2.0"
    }
  }
}