{
  "stats": {
    "suites": 2,
    "tests": 3,
    "passes": 3,
    "pending": 0,
    "failures": 0,
    "start": "2025-01-29T20:45:11.831Z",
    "end": "2025-01-29T20:45:13.071Z",
    "duration": 1240,
    "testsRegistered": 3,
    "passPercent": 100,
    "pendingPercent": 0,
    "other": 0,
    "hasOther": false,
    "skipped": 0,
    "hasSkipped": false
  },
  "results": [
    {
      "uuid": "cd9b342a-a659-42c1-90fd-b5d49a39674d",
      "title": "",
      "fullFile": "cypress\\tests\\api\\login\\postLogin.cy.js",
      "file": "cypress\\tests\\api\\login\\postLogin.cy.js",
      "beforeHooks": [],
      "afterHooks": [],
      "tests": [],
      "suites": [
        {
          "uuid": "d4d194d7-980d-41ca-a1a1-1d867b271231",
          "title": "POST Login",
          "fullFile": "",
          "file": "",
          "beforeHooks": [],
          "afterHooks": [],
          "tests": [
            {
              "title": "deve realizar login com sucesso",
              "fullTitle": "POST Login deve realizar login com sucesso",
              "timedOut": null,
              "duration": 772,
              "state": "passed",
              "speed": "fast",
              "pass": true,
              "fail": false,
              "pending": false,
              "context": null,
              "code": "cy.api_postLogin(email, password).then(response => {\n  expect(response.status).to.eq(200);\n  expect(response.body.message).to.contain('Login realizado com sucesso');\n  expect(response.body.authorization).to.be.not.null;\n});",
              "err": {},
              "uuid": "9cc94c89-3a18-4a01-97d2-4f370ea48eab",
              "parentUUID": "d4d194d7-980d-41ca-a1a1-1d867b271231",
              "isHook": false,
              "skipped": false
            }
          ],
          "suites": [],
          "passes": [
            "9cc94c89-3a18-4a01-97d2-4f370ea48eab"
          ],
          "failures": [],
          "pending": [],
          "skipped": [],
          "duration": 772,
          "root": false,
          "rootEmpty": false,
          "_timeout": 2000
        },
        {
          "uuid": "cd043d5d-e10a-41ef-86ca-d4b6579c12c2",
          "title": "Erros",
          "fullFile": "",
          "file": "",
          "beforeHooks": [],
          "afterHooks": [],
          "tests": [
            {
              "title": "não deve realizar login com email inválido",
              "fullTitle": "Erros não deve realizar login com email inválido",
              "timedOut": null,
              "duration": 219,
              "state": "passed",
              "speed": "fast",
              "pass": true,
              "fail": false,
              "pending": false,
              "context": null,
              "code": "const email = 'teste@teste';\nconst password = _faker.faker.internet.password();\ncy.api_postLogin(email, password).then(response => {\n  expect(response.status).to.eq(400);\n  expect(response.body).to.have.property('email', 'email deve ser um email válido');\n});",
              "err": {},
              "uuid": "a727a6de-1983-4c62-b01c-190ca7656824",
              "parentUUID": "cd043d5d-e10a-41ef-86ca-d4b6579c12c2",
              "isHook": false,
              "skipped": false
            },
            {
              "title": "não deve realizar login com usuario inexistente",
              "fullTitle": "Erros não deve realizar login com usuario inexistente",
              "timedOut": null,
              "duration": 224,
              "state": "passed",
              "speed": "fast",
              "pass": true,
              "fail": false,
              "pending": false,
              "context": null,
              "code": "const email = _faker.faker.internet.email();\nconst password = _faker.faker.internet.password();\ncy.api_postLogin(email, password).then(response => {\n  expect(response.status).to.eq(401);\n  expect(response.body.message).to.contain('Email e/ou senha inválidos');\n});",
              "err": {},
              "uuid": "32ea3ac9-818c-4dc3-a692-6980c4b8e06d",
              "parentUUID": "cd043d5d-e10a-41ef-86ca-d4b6579c12c2",
              "isHook": false,
              "skipped": false
            }
          ],
          "suites": [],
          "passes": [
            "a727a6de-1983-4c62-b01c-190ca7656824",
            "32ea3ac9-818c-4dc3-a692-6980c4b8e06d"
          ],
          "failures": [],
          "pending": [],
          "skipped": [],
          "duration": 443,
          "root": false,
          "rootEmpty": false,
          "_timeout": 2000
        }
      ],
      "passes": [],
      "failures": [],
      "pending": [],
      "skipped": [],
      "duration": 0,
      "root": true,
      "rootEmpty": true,
      "_timeout": 2000
    }
  ],
  "meta": {
    "mocha": {
      "version": "7.0.1"
    },
    "mochawesome": {
      "options": {
        "quiet": false,
        "reportFilename": "mochawesome",
        "saveHtml": true,
        "saveJson": true,
        "consoleReporter": "spec",
        "useInlineDiffs": false,
        "code": true
      },
      "version": "7.1.3"
    },
    "marge": {
      "options": {
        "reportDir": "cypress/reports",
        "overwrite": false,
        "html": true,
        "json": true
      },
      "version": "6.2.0"
    }
  }
}