{
  "stats": {
    "suites": 2,
    "tests": 3,
    "passes": 3,
    "pending": 0,
    "failures": 0,
    "start": "2025-01-31T14:58:08.182Z",
    "end": "2025-01-31T14:58:09.590Z",
    "duration": 1408,
    "testsRegistered": 3,
    "passPercent": 100,
    "pendingPercent": 0,
    "other": 0,
    "hasOther": false,
    "skipped": 0,
    "hasSkipped": false
  },
  "results": [
    {
      "uuid": "342b3d59-4769-4b1c-94fa-4a129f3b1d44",
      "title": "",
      "fullFile": "cypress\\tests\\api\\produtos\\getBuscarProdutosId.cy.js",
      "file": "cypress\\tests\\api\\produtos\\getBuscarProdutosId.cy.js",
      "beforeHooks": [],
      "afterHooks": [],
      "tests": [],
      "suites": [
        {
          "uuid": "9f83d79e-03c3-4d7b-9b64-4ec4d0369fb9",
          "title": "GET Produtos por ID",
          "fullFile": "",
          "file": "",
          "beforeHooks": [],
          "afterHooks": [],
          "tests": [
            {
              "title": "deve buscar produto pelo id",
              "fullTitle": "GET Produtos por ID deve buscar produto pelo id",
              "timedOut": null,
              "duration": 936,
              "state": "passed",
              "speed": "fast",
              "pass": true,
              "fail": false,
              "pending": false,
              "context": null,
              "code": "cy.api_getBuscarProdutoId(_id).then(response => {\n  expect(response.status).to.eq(200);\n  expect(response.body).to.be.not.null;\n  expect(response.body).to.have.property('_id', _id);\n});",
              "err": {},
              "uuid": "5c33b1cd-d7cd-4b95-830b-2cc86a09e5a5",
              "parentUUID": "9f83d79e-03c3-4d7b-9b64-4ec4d0369fb9",
              "isHook": false,
              "skipped": false
            }
          ],
          "suites": [],
          "passes": [
            "5c33b1cd-d7cd-4b95-830b-2cc86a09e5a5"
          ],
          "failures": [],
          "pending": [],
          "skipped": [],
          "duration": 936,
          "root": false,
          "rootEmpty": false,
          "_timeout": 2000
        },
        {
          "uuid": "c64bfed2-4900-4d23-aa23-bd07cc5b4559",
          "title": "Erros",
          "fullFile": "",
          "file": "",
          "beforeHooks": [],
          "afterHooks": [],
          "tests": [
            {
              "title": "não deve buscar produto com id inexistente",
              "fullTitle": "Erros não deve buscar produto com id inexistente",
              "timedOut": null,
              "duration": 228,
              "state": "passed",
              "speed": "fast",
              "pass": true,
              "fail": false,
              "pending": false,
              "context": null,
              "code": "const id = '2m931byp8d8LbkWj';\ncy.api_getBuscarProdutoId(id).then(response => {\n  expect(response.status).to.eq(400);\n  expect(response.body).to.have.property('message', 'Produto não encontrado');\n});",
              "err": {},
              "uuid": "4e5b6ae6-0a8a-45bb-953c-c5703706eb6f",
              "parentUUID": "c64bfed2-4900-4d23-aa23-bd07cc5b4559",
              "isHook": false,
              "skipped": false
            },
            {
              "title": "não deve buscar produto com id nulo",
              "fullTitle": "Erros não deve buscar produto com id nulo",
              "timedOut": null,
              "duration": 219,
              "state": "passed",
              "speed": "fast",
              "pass": true,
              "fail": false,
              "pending": false,
              "context": null,
              "code": "const id = null;\ncy.api_getBuscarProdutoId(id).then(response => {\n  expect(response.status).to.eq(400);\n  expect(response.body).to.have.property('message', 'Produto não encontrado');\n});",
              "err": {},
              "uuid": "94b685dd-fe6d-42c3-9988-5b9eb7e7624d",
              "parentUUID": "c64bfed2-4900-4d23-aa23-bd07cc5b4559",
              "isHook": false,
              "skipped": false
            }
          ],
          "suites": [],
          "passes": [
            "4e5b6ae6-0a8a-45bb-953c-c5703706eb6f",
            "94b685dd-fe6d-42c3-9988-5b9eb7e7624d"
          ],
          "failures": [],
          "pending": [],
          "skipped": [],
          "duration": 447,
          "root": false,
          "rootEmpty": false,
          "_timeout": 2000
        }
      ],
      "passes": [],
      "failures": [],
      "pending": [],
      "skipped": [],
      "duration": 0,
      "root": true,
      "rootEmpty": true,
      "_timeout": 2000
    }
  ],
  "meta": {
    "mocha": {
      "version": "7.0.1"
    },
    "mochawesome": {
      "options": {
        "quiet": false,
        "reportFilename": "mochawesome",
        "saveHtml": true,
        "saveJson": true,
        "consoleReporter": "spec",
        "useInlineDiffs": false,
        "code": true
      },
      "version": "7.1.3"
    },
    "marge": {
      "options": {
        "reportDir": "cypress/reports",
        "overwrite": false,
        "html": true,
        "json": true
      },
      "version": "6.2.0"
    }
  }
}