{
  "stats": {
    "suites": 2,
    "tests": 3,
    "passes": 3,
    "pending": 0,
    "failures": 0,
    "start": "2025-01-31T14:59:19.432Z",
    "end": "2025-01-31T14:59:33.579Z",
    "duration": 14147,
    "testsRegistered": 3,
    "passPercent": 100,
    "pendingPercent": 0,
    "other": 0,
    "hasOther": false,
    "skipped": 0,
    "hasSkipped": false
  },
  "results": [
    {
      "uuid": "72b63205-c22f-45ec-90e8-bfddb9ace9ee",
      "title": "",
      "fullFile": "cypress\\tests\\e2e\\produtos\\cadastroProdutos.cy.js",
      "file": "cypress\\tests\\e2e\\produtos\\cadastroProdutos.cy.js",
      "beforeHooks": [],
      "afterHooks": [],
      "tests": [],
      "suites": [
        {
          "uuid": "4881099c-8532-4703-8fbf-c5e9479501e6",
          "title": "Cadastro de Usuários",
          "fullFile": "",
          "file": "",
          "beforeHooks": [],
          "afterHooks": [],
          "tests": [
            {
              "title": "deve cadastrar produto com sucesso",
              "fullTitle": "Cadastro de Usuários deve cadastrar produto com sucesso",
              "timedOut": null,
              "duration": 6618,
              "state": "passed",
              "speed": "medium",
              "pass": true,
              "fail": false,
              "pending": false,
              "context": null,
              "code": "const nome = _faker.faker.commerce.productName();\nconst preco = _faker.faker.number.int();\nconst descricao = _faker.faker.commerce.productDescription();\nconst quantidade = _faker.faker.number.int();\ncy.cadastrarProduto(nome, preco, descricao, quantidade);\ncy.url().should('be.equal', `${baseUrl}/admin/listarprodutos`);\ncy.get('table tbody').contains('td', nome).should('be.visible');\ncy.get('table tbody').contains('td', preco).should('be.visible');\ncy.get('table tbody').contains('td', descricao).should('be.visible');\ncy.get('table tbody').contains('td', quantidade).should('be.visible');",
              "err": {},
              "uuid": "3ed9ce91-e192-41d8-a3b1-5499c7f7db68",
              "parentUUID": "4881099c-8532-4703-8fbf-c5e9479501e6",
              "isHook": false,
              "skipped": false
            }
          ],
          "suites": [],
          "passes": [
            "3ed9ce91-e192-41d8-a3b1-5499c7f7db68"
          ],
          "failures": [],
          "pending": [],
          "skipped": [],
          "duration": 6618,
          "root": false,
          "rootEmpty": false,
          "_timeout": 2000
        },
        {
          "uuid": "85ffb09d-6bf4-4547-9c93-51063287f180",
          "title": "Erros",
          "fullFile": "",
          "file": "",
          "beforeHooks": [],
          "afterHooks": [],
          "tests": [
            {
              "title": "não deve cadastrar produtos com campos obrigatórios vazios",
              "fullTitle": "Erros não deve cadastrar produtos com campos obrigatórios vazios",
              "timedOut": null,
              "duration": 2778,
              "state": "passed",
              "speed": "fast",
              "pass": true,
              "fail": false,
              "pending": false,
              "context": null,
              "code": "cy.cadastrarProdutoCamposVazios();\ncy.contains('.jumbotron form', 'Nome é obrigatório').should('be.visible');\ncy.contains('.jumbotron form', 'Preco é obrigatório').should('be.visible');\ncy.contains('.jumbotron form', 'Descricao é obrigatório').should('be.visible');\ncy.contains('.jumbotron form', 'Quantidade é obrigatório').should('be.visible');\ncy.url().should('be.equal', `${baseUrl}/admin/cadastrarprodutos`);",
              "err": {},
              "uuid": "79e6badb-4256-4209-a0a5-56f14c06622c",
              "parentUUID": "85ffb09d-6bf4-4547-9c93-51063287f180",
              "isHook": false,
              "skipped": false
            },
            {
              "title": "não deve cadastrar produto com nome já existente",
              "fullTitle": "Erros não deve cadastrar produto com nome já existente",
              "timedOut": null,
              "duration": 4665,
              "state": "passed",
              "speed": "fast",
              "pass": true,
              "fail": false,
              "pending": false,
              "context": null,
              "code": "const nome = _faker.faker.commerce.productName();\nconst preco = _faker.faker.number.int();\nconst descricao = _faker.faker.commerce.productDescription();\nconst quantidade = _faker.faker.number.int();\nconst jwt = Cypress.env('jwt');\ncy.api_postProdutos(nome, preco, descricao, quantidade, jwt).then(response => {\n  expect(response.status).to.eq(201);\n});\ncy.cadastrarProduto(nome, preco, descricao, quantidade);",
              "err": {},
              "uuid": "c4ea169a-d124-4928-be72-cc759559949e",
              "parentUUID": "85ffb09d-6bf4-4547-9c93-51063287f180",
              "isHook": false,
              "skipped": false
            }
          ],
          "suites": [],
          "passes": [
            "79e6badb-4256-4209-a0a5-56f14c06622c",
            "c4ea169a-d124-4928-be72-cc759559949e"
          ],
          "failures": [],
          "pending": [],
          "skipped": [],
          "duration": 7443,
          "root": false,
          "rootEmpty": false,
          "_timeout": 2000
        }
      ],
      "passes": [],
      "failures": [],
      "pending": [],
      "skipped": [],
      "duration": 0,
      "root": true,
      "rootEmpty": true,
      "_timeout": 2000
    }
  ],
  "meta": {
    "mocha": {
      "version": "7.0.1"
    },
    "mochawesome": {
      "options": {
        "quiet": false,
        "reportFilename": "mochawesome",
        "saveHtml": true,
        "saveJson": true,
        "consoleReporter": "spec",
        "useInlineDiffs": false,
        "code": true
      },
      "version": "7.1.3"
    },
    "marge": {
      "options": {
        "reportDir": "cypress/reports",
        "overwrite": false,
        "html": true,
        "json": true
      },
      "version": "6.2.0"
    }
  }
}