{
  "stats": {
    "suites": 2,
    "tests": 5,
    "passes": 5,
    "pending": 0,
    "failures": 0,
    "start": "2025-01-31T14:59:57.011Z",
    "end": "2025-01-31T15:00:18.600Z",
    "duration": 21589,
    "testsRegistered": 5,
    "passPercent": 100,
    "pendingPercent": 0,
    "other": 0,
    "hasOther": false,
    "skipped": 0,
    "hasSkipped": false
  },
  "results": [
    {
      "uuid": "be8733c2-c647-4e5c-9d4e-015123bc5a5f",
      "title": "",
      "fullFile": "cypress\\tests\\e2e\\usuarios\\cadastroUsuarioAdmin.cy.js",
      "file": "cypress\\tests\\e2e\\usuarios\\cadastroUsuarioAdmin.cy.js",
      "beforeHooks": [],
      "afterHooks": [],
      "tests": [],
      "suites": [
        {
          "uuid": "559d62a3-b967-4c7e-bc7f-24bc4246698d",
          "title": "Cadastro de Usuários",
          "fullFile": "",
          "file": "",
          "beforeHooks": [],
          "afterHooks": [],
          "tests": [
            {
              "title": "deve cadastrar usuário com sucesso pelo menu Cadastrar Usuários",
              "fullTitle": "Cadastro de Usuários deve cadastrar usuário com sucesso pelo menu Cadastrar Usuários",
              "timedOut": null,
              "duration": 5943,
              "state": "passed",
              "speed": "medium",
              "pass": true,
              "fail": false,
              "pending": false,
              "context": null,
              "code": "const nome = _faker.faker.person.fullName();\nconst email = _faker.faker.internet.email();\nconst password = _faker.faker.internet.password();\ncy.cadastrarUsuarioMenuCadastro(nome, email, password);\ncy.url().should('be.equal', `${baseUrl}/admin/listarusuarios`);\ncy.get('table tbody').contains('td', nome).should('be.visible');\ncy.get('table tbody').contains('td', email).should('be.visible');\ncy.get('table tbody').contains('td', password).should('be.visible');",
              "err": {},
              "uuid": "41b5d92a-b113-4ac0-84cd-25acd114f468",
              "parentUUID": "559d62a3-b967-4c7e-bc7f-24bc4246698d",
              "isHook": false,
              "skipped": false
            },
            {
              "title": "deve cadastrar usuário administrador com sucesso pelo menu Cadastrar Usuários",
              "fullTitle": "Cadastro de Usuários deve cadastrar usuário administrador com sucesso pelo menu Cadastrar Usuários",
              "timedOut": null,
              "duration": 4741,
              "state": "passed",
              "speed": "fast",
              "pass": true,
              "fail": false,
              "pending": false,
              "context": null,
              "code": "const nome = _faker.faker.person.fullName();\nconst email = _faker.faker.internet.email();\nconst password = _faker.faker.internet.password();\ncy.cadastrarUsuarioAdminMenuCadastro(nome, email, password);\ncy.url().should('be.equal', `${baseUrl}/admin/listarusuarios`);\ncy.get('table tbody').contains('td', nome).should('be.visible');\ncy.get('table tbody').contains('td', email).should('be.visible');\ncy.get('table tbody').contains('td', password).should('be.visible');",
              "err": {},
              "uuid": "b2de7d13-eb2e-455c-9cdd-e14b39b14d2a",
              "parentUUID": "559d62a3-b967-4c7e-bc7f-24bc4246698d",
              "isHook": false,
              "skipped": false
            }
          ],
          "suites": [],
          "passes": [
            "41b5d92a-b113-4ac0-84cd-25acd114f468",
            "b2de7d13-eb2e-455c-9cdd-e14b39b14d2a"
          ],
          "failures": [],
          "pending": [],
          "skipped": [],
          "duration": 10684,
          "root": false,
          "rootEmpty": false,
          "_timeout": 2000
        },
        {
          "uuid": "fa7831ca-b5fc-405e-a629-c870b058f84d",
          "title": "Erros",
          "fullFile": "",
          "file": "",
          "beforeHooks": [],
          "afterHooks": [],
          "tests": [
            {
              "title": "não deve cadastrar usuário com e-mail inválido",
              "fullTitle": "Erros não deve cadastrar usuário com e-mail inválido",
              "timedOut": null,
              "duration": 3695,
              "state": "passed",
              "speed": "fast",
              "pass": true,
              "fail": false,
              "pending": false,
              "context": null,
              "code": "const nome = _faker.faker.person.fullName();\nconst email = 'teste@teste';\nconst password = _faker.faker.internet.password();\ncy.cadastrarUsuarioMenuCadastro(nome, email, password);\ncy.contains('.alert', 'Email deve ser um email válido').should('be.visible');\ncy.url().should('be.equal', `${baseUrl}/admin/cadastrarusuarios`);",
              "err": {},
              "uuid": "f3022fd6-31c2-4917-9e18-288a24001468",
              "parentUUID": "fa7831ca-b5fc-405e-a629-c870b058f84d",
              "isHook": false,
              "skipped": false
            },
            {
              "title": "não deve cadastrar usuário com email já cadastrado",
              "fullTitle": "Erros não deve cadastrar usuário com email já cadastrado",
              "timedOut": null,
              "duration": 3416,
              "state": "passed",
              "speed": "fast",
              "pass": true,
              "fail": false,
              "pending": false,
              "context": null,
              "code": "const nome = _faker.faker.person.fullName();\nconst email = _faker.faker.internet.email();\nconst password = _faker.faker.internet.password();\nconst administrador = 'true';\ncy.api_postUsuarios(nome, email, password, administrador).then(response => {\n  expect(response.status).to.eq(201);\n});\ncy.cadastrarUsuarioMenuCadastro(nome, email, password);\ncy.contains('.alert', 'Este email já está sendo usado').should('be.visible');\ncy.url().should('be.equal', `${baseUrl}/admin/cadastrarusuarios`);",
              "err": {},
              "uuid": "cb32ea29-ac85-4661-8612-1cba987dbbbd",
              "parentUUID": "fa7831ca-b5fc-405e-a629-c870b058f84d",
              "isHook": false,
              "skipped": false
            },
            {
              "title": "não deve cadastrar com campos obrigatórios vazios",
              "fullTitle": "Erros não deve cadastrar com campos obrigatórios vazios",
              "timedOut": null,
              "duration": 3588,
              "state": "passed",
              "speed": "fast",
              "pass": true,
              "fail": false,
              "pending": false,
              "context": null,
              "code": "cy.cadastrarUsuarioMenuCadastroComCamposVazios();\ncy.contains('.jumbotron form', 'Nome é obrigatório').should('be.visible');\ncy.contains('.jumbotron form', 'Email é obrigatório').should('be.visible');\ncy.contains('.jumbotron form', 'Password é obrigatório').should('be.visible');\ncy.url().should('be.equal', `${baseUrl}/admin/cadastrarusuarios`);",
              "err": {},
              "uuid": "4a6b1920-fc9a-4ce7-a7cd-943e8af893e6",
              "parentUUID": "fa7831ca-b5fc-405e-a629-c870b058f84d",
              "isHook": false,
              "skipped": false
            }
          ],
          "suites": [],
          "passes": [
            "f3022fd6-31c2-4917-9e18-288a24001468",
            "cb32ea29-ac85-4661-8612-1cba987dbbbd",
            "4a6b1920-fc9a-4ce7-a7cd-943e8af893e6"
          ],
          "failures": [],
          "pending": [],
          "skipped": [],
          "duration": 10699,
          "root": false,
          "rootEmpty": false,
          "_timeout": 2000
        }
      ],
      "passes": [],
      "failures": [],
      "pending": [],
      "skipped": [],
      "duration": 0,
      "root": true,
      "rootEmpty": true,
      "_timeout": 2000
    }
  ],
  "meta": {
    "mocha": {
      "version": "7.0.1"
    },
    "mochawesome": {
      "options": {
        "quiet": false,
        "reportFilename": "mochawesome",
        "saveHtml": true,
        "saveJson": true,
        "consoleReporter": "spec",
        "useInlineDiffs": false,
        "code": true
      },
      "version": "7.1.3"
    },
    "marge": {
      "options": {
        "reportDir": "cypress/reports",
        "overwrite": false,
        "html": true,
        "json": true
      },
      "version": "6.2.0"
    }
  }
}