{
  "stats": {
    "suites": 2,
    "tests": 3,
    "passes": 3,
    "pending": 0,
    "failures": 0,
    "start": "2025-01-31T14:58:29.184Z",
    "end": "2025-01-31T14:58:30.118Z",
    "duration": 934,
    "testsRegistered": 3,
    "passPercent": 100,
    "pendingPercent": 0,
    "other": 0,
    "hasOther": false,
    "skipped": 0,
    "hasSkipped": false
  },
  "results": [
    {
      "uuid": "0fbcc7ed-ef8f-4209-8646-421bbe392952",
      "title": "",
      "fullFile": "cypress\\tests\\api\\usuarios\\getBuscarUsuariosId.cy.js",
      "file": "cypress\\tests\\api\\usuarios\\getBuscarUsuariosId.cy.js",
      "beforeHooks": [],
      "afterHooks": [],
      "tests": [],
      "suites": [
        {
          "uuid": "3ff81a7c-21d5-4371-8472-fddb9d1a6e2f",
          "title": "GET Usuarios por ID",
          "fullFile": "",
          "file": "",
          "beforeHooks": [],
          "afterHooks": [],
          "tests": [
            {
              "title": "deve buscar usuário pelo ID",
              "fullTitle": "GET Usuarios por ID deve buscar usuário pelo ID",
              "timedOut": null,
              "duration": 459,
              "state": "passed",
              "speed": "fast",
              "pass": true,
              "fail": false,
              "pending": false,
              "context": null,
              "code": "cy.api_getBuscarUsuarioId(_id).then(response => {\n  expect(response.status).to.eq(200);\n  expect(response.body).to.be.not.null;\n  expect(response.body).to.have.property('_id', _id);\n});",
              "err": {},
              "uuid": "9183f619-4a91-4f25-9023-5087b8686eb8",
              "parentUUID": "3ff81a7c-21d5-4371-8472-fddb9d1a6e2f",
              "isHook": false,
              "skipped": false
            }
          ],
          "suites": [],
          "passes": [
            "9183f619-4a91-4f25-9023-5087b8686eb8"
          ],
          "failures": [],
          "pending": [],
          "skipped": [],
          "duration": 459,
          "root": false,
          "rootEmpty": false,
          "_timeout": 2000
        },
        {
          "uuid": "2602be8b-6efe-464a-aa68-56d16a685108",
          "title": "Erros",
          "fullFile": "",
          "file": "",
          "beforeHooks": [],
          "afterHooks": [],
          "tests": [
            {
              "title": "não deve buscar usuário com id inexistente",
              "fullTitle": "Erros não deve buscar usuário com id inexistente",
              "timedOut": null,
              "duration": 225,
              "state": "passed",
              "speed": "fast",
              "pass": true,
              "fail": false,
              "pending": false,
              "context": null,
              "code": "const id = '0uxuPY2cbmQhpEz1';\ncy.api_getBuscarUsuarioId(id).then(response => {\n  expect(response.status).to.eq(400);\n  expect(response.body).to.have.property('message', 'Usuário não encontrado');\n});",
              "err": {},
              "uuid": "41eb2478-902c-4306-a89f-0dfe585c49b5",
              "parentUUID": "2602be8b-6efe-464a-aa68-56d16a685108",
              "isHook": false,
              "skipped": false
            },
            {
              "title": "não deve buscar usuário com id nulo",
              "fullTitle": "Erros não deve buscar usuário com id nulo",
              "timedOut": null,
              "duration": 219,
              "state": "passed",
              "speed": "fast",
              "pass": true,
              "fail": false,
              "pending": false,
              "context": null,
              "code": "const id = null;\ncy.api_getBuscarUsuarioId(id).then(response => {\n  expect(response.status).to.eq(400);\n  expect(response.body).to.have.property('message', 'Usuário não encontrado');\n});",
              "err": {},
              "uuid": "92476255-f34b-4f49-8fe8-4011e2965f95",
              "parentUUID": "2602be8b-6efe-464a-aa68-56d16a685108",
              "isHook": false,
              "skipped": false
            }
          ],
          "suites": [],
          "passes": [
            "41eb2478-902c-4306-a89f-0dfe585c49b5",
            "92476255-f34b-4f49-8fe8-4011e2965f95"
          ],
          "failures": [],
          "pending": [],
          "skipped": [],
          "duration": 444,
          "root": false,
          "rootEmpty": false,
          "_timeout": 2000
        }
      ],
      "passes": [],
      "failures": [],
      "pending": [],
      "skipped": [],
      "duration": 0,
      "root": true,
      "rootEmpty": true,
      "_timeout": 2000
    }
  ],
  "meta": {
    "mocha": {
      "version": "7.0.1"
    },
    "mochawesome": {
      "options": {
        "quiet": false,
        "reportFilename": "mochawesome",
        "saveHtml": true,
        "saveJson": true,
        "consoleReporter": "spec",
        "useInlineDiffs": false,
        "code": true
      },
      "version": "7.1.3"
    },
    "marge": {
      "options": {
        "reportDir": "cypress/reports",
        "overwrite": false,
        "html": true,
        "json": true
      },
      "version": "6.2.0"
    }
  }
}