{
  "stats": {
    "suites": 2,
    "tests": 3,
    "passes": 3,
    "pending": 0,
    "failures": 0,
    "start": "2025-01-29T13:56:27.548Z",
    "end": "2025-01-29T13:56:30.162Z",
    "duration": 2614,
    "testsRegistered": 3,
    "passPercent": 100,
    "pendingPercent": 0,
    "other": 0,
    "hasOther": false,
    "skipped": 0,
    "hasSkipped": false
  },
  "results": [
    {
      "uuid": "a0dd3ce0-0890-482a-886c-6016a0f139e9",
      "title": "",
      "fullFile": "cypress\\tests\\api\\produtos\\deleteProdutos.cy.js",
      "file": "cypress\\tests\\api\\produtos\\deleteProdutos.cy.js",
      "beforeHooks": [],
      "afterHooks": [],
      "tests": [],
      "suites": [
        {
          "uuid": "8fb44135-d42e-45d3-a0b6-f84d023a306f",
          "title": "DELETE Produtos",
          "fullFile": "",
          "file": "",
          "beforeHooks": [],
          "afterHooks": [],
          "tests": [
            {
              "title": "deve excluir produto com sucesso",
              "fullTitle": "DELETE Produtos deve excluir produto com sucesso",
              "timedOut": null,
              "duration": 872,
              "state": "passed",
              "speed": "fast",
              "pass": true,
              "fail": false,
              "pending": false,
              "context": null,
              "code": "cy.api_deleteProdutos(_id, jwt).then(response => {\n  expect(response.status).to.eq(200);\n  expect(response.body.message).to.contain('Registro excluído com sucesso');\n});",
              "err": {},
              "uuid": "d95391b9-ca1d-47d8-80f2-e2d0f01e4f15",
              "parentUUID": "8fb44135-d42e-45d3-a0b6-f84d023a306f",
              "isHook": false,
              "skipped": false
            }
          ],
          "suites": [],
          "passes": [
            "d95391b9-ca1d-47d8-80f2-e2d0f01e4f15"
          ],
          "failures": [],
          "pending": [],
          "skipped": [],
          "duration": 872,
          "root": false,
          "rootEmpty": false,
          "_timeout": 2000
        },
        {
          "uuid": "68be15cf-8d1f-42ca-ae8d-d8f82ad6ef51",
          "title": "Erros",
          "fullFile": "",
          "file": "",
          "beforeHooks": [],
          "afterHooks": [],
          "tests": [
            {
              "title": "não deve excluir com id inexistente",
              "fullTitle": "Erros não deve excluir com id inexistente",
              "timedOut": null,
              "duration": 860,
              "state": "passed",
              "speed": "fast",
              "pass": true,
              "fail": false,
              "pending": false,
              "context": null,
              "code": "const idInexistente = _faker.faker.number.int();\ncy.api_deleteProdutos(idInexistente, jwt).then(response => {\n  expect(response.status).to.eq(200);\n  expect(response.body.message).to.contain('Nenhum registro excluído');\n});",
              "err": {},
              "uuid": "ddafe808-2eda-4ada-9d0d-0f3c62e08dd8",
              "parentUUID": "68be15cf-8d1f-42ca-ae8d-d8f82ad6ef51",
              "isHook": false,
              "skipped": false
            },
            {
              "title": "não deve excluir com token expirando",
              "fullTitle": "Erros não deve excluir com token expirando",
              "timedOut": null,
              "duration": 856,
              "state": "passed",
              "speed": "fast",
              "pass": true,
              "fail": false,
              "pending": false,
              "context": null,
              "code": "const jwtExpirado = 'Bearer eyJhbGciOiJIUzI1NiIsInR5cCI6IkpXVCJ9.eyJlbWFpbCI6InRldHp6enpAdGVzdC5jb20iLCJwYXNzd29yZCI6IjEyMzQiLCJpYXQiOjE3MzgxMDI5MzgsImV4cCI6MTczODEwMzUzOH0.HgbWbMft9z8mBGQS-VuWwShYeSccsOb61H0A8X_Rk6U';\ncy.api_deleteProdutos(_id, jwtExpirado).then(response => {\n  expect(response.status).to.eq(401);\n  expect(response.body.message).to.contain('Token de acesso ausente, inválido, expirado ou usuário do token não existe mais');\n});",
              "err": {},
              "uuid": "85abead5-dd2f-407d-91b7-8033df3f7486",
              "parentUUID": "68be15cf-8d1f-42ca-ae8d-d8f82ad6ef51",
              "isHook": false,
              "skipped": false
            }
          ],
          "suites": [],
          "passes": [
            "ddafe808-2eda-4ada-9d0d-0f3c62e08dd8",
            "85abead5-dd2f-407d-91b7-8033df3f7486"
          ],
          "failures": [],
          "pending": [],
          "skipped": [],
          "duration": 1716,
          "root": false,
          "rootEmpty": false,
          "_timeout": 2000
        }
      ],
      "passes": [],
      "failures": [],
      "pending": [],
      "skipped": [],
      "duration": 0,
      "root": true,
      "rootEmpty": true,
      "_timeout": 2000
    }
  ],
  "meta": {
    "mocha": {
      "version": "7.0.1"
    },
    "mochawesome": {
      "options": {
        "quiet": false,
        "reportFilename": "mochawesome",
        "saveHtml": true,
        "saveJson": true,
        "consoleReporter": "spec",
        "useInlineDiffs": false,
        "code": true
      },
      "version": "7.1.3"
    },
    "marge": {
      "options": {
        "reportDir": "cypress/reports",
        "overwrite": false,
        "html": true,
        "json": true
      },
      "version": "6.2.0"
    }
  }
}