{
  "stats": {
    "suites": 2,
    "tests": 3,
    "passes": 3,
    "pending": 0,
    "failures": 0,
    "start": "2025-01-31T14:58:00.002Z",
    "end": "2025-01-31T14:58:01.246Z",
    "duration": 1244,
    "testsRegistered": 3,
    "passPercent": 100,
    "pendingPercent": 0,
    "other": 0,
    "hasOther": false,
    "skipped": 0,
    "hasSkipped": false
  },
  "results": [
    {
      "uuid": "04120d8b-c746-4032-856f-03b3b5634f47",
      "title": "",
      "fullFile": "cypress\\tests\\api\\login\\postLogin.cy.js",
      "file": "cypress\\tests\\api\\login\\postLogin.cy.js",
      "beforeHooks": [],
      "afterHooks": [],
      "tests": [],
      "suites": [
        {
          "uuid": "22a59318-eaa7-4b0b-ab4a-3024d9d2c972",
          "title": "POST Login",
          "fullFile": "",
          "file": "",
          "beforeHooks": [],
          "afterHooks": [],
          "tests": [
            {
              "title": "deve realizar login com sucesso",
              "fullTitle": "POST Login deve realizar login com sucesso",
              "timedOut": null,
              "duration": 771,
              "state": "passed",
              "speed": "fast",
              "pass": true,
              "fail": false,
              "pending": false,
              "context": null,
              "code": "cy.api_postLogin(email, password).then(response => {\n  expect(response.status).to.eq(200);\n  expect(response.body.message).to.contain('Login realizado com sucesso');\n  expect(response.body.authorization).to.be.not.null;\n});",
              "err": {},
              "uuid": "5e5ed280-5109-4a74-a9a1-cf4dac66bb0d",
              "parentUUID": "22a59318-eaa7-4b0b-ab4a-3024d9d2c972",
              "isHook": false,
              "skipped": false
            }
          ],
          "suites": [],
          "passes": [
            "5e5ed280-5109-4a74-a9a1-cf4dac66bb0d"
          ],
          "failures": [],
          "pending": [],
          "skipped": [],
          "duration": 771,
          "root": false,
          "rootEmpty": false,
          "_timeout": 2000
        },
        {
          "uuid": "090731ab-bc44-4c40-b11b-74099139fe39",
          "title": "Erros",
          "fullFile": "",
          "file": "",
          "beforeHooks": [],
          "afterHooks": [],
          "tests": [
            {
              "title": "não deve realizar login com email inválido",
              "fullTitle": "Erros não deve realizar login com email inválido",
              "timedOut": null,
              "duration": 224,
              "state": "passed",
              "speed": "fast",
              "pass": true,
              "fail": false,
              "pending": false,
              "context": null,
              "code": "const email = 'teste@teste';\nconst password = _faker.faker.internet.password();\ncy.api_postLogin(email, password).then(response => {\n  expect(response.status).to.eq(400);\n  expect(response.body).to.have.property('email', 'email deve ser um email válido');\n});",
              "err": {},
              "uuid": "6a7a06ce-48a4-4199-9027-73ded3b3362b",
              "parentUUID": "090731ab-bc44-4c40-b11b-74099139fe39",
              "isHook": false,
              "skipped": false
            },
            {
              "title": "não deve realizar login com usuario inexistente",
              "fullTitle": "Erros não deve realizar login com usuario inexistente",
              "timedOut": null,
              "duration": 223,
              "state": "passed",
              "speed": "fast",
              "pass": true,
              "fail": false,
              "pending": false,
              "context": null,
              "code": "const email = _faker.faker.internet.email();\nconst password = _faker.faker.internet.password();\ncy.api_postLogin(email, password).then(response => {\n  expect(response.status).to.eq(401);\n  expect(response.body.message).to.contain('Email e/ou senha inválidos');\n});",
              "err": {},
              "uuid": "59acc909-23e7-49df-8892-70d4cc4bbe7d",
              "parentUUID": "090731ab-bc44-4c40-b11b-74099139fe39",
              "isHook": false,
              "skipped": false
            }
          ],
          "suites": [],
          "passes": [
            "6a7a06ce-48a4-4199-9027-73ded3b3362b",
            "59acc909-23e7-49df-8892-70d4cc4bbe7d"
          ],
          "failures": [],
          "pending": [],
          "skipped": [],
          "duration": 447,
          "root": false,
          "rootEmpty": false,
          "_timeout": 2000
        }
      ],
      "passes": [],
      "failures": [],
      "pending": [],
      "skipped": [],
      "duration": 0,
      "root": true,
      "rootEmpty": true,
      "_timeout": 2000
    }
  ],
  "meta": {
    "mocha": {
      "version": "7.0.1"
    },
    "mochawesome": {
      "options": {
        "quiet": false,
        "reportFilename": "mochawesome",
        "saveHtml": true,
        "saveJson": true,
        "consoleReporter": "spec",
        "useInlineDiffs": false,
        "code": true
      },
      "version": "7.1.3"
    },
    "marge": {
      "options": {
        "reportDir": "cypress/reports",
        "overwrite": false,
        "html": true,
        "json": true
      },
      "version": "6.2.0"
    }
  }
}