{
  "stats": {
    "suites": 2,
    "tests": 4,
    "passes": 4,
    "pending": 0,
    "failures": 0,
    "start": "2025-01-31T00:13:26.720Z",
    "end": "2025-01-31T00:13:29.724Z",
    "duration": 3004,
    "testsRegistered": 4,
    "passPercent": 100,
    "pendingPercent": 0,
    "other": 0,
    "hasOther": false,
    "skipped": 0,
    "hasSkipped": false
  },
  "results": [
    {
      "uuid": "a4c15af2-e56f-4611-a99d-816fe8e50565",
      "title": "",
      "fullFile": "cypress\\tests\\api\\produtos\\postProdutos.cy.js",
      "file": "cypress\\tests\\api\\produtos\\postProdutos.cy.js",
      "beforeHooks": [],
      "afterHooks": [],
      "tests": [],
      "suites": [
        {
          "uuid": "5cdc7741-5b07-4652-8871-8f909f52a2da",
          "title": "POST Produtos",
          "fullFile": "",
          "file": "",
          "beforeHooks": [],
          "afterHooks": [],
          "tests": [
            {
              "title": "deve cadastrar produto com sucesso",
              "fullTitle": "POST Produtos deve cadastrar produto com sucesso",
              "timedOut": null,
              "duration": 708,
              "state": "passed",
              "speed": "fast",
              "pass": true,
              "fail": false,
              "pending": false,
              "context": null,
              "code": "const nome = _faker.faker.commerce.productName();\nconst preco = _faker.faker.number.int();\nconst descricao = _faker.faker.commerce.productDescription();\nconst quantidade = _faker.faker.number.int();\ncy.api_postProdutos(nome, preco, descricao, quantidade, jwt).then(response => {\n  expect(response.status).to.eq(201);\n  expect(response.body.message).to.contain('Cadastro realizado com sucesso');\n  expect(response.body).to.be.not.null;\n  expect(response.body._id).is.not.null;\n});",
              "err": {},
              "uuid": "13cc7792-aee9-43bd-9a2d-033e070f62db",
              "parentUUID": "5cdc7741-5b07-4652-8871-8f909f52a2da",
              "isHook": false,
              "skipped": false
            }
          ],
          "suites": [],
          "passes": [
            "13cc7792-aee9-43bd-9a2d-033e070f62db"
          ],
          "failures": [],
          "pending": [],
          "skipped": [],
          "duration": 708,
          "root": false,
          "rootEmpty": false,
          "_timeout": 2000
        },
        {
          "uuid": "b5ac2ab5-d537-4966-bd79-4d7fe7fccf1a",
          "title": "Erros",
          "fullFile": "",
          "file": "",
          "beforeHooks": [],
          "afterHooks": [],
          "tests": [
            {
              "title": "não deve cadastrar com nome já cadastrado",
              "fullTitle": "Erros não deve cadastrar com nome já cadastrado",
              "timedOut": null,
              "duration": 938,
              "state": "passed",
              "speed": "fast",
              "pass": true,
              "fail": false,
              "pending": false,
              "context": null,
              "code": "const nome = _faker.faker.commerce.productName();\nconst preco = _faker.faker.number.int();\nconst descricao = _faker.faker.commerce.productDescription();\nconst quantidade = _faker.faker.number.int();\ncy.api_postProdutos(nome, preco, descricao, quantidade, jwt).then(response => {\n  expect(response.status).to.eq(201);\n  cy.api_postProdutos(nome, preco, descricao, quantidade, jwt).then(response => {\n    expect(response.status).to.eq(400);\n    expect(response.body.message).to.contain('Já existe produto com esse nome');\n  });\n});",
              "err": {},
              "uuid": "1189c36f-8d78-4cec-b304-6761789671e1",
              "parentUUID": "b5ac2ab5-d537-4966-bd79-4d7fe7fccf1a",
              "isHook": false,
              "skipped": false
            },
            {
              "title": "não deve cadastrar com campos obrigatórios vazios",
              "fullTitle": "Erros não deve cadastrar com campos obrigatórios vazios",
              "timedOut": null,
              "duration": 664,
              "state": "passed",
              "speed": "fast",
              "pass": true,
              "fail": false,
              "pending": false,
              "context": null,
              "code": "const nome = '';\nconst preco = '';\nconst descricao = '';\nconst quantidade = '';\ncy.api_postProdutos(nome, preco, descricao, quantidade, jwt).then(response => {\n  expect(response.status).to.eq(400);\n  expect(response.body).to.have.all.keys('nome', 'preco', 'descricao', 'quantidade');\n  expect(response.body).to.deep.include({\n    nome: 'nome não pode ficar em branco',\n    preco: 'preco deve ser um número',\n    descricao: 'descricao não pode ficar em branco',\n    quantidade: 'quantidade deve ser um número'\n  });\n});",
              "err": {},
              "uuid": "2d27d94b-c61a-4b0b-940d-2849a6365ec5",
              "parentUUID": "b5ac2ab5-d537-4966-bd79-4d7fe7fccf1a",
              "isHook": false,
              "skipped": false
            },
            {
              "title": "não deve cadastrar com token de acesso expirado",
              "fullTitle": "Erros não deve cadastrar com token de acesso expirado",
              "timedOut": null,
              "duration": 660,
              "state": "passed",
              "speed": "fast",
              "pass": true,
              "fail": false,
              "pending": false,
              "context": null,
              "code": "const nome = _faker.faker.commerce.productName();\nconst preco = _faker.faker.number.int();\nconst descricao = _faker.faker.commerce.productDescription();\nconst quantidade = _faker.faker.number.int();\nconst jwtExpirado = 'Bearer eyJhbGciOiJIUzI1NiIsInR5cCI6IkpXVCJ9.eyJlbWFpbCI6InRldHp6enpAdGVzdC5jb20iLCJwYXNzd29yZCI6IjEyMzQiLCJpYXQiOjE3MzgxMDI5MzgsImV4cCI6MTczODEwMzUzOH0.HgbWbMft9z8mBGQS-VuWwShYeSccsOb61H0A8X_Rk6U';\ncy.api_postProdutos(nome, preco, descricao, quantidade, jwtExpirado).then(response => {\n  expect(response.status).to.eq(401);\n  expect(response.body.message).to.contain('Token de acesso ausente, inválido, expirado ou usuário do token não existe mais');\n});",
              "err": {},
              "uuid": "0e13f960-7a25-40e8-9476-43dfb32c80f5",
              "parentUUID": "b5ac2ab5-d537-4966-bd79-4d7fe7fccf1a",
              "isHook": false,
              "skipped": false
            }
          ],
          "suites": [],
          "passes": [
            "1189c36f-8d78-4cec-b304-6761789671e1",
            "2d27d94b-c61a-4b0b-940d-2849a6365ec5",
            "0e13f960-7a25-40e8-9476-43dfb32c80f5"
          ],
          "failures": [],
          "pending": [],
          "skipped": [],
          "duration": 2262,
          "root": false,
          "rootEmpty": false,
          "_timeout": 2000
        }
      ],
      "passes": [],
      "failures": [],
      "pending": [],
      "skipped": [],
      "duration": 0,
      "root": true,
      "rootEmpty": true,
      "_timeout": 2000
    }
  ],
  "meta": {
    "mocha": {
      "version": "7.0.1"
    },
    "mochawesome": {
      "options": {
        "quiet": false,
        "reportFilename": "mochawesome",
        "saveHtml": true,
        "saveJson": true,
        "consoleReporter": "spec",
        "useInlineDiffs": false,
        "code": true
      },
      "version": "7.1.3"
    },
    "marge": {
      "options": {
        "reportDir": "cypress/reports",
        "overwrite": false,
        "html": true,
        "json": true
      },
      "version": "6.2.0"
    }
  }
}