{
  "stats": {
    "suites": 2,
    "tests": 5,
    "passes": 5,
    "pending": 0,
    "failures": 0,
    "start": "2025-01-29T13:56:59.939Z",
    "end": "2025-01-29T13:57:01.542Z",
    "duration": 1603,
    "testsRegistered": 5,
    "passPercent": 100,
    "pendingPercent": 0,
    "other": 0,
    "hasOther": false,
    "skipped": 0,
    "hasSkipped": false
  },
  "results": [
    {
      "uuid": "48eea439-3734-4ab2-9364-334f52fc1b08",
      "title": "",
      "fullFile": "cypress\\tests\\api\\usuarios\\putUsuarios.cy.js",
      "file": "cypress\\tests\\api\\usuarios\\putUsuarios.cy.js",
      "beforeHooks": [],
      "afterHooks": [],
      "tests": [
        {
          "title": "não deve editar com campos obrigatórios vazios",
          "fullTitle": "não deve editar com campos obrigatórios vazios",
          "timedOut": null,
          "duration": 243,
          "state": "passed",
          "speed": "fast",
          "pass": true,
          "fail": false,
          "pending": false,
          "context": null,
          "code": "const nome = '';\nconst email = '';\nconst password = '';\nconst administrador = '';\nconst _id = _faker.faker.number.int();\ncy.api_putUsuarios(_id, nome, email, password, administrador).then(response => {\n  expect(response.status).to.eq(400);\n  expect(response.body).to.have.all.keys('nome', 'email', 'password', 'administrador');\n  expect(response.body).to.deep.include({\n    nome: 'nome não pode ficar em branco',\n    email: 'email não pode ficar em branco',\n    password: 'password não pode ficar em branco',\n    administrador: \"administrador deve ser 'true' ou 'false'\"\n  });\n});",
          "err": {},
          "uuid": "567943a5-5753-43ab-bf4c-5d1ece051eaa",
          "parentUUID": "48eea439-3734-4ab2-9364-334f52fc1b08",
          "isHook": false,
          "skipped": false
        }
      ],
      "suites": [
        {
          "uuid": "0c3a323d-5cd3-48be-8bd0-745e8ba0908b",
          "title": "PUT Usuarios",
          "fullFile": "",
          "file": "",
          "beforeHooks": [],
          "afterHooks": [],
          "tests": [
            {
              "title": "deve editar usuario com sucesso",
              "fullTitle": "PUT Usuarios deve editar usuario com sucesso",
              "timedOut": null,
              "duration": 452,
              "state": "passed",
              "speed": "fast",
              "pass": true,
              "fail": false,
              "pending": false,
              "context": null,
              "code": "const nome = _faker.faker.person.fullName();\nconst email = _faker.faker.internet.email();\nconst password = _faker.faker.internet.password();\nconst administrador = Math.random() < 0.5 ? 'true' : 'false';\ncy.api_putUsuarios(_id, nome, email, password, administrador).then(response => {\n  expect(response.status).to.eq(200);\n  expect(response.body.message).to.contain('Registro alterado com sucesso');\n});",
              "err": {},
              "uuid": "fc65ae57-2bfc-4496-b4c3-9dd834db82c0",
              "parentUUID": "0c3a323d-5cd3-48be-8bd0-745e8ba0908b",
              "isHook": false,
              "skipped": false
            },
            {
              "title": "deve cadastrar quando o id não existir",
              "fullTitle": "PUT Usuarios deve cadastrar quando o id não existir",
              "timedOut": null,
              "duration": 224,
              "state": "passed",
              "speed": "fast",
              "pass": true,
              "fail": false,
              "pending": false,
              "context": null,
              "code": "const nome = _faker.faker.person.fullName();\nconst email = _faker.faker.internet.email();\nconst password = _faker.faker.internet.password();\nconst administrador = Math.random() < 0.5 ? 'true' : 'false';\nconst novoId = _faker.faker.number.int();\ncy.api_putUsuarios(novoId, nome, email, password, administrador).then(response => {\n  expect(response.status).to.eq(201);\n  expect(response.body.message).to.contain('Cadastro realizado com sucesso');\n  expect(response.body._id).is.not.null;\n});",
              "err": {},
              "uuid": "81e8bf4d-92b5-406f-99ee-eb0d1402481d",
              "parentUUID": "0c3a323d-5cd3-48be-8bd0-745e8ba0908b",
              "isHook": false,
              "skipped": false
            }
          ],
          "suites": [],
          "passes": [
            "fc65ae57-2bfc-4496-b4c3-9dd834db82c0",
            "81e8bf4d-92b5-406f-99ee-eb0d1402481d"
          ],
          "failures": [],
          "pending": [],
          "skipped": [],
          "duration": 676,
          "root": false,
          "rootEmpty": false,
          "_timeout": 2000
        },
        {
          "uuid": "d7f29cfc-150c-4fb7-8bdb-421a4574d6a3",
          "title": "Erros",
          "fullFile": "",
          "file": "",
          "beforeHooks": [],
          "afterHooks": [],
          "tests": [
            {
              "title": "não deve editar com email inválido",
              "fullTitle": "Erros não deve editar com email inválido",
              "timedOut": null,
              "duration": 215,
              "state": "passed",
              "speed": "fast",
              "pass": true,
              "fail": false,
              "pending": false,
              "context": null,
              "code": "const nome = _faker.faker.person.fullName();\nconst email = 'teste@teste';\nconst password = _faker.faker.internet.password();\nconst administrador = Math.random() < 0.5 ? 'true' : 'false';\nconst _id = _faker.faker.number.int();\ncy.api_putUsuarios(_id, nome, email, password, administrador).then(response => {\n  expect(response.status).to.eq(400);\n  expect(response.body).to.have.property('email', 'email deve ser um email válido');\n});",
              "err": {},
              "uuid": "c560bf71-f82e-48cf-a2e2-340c22425345",
              "parentUUID": "d7f29cfc-150c-4fb7-8bdb-421a4574d6a3",
              "isHook": false,
              "skipped": false
            },
            {
              "title": "não deve editar com email existente",
              "fullTitle": "Erros não deve editar com email existente",
              "timedOut": null,
              "duration": 425,
              "state": "passed",
              "speed": "fast",
              "pass": true,
              "fail": false,
              "pending": false,
              "context": null,
              "code": "let _id;\nconst nome = _faker.faker.person.fullName();\nconst email = _faker.faker.internet.email();\nconst password = _faker.faker.internet.password();\nconst administrador = Math.random() < 0.5 ? 'true' : 'false';\ncy.api_postUsuarios(nome, email, password, administrador).then(response => {\n  expect(response.status).to.eq(201);\n  _id = response.body._id;\n});\ncy.api_putUsuarios(_id, nome, email, password, administrador).then(response => {\n  expect(response.status).to.eq(400);\n  expect(response.body.message).to.contain('Este email já está sendo usado');\n});",
              "err": {},
              "uuid": "8e90a3df-ca27-4568-85c1-f13cb2453a3c",
              "parentUUID": "d7f29cfc-150c-4fb7-8bdb-421a4574d6a3",
              "isHook": false,
              "skipped": false
            }
          ],
          "suites": [],
          "passes": [
            "c560bf71-f82e-48cf-a2e2-340c22425345",
            "8e90a3df-ca27-4568-85c1-f13cb2453a3c"
          ],
          "failures": [],
          "pending": [],
          "skipped": [],
          "duration": 640,
          "root": false,
          "rootEmpty": false,
          "_timeout": 2000
        }
      ],
      "passes": [
        "567943a5-5753-43ab-bf4c-5d1ece051eaa"
      ],
      "failures": [],
      "pending": [],
      "skipped": [],
      "duration": 243,
      "root": true,
      "rootEmpty": false,
      "_timeout": 2000
    }
  ],
  "meta": {
    "mocha": {
      "version": "7.0.1"
    },
    "mochawesome": {
      "options": {
        "quiet": false,
        "reportFilename": "mochawesome",
        "saveHtml": true,
        "saveJson": true,
        "consoleReporter": "spec",
        "useInlineDiffs": false,
        "code": true
      },
      "version": "7.1.3"
    },
    "marge": {
      "options": {
        "reportDir": "cypress/reports",
        "overwrite": false,
        "html": true,
        "json": true
      },
      "version": "6.2.0"
    }
  }
}