{
  "stats": {
    "suites": 2,
    "tests": 4,
    "passes": 4,
    "pending": 0,
    "failures": 0,
    "start": "2025-01-31T00:13:23.166Z",
    "end": "2025-01-31T00:13:24.476Z",
    "duration": 1310,
    "testsRegistered": 4,
    "passPercent": 100,
    "pendingPercent": 0,
    "other": 0,
    "hasOther": false,
    "skipped": 0,
    "hasSkipped": false
  },
  "results": [
    {
      "uuid": "8df836fb-74bf-4620-a95b-a577aabd6f82",
      "title": "",
      "fullFile": "cypress\\tests\\api\\produtos\\getListarProdutos.cy.js",
      "file": "cypress\\tests\\api\\produtos\\getListarProdutos.cy.js",
      "beforeHooks": [],
      "afterHooks": [],
      "tests": [],
      "suites": [
        {
          "uuid": "0d8a2462-22c4-41b0-948f-cf42e0a77ec0",
          "title": "GET Produtos",
          "fullFile": "",
          "file": "",
          "beforeHooks": [],
          "afterHooks": [],
          "tests": [
            {
              "title": "deve listar produtos com sucesso",
              "fullTitle": "GET Produtos deve listar produtos com sucesso",
              "timedOut": null,
              "duration": 594,
              "state": "passed",
              "speed": "fast",
              "pass": true,
              "fail": false,
              "pending": false,
              "context": null,
              "code": "cy.api_getListarProdutos().then(response => {\n  expect(response.status).to.eq(200);\n  expect(response.body).to.be.not.null;\n  expect(response.body.produtos.length).to.be.greaterThan(0);\n});",
              "err": {},
              "uuid": "4e0e2361-aa0c-41b9-8e64-e6c2d6375c22",
              "parentUUID": "0d8a2462-22c4-41b0-948f-cf42e0a77ec0",
              "isHook": false,
              "skipped": false
            }
          ],
          "suites": [],
          "passes": [
            "4e0e2361-aa0c-41b9-8e64-e6c2d6375c22"
          ],
          "failures": [],
          "pending": [],
          "skipped": [],
          "duration": 594,
          "root": false,
          "rootEmpty": false,
          "_timeout": 2000
        },
        {
          "uuid": "eb764722-08b1-4d73-9726-ed253cd33a36",
          "title": "Erros",
          "fullFile": "",
          "file": "",
          "beforeHooks": [],
          "afterHooks": [],
          "tests": [
            {
              "title": "não deve listar produtos com preço inválido",
              "fullTitle": "Erros não deve listar produtos com preço inválido",
              "timedOut": null,
              "duration": 242,
              "state": "passed",
              "speed": "fast",
              "pass": true,
              "fail": false,
              "pending": false,
              "context": null,
              "code": "const preco = 'teste';\ncy.api_getListarProdutosParams('preco', preco).then(response => {\n  expect(response.status).to.eq(400);\n  expect(response.body).to.have.property('preco', 'preco deve ser um número');\n});",
              "err": {},
              "uuid": "327765d3-4f09-4d24-a968-92fd33fb259d",
              "parentUUID": "eb764722-08b1-4d73-9726-ed253cd33a36",
              "isHook": false,
              "skipped": false
            },
            {
              "title": "não deve listar produtos com quantidade inválida",
              "fullTitle": "Erros não deve listar produtos com quantidade inválida",
              "timedOut": null,
              "duration": 218,
              "state": "passed",
              "speed": "fast",
              "pass": true,
              "fail": false,
              "pending": false,
              "context": null,
              "code": "const quantidade = 'teste';\ncy.api_getListarProdutosParams('quantidade', quantidade).then(response => {\n  expect(response.status).to.eq(400);\n  expect(response.body).to.have.property('quantidade', 'quantidade deve ser um número');\n});",
              "err": {},
              "uuid": "efc6c933-eb35-44cf-ad4b-6ce413574883",
              "parentUUID": "eb764722-08b1-4d73-9726-ed253cd33a36",
              "isHook": false,
              "skipped": false
            },
            {
              "title": "não deve listar produtos com id inexistente",
              "fullTitle": "Erros não deve listar produtos com id inexistente",
              "timedOut": null,
              "duration": 220,
              "state": "passed",
              "speed": "fast",
              "pass": true,
              "fail": false,
              "pending": false,
              "context": null,
              "code": "const id = '0Yl5F13ToBclD2Sz';\ncy.api_getListarProdutosParams('_id', id).then(response => {\n  expect(response.status).to.eq(200);\n  expect(response.body.quantidade).to.eq(0);\n});",
              "err": {},
              "uuid": "cd470992-de52-47cf-ab8b-bf8b84c94dc1",
              "parentUUID": "eb764722-08b1-4d73-9726-ed253cd33a36",
              "isHook": false,
              "skipped": false
            }
          ],
          "suites": [],
          "passes": [
            "327765d3-4f09-4d24-a968-92fd33fb259d",
            "efc6c933-eb35-44cf-ad4b-6ce413574883",
            "cd470992-de52-47cf-ab8b-bf8b84c94dc1"
          ],
          "failures": [],
          "pending": [],
          "skipped": [],
          "duration": 680,
          "root": false,
          "rootEmpty": false,
          "_timeout": 2000
        }
      ],
      "passes": [],
      "failures": [],
      "pending": [],
      "skipped": [],
      "duration": 0,
      "root": true,
      "rootEmpty": true,
      "_timeout": 2000
    }
  ],
  "meta": {
    "mocha": {
      "version": "7.0.1"
    },
    "mochawesome": {
      "options": {
        "quiet": false,
        "reportFilename": "mochawesome",
        "saveHtml": true,
        "saveJson": true,
        "consoleReporter": "spec",
        "useInlineDiffs": false,
        "code": true
      },
      "version": "7.1.3"
    },
    "marge": {
      "options": {
        "reportDir": "cypress/reports",
        "overwrite": false,
        "html": true,
        "json": true
      },
      "version": "6.2.0"
    }
  }
}