{
  "stats": {
    "suites": 2,
    "tests": 5,
    "passes": 5,
    "pending": 0,
    "failures": 0,
    "start": "2025-01-31T14:58:41.396Z",
    "end": "2025-01-31T14:58:54.090Z",
    "duration": 12694,
    "testsRegistered": 5,
    "passPercent": 100,
    "pendingPercent": 0,
    "other": 0,
    "hasOther": false,
    "skipped": 0,
    "hasSkipped": false
  },
  "results": [
    {
      "uuid": "3d33212a-d71f-44ec-a840-c902f0940795",
      "title": "",
      "fullFile": "cypress\\tests\\e2e\\login\\login.cy.js",
      "file": "cypress\\tests\\e2e\\login\\login.cy.js",
      "beforeHooks": [],
      "afterHooks": [],
      "tests": [],
      "suites": [
        {
          "uuid": "b0890281-468f-4687-90b2-3bb019895d20",
          "title": "Login",
          "fullFile": "",
          "file": "",
          "beforeHooks": [],
          "afterHooks": [],
          "tests": [
            {
              "title": "deve realizar login com sucesso",
              "fullTitle": "Login deve realizar login com sucesso",
              "timedOut": null,
              "duration": 4869,
              "state": "passed",
              "speed": "fast",
              "pass": true,
              "fail": false,
              "pending": false,
              "context": null,
              "code": "const nome = _faker.faker.person.fullName();\nconst email = _faker.faker.internet.email();\nconst password = _faker.faker.internet.password();\nconst administrador = 'false';\ncy.api_postUsuarios(nome, email, password, administrador).then(response => {\n  expect(response.status).to.eq(201);\n});\ncy.login(email, password);\ncy.url().should('be.equal', `${baseUrl}/home`);\ncy.get('[data-testid=\"logout\"]').should('be.visible');",
              "err": {},
              "uuid": "22cb59d3-19a2-4877-9765-9ac126c6b9e1",
              "parentUUID": "b0890281-468f-4687-90b2-3bb019895d20",
              "isHook": false,
              "skipped": false
            },
            {
              "title": "deve realizar login com usuário admininistrador com sucesso",
              "fullTitle": "Login deve realizar login com usuário admininistrador com sucesso",
              "timedOut": null,
              "duration": 2506,
              "state": "passed",
              "speed": "fast",
              "pass": true,
              "fail": false,
              "pending": false,
              "context": null,
              "code": "const nome = _faker.faker.person.fullName();\nconst email = _faker.faker.internet.email();\nconst password = _faker.faker.internet.password();\nconst administrador = 'true';\ncy.api_postUsuarios(nome, email, password, administrador).then(response => {\n  expect(response.status).to.eq(201);\n});\ncy.login(email, password);\ncy.url().should('be.equal', `${baseUrl}/admin/home`);\ncy.get('[data-testid=\"logout\"]').should('be.visible');\ncy.contains('.lead', 'Este é seu sistema para administrar seu ecommerce.').should('be.visible');",
              "err": {},
              "uuid": "1ab3a430-2064-4682-aa89-d23a19146a86",
              "parentUUID": "b0890281-468f-4687-90b2-3bb019895d20",
              "isHook": false,
              "skipped": false
            }
          ],
          "suites": [],
          "passes": [
            "22cb59d3-19a2-4877-9765-9ac126c6b9e1",
            "1ab3a430-2064-4682-aa89-d23a19146a86"
          ],
          "failures": [],
          "pending": [],
          "skipped": [],
          "duration": 7375,
          "root": false,
          "rootEmpty": false,
          "_timeout": 2000
        },
        {
          "uuid": "f24f3fd5-ebc1-44b8-aa16-980f16114632",
          "title": "Erros",
          "fullFile": "",
          "file": "",
          "beforeHooks": [],
          "afterHooks": [],
          "tests": [
            {
              "title": "não deve realizar login com usuário inexistente",
              "fullTitle": "Erros não deve realizar login com usuário inexistente",
              "timedOut": null,
              "duration": 2296,
              "state": "passed",
              "speed": "fast",
              "pass": true,
              "fail": false,
              "pending": false,
              "context": null,
              "code": "const email = _faker.faker.internet.email();\nconst password = _faker.faker.internet.password();\ncy.login(email, password);\ncy.contains('.alert', 'Email e/ou senha inválidos').should('be.visible');\ncy.url().should('be.equal', `${baseUrl}/login`);",
              "err": {},
              "uuid": "52489bfb-6de1-49af-ae7d-e663f8d4a9f5",
              "parentUUID": "f24f3fd5-ebc1-44b8-aa16-980f16114632",
              "isHook": false,
              "skipped": false
            },
            {
              "title": "não deve realizar login com email inválido",
              "fullTitle": "Erros não deve realizar login com email inválido",
              "timedOut": null,
              "duration": 1958,
              "state": "passed",
              "speed": "fast",
              "pass": true,
              "fail": false,
              "pending": false,
              "context": null,
              "code": "const email = 'teste@teste';\nconst password = _faker.faker.internet.password();\ncy.login(email, password);\ncy.contains('.alert', 'Email deve ser um email válido').should('be.visible');\ncy.url().should('be.equal', `${baseUrl}/login`);",
              "err": {},
              "uuid": "55a602d6-e5e3-4e15-909f-e7634c4d1cd2",
              "parentUUID": "f24f3fd5-ebc1-44b8-aa16-980f16114632",
              "isHook": false,
              "skipped": false
            },
            {
              "title": "não deve realizar login com campos obrigatórios vazios",
              "fullTitle": "Erros não deve realizar login com campos obrigatórios vazios",
              "timedOut": null,
              "duration": 949,
              "state": "passed",
              "speed": "fast",
              "pass": true,
              "fail": false,
              "pending": false,
              "context": null,
              "code": "cy.loginComCamposVazios();\ncy.contains('.form', 'Email é obrigatório').should('be.visible');\ncy.contains('.form', 'Password é obrigatório').should('be.visible');\ncy.url().should('be.equal', `${baseUrl}/login`);",
              "err": {},
              "uuid": "ba319c23-63ae-4d2f-841b-f3414bc54db9",
              "parentUUID": "f24f3fd5-ebc1-44b8-aa16-980f16114632",
              "isHook": false,
              "skipped": false
            }
          ],
          "suites": [],
          "passes": [
            "52489bfb-6de1-49af-ae7d-e663f8d4a9f5",
            "55a602d6-e5e3-4e15-909f-e7634c4d1cd2",
            "ba319c23-63ae-4d2f-841b-f3414bc54db9"
          ],
          "failures": [],
          "pending": [],
          "skipped": [],
          "duration": 5203,
          "root": false,
          "rootEmpty": false,
          "_timeout": 2000
        }
      ],
      "passes": [],
      "failures": [],
      "pending": [],
      "skipped": [],
      "duration": 0,
      "root": true,
      "rootEmpty": true,
      "_timeout": 2000
    }
  ],
  "meta": {
    "mocha": {
      "version": "7.0.1"
    },
    "mochawesome": {
      "options": {
        "quiet": false,
        "reportFilename": "mochawesome",
        "saveHtml": true,
        "saveJson": true,
        "consoleReporter": "spec",
        "useInlineDiffs": false,
        "code": true
      },
      "version": "7.1.3"
    },
    "marge": {
      "options": {
        "reportDir": "cypress/reports",
        "overwrite": false,
        "html": true,
        "json": true
      },
      "version": "6.2.0"
    }
  }
}