{
  "stats": {
    "suites": 2,
    "tests": 3,
    "passes": 3,
    "pending": 0,
    "failures": 0,
    "start": "2025-01-29T20:45:19.913Z",
    "end": "2025-01-29T20:45:21.278Z",
    "duration": 1365,
    "testsRegistered": 3,
    "passPercent": 100,
    "pendingPercent": 0,
    "other": 0,
    "hasOther": false,
    "skipped": 0,
    "hasSkipped": false
  },
  "results": [
    {
      "uuid": "b6c45c68-99b9-4a5d-9409-0ab63343f9b3",
      "title": "",
      "fullFile": "cypress\\tests\\api\\produtos\\getBuscarProdutosId.cy.js",
      "file": "cypress\\tests\\api\\produtos\\getBuscarProdutosId.cy.js",
      "beforeHooks": [],
      "afterHooks": [],
      "tests": [],
      "suites": [
        {
          "uuid": "1e54fe80-f420-414b-9ac8-f7585002b1c1",
          "title": "GET Produtos por ID",
          "fullFile": "",
          "file": "",
          "beforeHooks": [],
          "afterHooks": [],
          "tests": [
            {
              "title": "deve buscar produto pelo id",
              "fullTitle": "GET Produtos por ID deve buscar produto pelo id",
              "timedOut": null,
              "duration": 886,
              "state": "passed",
              "speed": "fast",
              "pass": true,
              "fail": false,
              "pending": false,
              "context": null,
              "code": "cy.api_getBuscarProdutoId(_id).then(response => {\n  expect(response.status).to.eq(200);\n  expect(response.body).to.be.not.null;\n  expect(response.body).to.have.property('_id', _id);\n});",
              "err": {},
              "uuid": "b1461d9d-1930-4e79-baf5-ab7a20d210f0",
              "parentUUID": "1e54fe80-f420-414b-9ac8-f7585002b1c1",
              "isHook": false,
              "skipped": false
            }
          ],
          "suites": [],
          "passes": [
            "b1461d9d-1930-4e79-baf5-ab7a20d210f0"
          ],
          "failures": [],
          "pending": [],
          "skipped": [],
          "duration": 886,
          "root": false,
          "rootEmpty": false,
          "_timeout": 2000
        },
        {
          "uuid": "26726093-8242-4268-80d6-2d2a96d49767",
          "title": "Erros",
          "fullFile": "",
          "file": "",
          "beforeHooks": [],
          "afterHooks": [],
          "tests": [
            {
              "title": "não deve buscar produto com id inexistente",
              "fullTitle": "Erros não deve buscar produto com id inexistente",
              "timedOut": null,
              "duration": 228,
              "state": "passed",
              "speed": "fast",
              "pass": true,
              "fail": false,
              "pending": false,
              "context": null,
              "code": "const id = '2m931byp8d8LbkWj';\ncy.api_getBuscarProdutoId(id).then(response => {\n  expect(response.status).to.eq(400);\n  expect(response.body).to.have.property('message', 'Produto não encontrado');\n});",
              "err": {},
              "uuid": "957a45c4-63f9-438d-b886-ed9a40493722",
              "parentUUID": "26726093-8242-4268-80d6-2d2a96d49767",
              "isHook": false,
              "skipped": false
            },
            {
              "title": "não deve buscar produto com id nulo",
              "fullTitle": "Erros não deve buscar produto com id nulo",
              "timedOut": null,
              "duration": 224,
              "state": "passed",
              "speed": "fast",
              "pass": true,
              "fail": false,
              "pending": false,
              "context": null,
              "code": "const id = null;\ncy.api_getBuscarProdutoId(id).then(response => {\n  expect(response.status).to.eq(400);\n  expect(response.body).to.have.property('message', 'Produto não encontrado');\n});",
              "err": {},
              "uuid": "8246b8da-030b-42ed-ae62-caed8e7ea1bc",
              "parentUUID": "26726093-8242-4268-80d6-2d2a96d49767",
              "isHook": false,
              "skipped": false
            }
          ],
          "suites": [],
          "passes": [
            "957a45c4-63f9-438d-b886-ed9a40493722",
            "8246b8da-030b-42ed-ae62-caed8e7ea1bc"
          ],
          "failures": [],
          "pending": [],
          "skipped": [],
          "duration": 452,
          "root": false,
          "rootEmpty": false,
          "_timeout": 2000
        }
      ],
      "passes": [],
      "failures": [],
      "pending": [],
      "skipped": [],
      "duration": 0,
      "root": true,
      "rootEmpty": true,
      "_timeout": 2000
    }
  ],
  "meta": {
    "mocha": {
      "version": "7.0.1"
    },
    "mochawesome": {
      "options": {
        "quiet": false,
        "reportFilename": "mochawesome",
        "saveHtml": true,
        "saveJson": true,
        "consoleReporter": "spec",
        "useInlineDiffs": false,
        "code": true
      },
      "version": "7.1.3"
    },
    "marge": {
      "options": {
        "reportDir": "cypress/reports",
        "overwrite": false,
        "html": true,
        "json": true
      },
      "version": "6.2.0"
    }
  }
}