{
  "stats": {
    "suites": 3,
    "tests": 5,
    "passes": 5,
    "pending": 0,
    "failures": 0,
    "start": "2025-01-29T20:45:25.266Z",
    "end": "2025-01-29T20:45:28.604Z",
    "duration": 3338,
    "testsRegistered": 5,
    "passPercent": 100,
    "pendingPercent": 0,
    "other": 0,
    "hasOther": false,
    "skipped": 0,
    "hasSkipped": false
  },
  "results": [
    {
      "uuid": "73159b37-4540-409d-a4cf-758c7a5f7d8e",
      "title": "",
      "fullFile": "cypress\\tests\\api\\produtos\\postProdutos.cy.js",
      "file": "cypress\\tests\\api\\produtos\\postProdutos.cy.js",
      "beforeHooks": [],
      "afterHooks": [],
      "tests": [],
      "suites": [
        {
          "uuid": "2f87946c-7fe0-414f-8b7a-3e2156b4776f",
          "title": "POST Produtos",
          "fullFile": "",
          "file": "",
          "beforeHooks": [],
          "afterHooks": [],
          "tests": [
            {
              "title": "deve cadastrar produto com sucesso",
              "fullTitle": "POST Produtos deve cadastrar produto com sucesso",
              "timedOut": null,
              "duration": 678,
              "state": "passed",
              "speed": "fast",
              "pass": true,
              "fail": false,
              "pending": false,
              "context": null,
              "code": "const nome = _faker.faker.commerce.productName();\nconst preco = _faker.faker.number.int();\nconst descricao = _faker.faker.commerce.productDescription();\nconst quantidade = _faker.faker.number.int();\ncy.api_postProdutos(nome, preco, descricao, quantidade, jwt).then(response => {\n  expect(response.status).to.eq(201);\n  expect(response.body.message).to.contain('Cadastro realizado com sucesso');\n  expect(response.body).to.be.not.null;\n  expect(response.body._id).is.not.null;\n});",
              "err": {},
              "uuid": "3438f706-b829-4853-b3ef-338fda6666c0",
              "parentUUID": "2f87946c-7fe0-414f-8b7a-3e2156b4776f",
              "isHook": false,
              "skipped": false
            }
          ],
          "suites": [],
          "passes": [
            "3438f706-b829-4853-b3ef-338fda6666c0"
          ],
          "failures": [],
          "pending": [],
          "skipped": [],
          "duration": 678,
          "root": false,
          "rootEmpty": false,
          "_timeout": 2000
        },
        {
          "uuid": "2e509123-ef74-4f32-9117-c60b6193f59f",
          "title": "Erros",
          "fullFile": "",
          "file": "",
          "beforeHooks": [],
          "afterHooks": [],
          "tests": [
            {
              "title": "não deve cadastrar com nome já cadastrado",
              "fullTitle": "Erros não deve cadastrar com nome já cadastrado",
              "timedOut": null,
              "duration": 859,
              "state": "passed",
              "speed": "fast",
              "pass": true,
              "fail": false,
              "pending": false,
              "context": null,
              "code": "const nome = _faker.faker.commerce.productName();\nconst preco = _faker.faker.number.int();\nconst descricao = _faker.faker.commerce.productDescription();\nconst quantidade = _faker.faker.number.int();\ncy.api_postProdutos(nome, preco, descricao, quantidade, jwt).then(response => {\n  expect(response.status).to.eq(201);\n  cy.api_postProdutos(nome, preco, descricao, quantidade, jwt).then(response => {\n    expect(response.status).to.eq(400);\n    expect(response.body.message).to.contain('Já existe produto com esse nome');\n  });\n});",
              "err": {},
              "uuid": "4e781d15-91c8-4ebe-b477-6274d20f7026",
              "parentUUID": "2e509123-ef74-4f32-9117-c60b6193f59f",
              "isHook": false,
              "skipped": false
            },
            {
              "title": "não deve cadastrar com campos obrigatórios vazios",
              "fullTitle": "Erros não deve cadastrar com campos obrigatórios vazios",
              "timedOut": null,
              "duration": 655,
              "state": "passed",
              "speed": "fast",
              "pass": true,
              "fail": false,
              "pending": false,
              "context": null,
              "code": "const nome = '';\nconst preco = '';\nconst descricao = '';\nconst quantidade = '';\ncy.api_postProdutos(nome, preco, descricao, quantidade, jwt).then(response => {\n  expect(response.status).to.eq(400);\n  expect(response.body).to.have.all.keys('nome', 'preco', 'descricao', 'quantidade');\n  expect(response.body).to.deep.include({\n    nome: 'nome não pode ficar em branco',\n    preco: 'preco deve ser um número',\n    descricao: 'descricao não pode ficar em branco',\n    quantidade: 'quantidade deve ser um número'\n  });\n});",
              "err": {},
              "uuid": "c189ed95-b7b1-4b1f-ba7e-36c48c9650f6",
              "parentUUID": "2e509123-ef74-4f32-9117-c60b6193f59f",
              "isHook": false,
              "skipped": false
            },
            {
              "title": "não deve cadastrar com token de acesso expirado",
              "fullTitle": "Erros não deve cadastrar com token de acesso expirado",
              "timedOut": null,
              "duration": 664,
              "state": "passed",
              "speed": "fast",
              "pass": true,
              "fail": false,
              "pending": false,
              "context": null,
              "code": "const nome = _faker.faker.commerce.productName();\nconst preco = _faker.faker.number.int();\nconst descricao = _faker.faker.commerce.productDescription();\nconst quantidade = _faker.faker.number.int();\nconst jwtExpirado = 'Bearer eyJhbGciOiJIUzI1NiIsInR5cCI6IkpXVCJ9.eyJlbWFpbCI6InRldHp6enpAdGVzdC5jb20iLCJwYXNzd29yZCI6IjEyMzQiLCJpYXQiOjE3MzgxMDI5MzgsImV4cCI6MTczODEwMzUzOH0.HgbWbMft9z8mBGQS-VuWwShYeSccsOb61H0A8X_Rk6U';\ncy.api_postProdutos(nome, preco, descricao, quantidade, jwtExpirado).then(response => {\n  expect(response.status).to.eq(401);\n  expect(response.body.message).to.contain('Token de acesso ausente, inválido, expirado ou usuário do token não existe mais');\n});",
              "err": {},
              "uuid": "58282a1b-9920-4714-bd4a-c769f64e19cc",
              "parentUUID": "2e509123-ef74-4f32-9117-c60b6193f59f",
              "isHook": false,
              "skipped": false
            }
          ],
          "suites": [],
          "passes": [
            "4e781d15-91c8-4ebe-b477-6274d20f7026",
            "c189ed95-b7b1-4b1f-ba7e-36c48c9650f6",
            "58282a1b-9920-4714-bd4a-c769f64e19cc"
          ],
          "failures": [],
          "pending": [],
          "skipped": [],
          "duration": 2178,
          "root": false,
          "rootEmpty": false,
          "_timeout": 2000
        },
        {
          "uuid": "26ac151d-bb8f-40fe-adb9-77f0e3866f3e",
          "title": "Erros para usuário não administrador",
          "fullFile": "",
          "file": "",
          "beforeHooks": [],
          "afterHooks": [],
          "tests": [
            {
              "title": "não deve cadastrar com usuário não administrador",
              "fullTitle": "Erros para usuário não administrador não deve cadastrar com usuário não administrador",
              "timedOut": null,
              "duration": 434,
              "state": "passed",
              "speed": "fast",
              "pass": true,
              "fail": false,
              "pending": false,
              "context": null,
              "code": "",
              "err": {},
              "uuid": "9468afbb-9c35-4221-842d-a80bf95c13e7",
              "parentUUID": "26ac151d-bb8f-40fe-adb9-77f0e3866f3e",
              "isHook": false,
              "skipped": false
            }
          ],
          "suites": [],
          "passes": [
            "9468afbb-9c35-4221-842d-a80bf95c13e7"
          ],
          "failures": [],
          "pending": [],
          "skipped": [],
          "duration": 434,
          "root": false,
          "rootEmpty": false,
          "_timeout": 2000
        }
      ],
      "passes": [],
      "failures": [],
      "pending": [],
      "skipped": [],
      "duration": 0,
      "root": true,
      "rootEmpty": true,
      "_timeout": 2000
    }
  ],
  "meta": {
    "mocha": {
      "version": "7.0.1"
    },
    "mochawesome": {
      "options": {
        "quiet": false,
        "reportFilename": "mochawesome",
        "saveHtml": true,
        "saveJson": true,
        "consoleReporter": "spec",
        "useInlineDiffs": false,
        "code": true
      },
      "version": "7.1.3"
    },
    "marge": {
      "options": {
        "reportDir": "cypress/reports",
        "overwrite": false,
        "html": true,
        "json": true
      },
      "version": "6.2.0"
    }
  }
}