{
  "stats": {
    "suites": 2,
    "tests": 3,
    "passes": 3,
    "pending": 0,
    "failures": 0,
    "start": "2025-01-31T00:13:43.978Z",
    "end": "2025-01-31T00:13:45.118Z",
    "duration": 1140,
    "testsRegistered": 3,
    "passPercent": 100,
    "pendingPercent": 0,
    "other": 0,
    "hasOther": false,
    "skipped": 0,
    "hasSkipped": false
  },
  "results": [
    {
      "uuid": "2c73fae2-b382-437f-9413-5aa3731d0b9a",
      "title": "",
      "fullFile": "cypress\\tests\\api\\usuarios\\getListarUsuarios.cy.js",
      "file": "cypress\\tests\\api\\usuarios\\getListarUsuarios.cy.js",
      "beforeHooks": [],
      "afterHooks": [],
      "tests": [],
      "suites": [
        {
          "uuid": "e771d3c7-4c7d-466a-aae6-04f70c9990fe",
          "title": "GET Usuarios",
          "fullFile": "",
          "file": "",
          "beforeHooks": [],
          "afterHooks": [],
          "tests": [
            {
              "title": "deve listar usuarios com sucesso",
              "fullTitle": "GET Usuarios deve listar usuarios com sucesso",
              "timedOut": null,
              "duration": 658,
              "state": "passed",
              "speed": "fast",
              "pass": true,
              "fail": false,
              "pending": false,
              "context": null,
              "code": "cy.api_getListarUsuarios().then(response => {\n  expect(response.status).to.eq(200);\n  expect(response.body).to.be.not.null;\n  expect(response.body.usuarios.length).to.be.greaterThan(0);\n});",
              "err": {},
              "uuid": "b57f014f-9541-433d-bc9f-1cd044b1f8ec",
              "parentUUID": "e771d3c7-4c7d-466a-aae6-04f70c9990fe",
              "isHook": false,
              "skipped": false
            }
          ],
          "suites": [],
          "passes": [
            "b57f014f-9541-433d-bc9f-1cd044b1f8ec"
          ],
          "failures": [],
          "pending": [],
          "skipped": [],
          "duration": 658,
          "root": false,
          "rootEmpty": false,
          "_timeout": 2000
        },
        {
          "uuid": "387b677e-df7c-442e-af26-d18c6317944d",
          "title": "Erros",
          "fullFile": "",
          "file": "",
          "beforeHooks": [],
          "afterHooks": [],
          "tests": [
            {
              "title": "não deve listar usuário com email inválido",
              "fullTitle": "Erros não deve listar usuário com email inválido",
              "timedOut": null,
              "duration": 238,
              "state": "passed",
              "speed": "fast",
              "pass": true,
              "fail": false,
              "pending": false,
              "context": null,
              "code": "const email = 'test@email';\ncy.api_getListarUsuariosParams('email', email).then(response => {\n  expect(response.status).to.eq(400);\n  expect(response.body).to.have.property('email', 'email deve ser um email válido');\n});",
              "err": {},
              "uuid": "390a5fe2-45c4-44f3-a3c8-74e376a2e073",
              "parentUUID": "387b677e-df7c-442e-af26-d18c6317944d",
              "isHook": false,
              "skipped": false
            },
            {
              "title": "não deve listar usuário com id inexistente",
              "fullTitle": "Erros não deve listar usuário com id inexistente",
              "timedOut": null,
              "duration": 215,
              "state": "passed",
              "speed": "fast",
              "pass": true,
              "fail": false,
              "pending": false,
              "context": null,
              "code": "const id = '1LyAt2nP4ckByHtT';\ncy.api_getListarUsuariosParams('_id', id).then(response => {\n  expect(response.status).to.eq(200);\n  expect(response.body.quantidade).to.eq(0);\n});",
              "err": {},
              "uuid": "5fe9632c-3a0b-4c86-8ed8-0d188f948bbf",
              "parentUUID": "387b677e-df7c-442e-af26-d18c6317944d",
              "isHook": false,
              "skipped": false
            }
          ],
          "suites": [],
          "passes": [
            "390a5fe2-45c4-44f3-a3c8-74e376a2e073",
            "5fe9632c-3a0b-4c86-8ed8-0d188f948bbf"
          ],
          "failures": [],
          "pending": [],
          "skipped": [],
          "duration": 453,
          "root": false,
          "rootEmpty": false,
          "_timeout": 2000
        }
      ],
      "passes": [],
      "failures": [],
      "pending": [],
      "skipped": [],
      "duration": 0,
      "root": true,
      "rootEmpty": true,
      "_timeout": 2000
    }
  ],
  "meta": {
    "mocha": {
      "version": "7.0.1"
    },
    "mochawesome": {
      "options": {
        "quiet": false,
        "reportFilename": "mochawesome",
        "saveHtml": true,
        "saveJson": true,
        "consoleReporter": "spec",
        "useInlineDiffs": false,
        "code": true
      },
      "version": "7.1.3"
    },
    "marge": {
      "options": {
        "reportDir": "cypress/reports",
        "overwrite": false,
        "html": true,
        "json": true
      },
      "version": "6.2.0"
    }
  }
}