{
  "stats": {
    "suites": 1,
    "tests": 4,
    "passes": 4,
    "pending": 0,
    "failures": 0,
    "start": "2025-01-31T14:59:01.761Z",
    "end": "2025-01-31T14:59:17.150Z",
    "duration": 15389,
    "testsRegistered": 4,
    "passPercent": 100,
    "pendingPercent": 0,
    "other": 0,
    "hasOther": false,
    "skipped": 0,
    "hasSkipped": false
  },
  "results": [
    {
      "uuid": "c98db47e-4270-47e5-9644-5a83b2862c7b",
      "title": "",
      "fullFile": "cypress\\tests\\e2e\\produtos\\adicionarProdutoListaCompras.cy.js",
      "file": "cypress\\tests\\e2e\\produtos\\adicionarProdutoListaCompras.cy.js",
      "beforeHooks": [],
      "afterHooks": [],
      "tests": [],
      "suites": [
        {
          "uuid": "24d905fd-8b04-433b-95d3-aa0c36bf80f0",
          "title": "Adição de produtos na lista de compras",
          "fullFile": "",
          "file": "",
          "beforeHooks": [],
          "afterHooks": [],
          "tests": [
            {
              "title": "deve adicionar um produto na lista de compras do usuário",
              "fullTitle": "Adição de produtos na lista de compras deve adicionar um produto na lista de compras do usuário",
              "timedOut": null,
              "duration": 4354,
              "state": "passed",
              "speed": "fast",
              "pass": true,
              "fail": false,
              "pending": false,
              "context": null,
              "code": "cy.adicionarProdutoListaCompras();\ncy.get('[data-testid=\"adicionar carrinho\"]').should('be.visible');\ncy.get('[data-testid=\"shopping-cart-product-name\"]').should('be.visible');\ncy.url().should('be.equal', `${baseUrl}/minhaListaDeProdutos`);",
              "err": {},
              "uuid": "4b438069-23db-45c3-b090-840c8dc3ed2a",
              "parentUUID": "24d905fd-8b04-433b-95d3-aa0c36bf80f0",
              "isHook": false,
              "skipped": false
            },
            {
              "title": "deve adicionar na lista pela tela de detalhes",
              "fullTitle": "Adição de produtos na lista de compras deve adicionar na lista pela tela de detalhes",
              "timedOut": null,
              "duration": 3259,
              "state": "passed",
              "speed": "fast",
              "pass": true,
              "fail": false,
              "pending": false,
              "context": null,
              "code": "cy.adicionarProdutoDetalhesListaCompras();\ncy.get('[data-testid=\"adicionar carrinho\"]').should('be.visible');\ncy.get('[data-testid=\"shopping-cart-product-name\"]').should('be.visible');\ncy.url().should('be.equal', `${baseUrl}/minhaListaDeProdutos`);",
              "err": {},
              "uuid": "e0f926cf-da14-4268-8eb7-3fac4ca791f9",
              "parentUUID": "24d905fd-8b04-433b-95d3-aa0c36bf80f0",
              "isHook": false,
              "skipped": false
            },
            {
              "title": "deve adicionar produto e quantidade na lista de compras do usuário",
              "fullTitle": "Adição de produtos na lista de compras deve adicionar produto e quantidade na lista de compras do usuário",
              "timedOut": null,
              "duration": 3522,
              "state": "passed",
              "speed": "fast",
              "pass": true,
              "fail": false,
              "pending": false,
              "context": null,
              "code": "cy.adicionarProdutoQuantidadeListaCompras();\ncy.get('[data-testid=\"adicionar carrinho\"]').should('be.visible');\ncy.get('[data-testid=\"shopping-cart-product-name\"]').should('be.visible');\ncy.get('[data-testid=\"shopping-cart-product-quantity\"] > p').should('be.visible');\ncy.url().should('be.equal', `${baseUrl}/minhaListaDeProdutos`);",
              "err": {},
              "uuid": "e6d48709-aded-400b-b9ac-ccb04835358d",
              "parentUUID": "24d905fd-8b04-433b-95d3-aa0c36bf80f0",
              "isHook": false,
              "skipped": false
            },
            {
              "title": "deve limpar lista de compras",
              "fullTitle": "Adição de produtos na lista de compras deve limpar lista de compras",
              "timedOut": null,
              "duration": 4158,
              "state": "passed",
              "speed": "fast",
              "pass": true,
              "fail": false,
              "pending": false,
              "context": null,
              "code": "cy.limparListaCompras();\ncy.get('[data-testid=\"shopping-cart-empty-message\"]').should('be.visible');\ncy.url().should('be.equal', `${baseUrl}/minhaListaDeProdutos`);",
              "err": {},
              "uuid": "7abf7fb3-fd44-4626-893d-687571b2db0b",
              "parentUUID": "24d905fd-8b04-433b-95d3-aa0c36bf80f0",
              "isHook": false,
              "skipped": false
            }
          ],
          "suites": [],
          "passes": [
            "4b438069-23db-45c3-b090-840c8dc3ed2a",
            "e0f926cf-da14-4268-8eb7-3fac4ca791f9",
            "e6d48709-aded-400b-b9ac-ccb04835358d",
            "7abf7fb3-fd44-4626-893d-687571b2db0b"
          ],
          "failures": [],
          "pending": [],
          "skipped": [],
          "duration": 15293,
          "root": false,
          "rootEmpty": false,
          "_timeout": 2000
        }
      ],
      "passes": [],
      "failures": [],
      "pending": [],
      "skipped": [],
      "duration": 0,
      "root": true,
      "rootEmpty": true,
      "_timeout": 2000
    }
  ],
  "meta": {
    "mocha": {
      "version": "7.0.1"
    },
    "mochawesome": {
      "options": {
        "quiet": false,
        "reportFilename": "mochawesome",
        "saveHtml": true,
        "saveJson": true,
        "consoleReporter": "spec",
        "useInlineDiffs": false,
        "code": true
      },
      "version": "7.1.3"
    },
    "marge": {
      "options": {
        "reportDir": "cypress/reports",
        "overwrite": false,
        "html": true,
        "json": true
      },
      "version": "6.2.0"
    }
  }
}