{
  "stats": {
    "suites": 2,
    "tests": 3,
    "passes": 3,
    "pending": 0,
    "failures": 0,
    "start": "2025-01-29T20:45:40.946Z",
    "end": "2025-01-29T20:45:41.876Z",
    "duration": 930,
    "testsRegistered": 3,
    "passPercent": 100,
    "pendingPercent": 0,
    "other": 0,
    "hasOther": false,
    "skipped": 0,
    "hasSkipped": false
  },
  "results": [
    {
      "uuid": "2da9de31-4f66-4402-b696-f36c57b296f0",
      "title": "",
      "fullFile": "cypress\\tests\\api\\usuarios\\getBuscarUsuariosId.cy.js",
      "file": "cypress\\tests\\api\\usuarios\\getBuscarUsuariosId.cy.js",
      "beforeHooks": [],
      "afterHooks": [],
      "tests": [],
      "suites": [
        {
          "uuid": "2342aeb7-6292-4634-b97f-8125317e1f83",
          "title": "GET Usuarios por ID",
          "fullFile": "",
          "file": "",
          "beforeHooks": [],
          "afterHooks": [],
          "tests": [
            {
              "title": "deve buscar usuário pelo ID",
              "fullTitle": "GET Usuarios por ID deve buscar usuário pelo ID",
              "timedOut": null,
              "duration": 448,
              "state": "passed",
              "speed": "fast",
              "pass": true,
              "fail": false,
              "pending": false,
              "context": null,
              "code": "cy.api_getBuscarUsuarioId(_id).then(response => {\n  expect(response.status).to.eq(200);\n  expect(response.body).to.be.not.null;\n  expect(response.body).to.have.property('_id', _id);\n});",
              "err": {},
              "uuid": "1258edc4-6f4a-489c-b89d-ffe8f50edaf5",
              "parentUUID": "2342aeb7-6292-4634-b97f-8125317e1f83",
              "isHook": false,
              "skipped": false
            }
          ],
          "suites": [],
          "passes": [
            "1258edc4-6f4a-489c-b89d-ffe8f50edaf5"
          ],
          "failures": [],
          "pending": [],
          "skipped": [],
          "duration": 448,
          "root": false,
          "rootEmpty": false,
          "_timeout": 2000
        },
        {
          "uuid": "031345fc-2090-41f8-b0ec-d1852303c5af",
          "title": "Erros",
          "fullFile": "",
          "file": "",
          "beforeHooks": [],
          "afterHooks": [],
          "tests": [
            {
              "title": "não deve buscar usuário com id inexistente",
              "fullTitle": "Erros não deve buscar usuário com id inexistente",
              "timedOut": null,
              "duration": 219,
              "state": "passed",
              "speed": "fast",
              "pass": true,
              "fail": false,
              "pending": false,
              "context": null,
              "code": "const id = '0uxuPY2cbmQhpEz1';\ncy.api_getBuscarUsuarioId(id).then(response => {\n  expect(response.status).to.eq(400);\n  expect(response.body).to.have.property('message', 'Usuário não encontrado');\n});",
              "err": {},
              "uuid": "66355734-2335-4166-a77f-6f89b22959fb",
              "parentUUID": "031345fc-2090-41f8-b0ec-d1852303c5af",
              "isHook": false,
              "skipped": false
            },
            {
              "title": "não deve buscar usuário com id nulo",
              "fullTitle": "Erros não deve buscar usuário com id nulo",
              "timedOut": null,
              "duration": 227,
              "state": "passed",
              "speed": "fast",
              "pass": true,
              "fail": false,
              "pending": false,
              "context": null,
              "code": "const id = null;\ncy.api_getBuscarUsuarioId(id).then(response => {\n  expect(response.status).to.eq(400);\n  expect(response.body).to.have.property('message', 'Usuário não encontrado');\n});",
              "err": {},
              "uuid": "b6a98d3e-e297-40a2-8a63-b3f78bdb02b9",
              "parentUUID": "031345fc-2090-41f8-b0ec-d1852303c5af",
              "isHook": false,
              "skipped": false
            }
          ],
          "suites": [],
          "passes": [
            "66355734-2335-4166-a77f-6f89b22959fb",
            "b6a98d3e-e297-40a2-8a63-b3f78bdb02b9"
          ],
          "failures": [],
          "pending": [],
          "skipped": [],
          "duration": 446,
          "root": false,
          "rootEmpty": false,
          "_timeout": 2000
        }
      ],
      "passes": [],
      "failures": [],
      "pending": [],
      "skipped": [],
      "duration": 0,
      "root": true,
      "rootEmpty": true,
      "_timeout": 2000
    }
  ],
  "meta": {
    "mocha": {
      "version": "7.0.1"
    },
    "mochawesome": {
      "options": {
        "quiet": false,
        "reportFilename": "mochawesome",
        "saveHtml": true,
        "saveJson": true,
        "consoleReporter": "spec",
        "useInlineDiffs": false,
        "code": true
      },
      "version": "7.1.3"
    },
    "marge": {
      "options": {
        "reportDir": "cypress/reports",
        "overwrite": false,
        "html": true,
        "json": true
      },
      "version": "6.2.0"
    }
  }
}