{
  "stats": {
    "suites": 2,
    "tests": 3,
    "passes": 3,
    "pending": 0,
    "failures": 0,
    "start": "2025-01-29T20:45:15.217Z",
    "end": "2025-01-29T20:45:17.817Z",
    "duration": 2600,
    "testsRegistered": 3,
    "passPercent": 100,
    "pendingPercent": 0,
    "other": 0,
    "hasOther": false,
    "skipped": 0,
    "hasSkipped": false
  },
  "results": [
    {
      "uuid": "8be0abc5-4610-484e-8037-2cd47cbda043",
      "title": "",
      "fullFile": "cypress\\tests\\api\\produtos\\deleteProdutos.cy.js",
      "file": "cypress\\tests\\api\\produtos\\deleteProdutos.cy.js",
      "beforeHooks": [],
      "afterHooks": [],
      "tests": [],
      "suites": [
        {
          "uuid": "e8065ae0-d253-4994-8346-ea4e51bc7312",
          "title": "DELETE Produtos",
          "fullFile": "",
          "file": "",
          "beforeHooks": [],
          "afterHooks": [],
          "tests": [
            {
              "title": "deve excluir produto com sucesso",
              "fullTitle": "DELETE Produtos deve excluir produto com sucesso",
              "timedOut": null,
              "duration": 862,
              "state": "passed",
              "speed": "fast",
              "pass": true,
              "fail": false,
              "pending": false,
              "context": null,
              "code": "cy.api_deleteProdutos(_id, jwt).then(response => {\n  expect(response.status).to.eq(200);\n  expect(response.body.message).to.contain('Registro excluído com sucesso');\n});",
              "err": {},
              "uuid": "d6b041ef-80ec-43f4-b122-7548960b5814",
              "parentUUID": "e8065ae0-d253-4994-8346-ea4e51bc7312",
              "isHook": false,
              "skipped": false
            }
          ],
          "suites": [],
          "passes": [
            "d6b041ef-80ec-43f4-b122-7548960b5814"
          ],
          "failures": [],
          "pending": [],
          "skipped": [],
          "duration": 862,
          "root": false,
          "rootEmpty": false,
          "_timeout": 2000
        },
        {
          "uuid": "38e97c09-2024-47d0-92c5-ebd577aa0f18",
          "title": "Erros",
          "fullFile": "",
          "file": "",
          "beforeHooks": [],
          "afterHooks": [],
          "tests": [
            {
              "title": "não deve excluir com id inexistente",
              "fullTitle": "Erros não deve excluir com id inexistente",
              "timedOut": null,
              "duration": 864,
              "state": "passed",
              "speed": "fast",
              "pass": true,
              "fail": false,
              "pending": false,
              "context": null,
              "code": "const idInexistente = _faker.faker.number.int();\ncy.api_deleteProdutos(idInexistente, jwt).then(response => {\n  expect(response.status).to.eq(200);\n  expect(response.body.message).to.contain('Nenhum registro excluído');\n});",
              "err": {},
              "uuid": "43236959-446f-46e9-9384-572b27dc05c7",
              "parentUUID": "38e97c09-2024-47d0-92c5-ebd577aa0f18",
              "isHook": false,
              "skipped": false
            },
            {
              "title": "não deve excluir com token expirando",
              "fullTitle": "Erros não deve excluir com token expirando",
              "timedOut": null,
              "duration": 847,
              "state": "passed",
              "speed": "fast",
              "pass": true,
              "fail": false,
              "pending": false,
              "context": null,
              "code": "const jwtExpirado = 'Bearer eyJhbGciOiJIUzI1NiIsInR5cCI6IkpXVCJ9.eyJlbWFpbCI6InRldHp6enpAdGVzdC5jb20iLCJwYXNzd29yZCI6IjEyMzQiLCJpYXQiOjE3MzgxMDI5MzgsImV4cCI6MTczODEwMzUzOH0.HgbWbMft9z8mBGQS-VuWwShYeSccsOb61H0A8X_Rk6U';\ncy.api_deleteProdutos(_id, jwtExpirado).then(response => {\n  expect(response.status).to.eq(401);\n  expect(response.body.message).to.contain('Token de acesso ausente, inválido, expirado ou usuário do token não existe mais');\n});",
              "err": {},
              "uuid": "1a1c5f23-4bb9-4dd1-b093-51a428ea071f",
              "parentUUID": "38e97c09-2024-47d0-92c5-ebd577aa0f18",
              "isHook": false,
              "skipped": false
            }
          ],
          "suites": [],
          "passes": [
            "43236959-446f-46e9-9384-572b27dc05c7",
            "1a1c5f23-4bb9-4dd1-b093-51a428ea071f"
          ],
          "failures": [],
          "pending": [],
          "skipped": [],
          "duration": 1711,
          "root": false,
          "rootEmpty": false,
          "_timeout": 2000
        }
      ],
      "passes": [],
      "failures": [],
      "pending": [],
      "skipped": [],
      "duration": 0,
      "root": true,
      "rootEmpty": true,
      "_timeout": 2000
    }
  ],
  "meta": {
    "mocha": {
      "version": "7.0.1"
    },
    "mochawesome": {
      "options": {
        "quiet": false,
        "reportFilename": "mochawesome",
        "saveHtml": true,
        "saveJson": true,
        "consoleReporter": "spec",
        "useInlineDiffs": false,
        "code": true
      },
      "version": "7.1.3"
    },
    "marge": {
      "options": {
        "reportDir": "cypress/reports",
        "overwrite": false,
        "html": true,
        "json": true
      },
      "version": "6.2.0"
    }
  }
}