{
  "stats": {
    "suites": 2,
    "tests": 3,
    "passes": 3,
    "pending": 0,
    "failures": 0,
    "start": "2025-01-29T14:00:25.612Z",
    "end": "2025-01-29T14:00:26.307Z",
    "duration": 695,
    "testsRegistered": 3,
    "passPercent": 100,
    "pendingPercent": 0,
    "other": 0,
    "hasOther": false,
    "skipped": 0,
    "hasSkipped": false
  },
  "results": [
    {
      "uuid": "3351cf0f-7325-4a59-9c2c-1ced0c190731",
      "title": "",
      "fullFile": "cypress\\tests\\api\\usuarios\\getBuscarUsuariosId.cy.js",
      "file": "cypress\\tests\\api\\usuarios\\getBuscarUsuariosId.cy.js",
      "beforeHooks": [],
      "afterHooks": [],
      "tests": [],
      "suites": [
        {
          "uuid": "b3333e88-d513-46ca-a573-f4d9a2dd2991",
          "title": "GET Usuarios por ID",
          "fullFile": "",
          "file": "",
          "beforeHooks": [],
          "afterHooks": [],
          "tests": [
            {
              "title": "deve buscar usuário pelo ID",
              "fullTitle": "GET Usuarios por ID deve buscar usuário pelo ID",
              "timedOut": null,
              "duration": 227,
              "state": "passed",
              "speed": "fast",
              "pass": true,
              "fail": false,
              "pending": false,
              "context": null,
              "code": "const id = '0bNQgMYhHZjCbO7y';\ncy.api_getBuscarUsuarioId(id).then(response => {\n  expect(response.status).to.eq(200);\n  expect(response.body).to.be.not.null;\n  expect(response.body).to.have.property('_id', id);\n});",
              "err": {},
              "uuid": "c5f6df20-5ab1-4971-8cb8-ddfa0ab54ac1",
              "parentUUID": "b3333e88-d513-46ca-a573-f4d9a2dd2991",
              "isHook": false,
              "skipped": false
            }
          ],
          "suites": [],
          "passes": [
            "c5f6df20-5ab1-4971-8cb8-ddfa0ab54ac1"
          ],
          "failures": [],
          "pending": [],
          "skipped": [],
          "duration": 227,
          "root": false,
          "rootEmpty": false,
          "_timeout": 2000
        },
        {
          "uuid": "a986b02c-ce57-4f21-bb43-ad823fc3ccb4",
          "title": "Erros",
          "fullFile": "",
          "file": "",
          "beforeHooks": [],
          "afterHooks": [],
          "tests": [
            {
              "title": "não deve buscar usuário com id inexistente",
              "fullTitle": "Erros não deve buscar usuário com id inexistente",
              "timedOut": null,
              "duration": 221,
              "state": "passed",
              "speed": "fast",
              "pass": true,
              "fail": false,
              "pending": false,
              "context": null,
              "code": "const id = '0uxuPY2cbmQhpEz1';\ncy.api_getBuscarUsuarioId(id).then(response => {\n  expect(response.status).to.eq(400);\n  expect(response.body).to.have.property('message', 'Usuário não encontrado');\n});",
              "err": {},
              "uuid": "c9a0a6cd-40d8-49ca-838a-8d04ae9f9756",
              "parentUUID": "a986b02c-ce57-4f21-bb43-ad823fc3ccb4",
              "isHook": false,
              "skipped": false
            },
            {
              "title": "não deve buscar usuário com id nulo",
              "fullTitle": "Erros não deve buscar usuário com id nulo",
              "timedOut": null,
              "duration": 215,
              "state": "passed",
              "speed": "fast",
              "pass": true,
              "fail": false,
              "pending": false,
              "context": null,
              "code": "const id = null;\ncy.api_getBuscarUsuarioId(id).then(response => {\n  expect(response.status).to.eq(400);\n  expect(response.body).to.have.property('message', 'Usuário não encontrado');\n});",
              "err": {},
              "uuid": "4f2d23ff-28be-4e9b-ba57-3a3fc1b12fdf",
              "parentUUID": "a986b02c-ce57-4f21-bb43-ad823fc3ccb4",
              "isHook": false,
              "skipped": false
            }
          ],
          "suites": [],
          "passes": [
            "c9a0a6cd-40d8-49ca-838a-8d04ae9f9756",
            "4f2d23ff-28be-4e9b-ba57-3a3fc1b12fdf"
          ],
          "failures": [],
          "pending": [],
          "skipped": [],
          "duration": 436,
          "root": false,
          "rootEmpty": false,
          "_timeout": 2000
        }
      ],
      "passes": [],
      "failures": [],
      "pending": [],
      "skipped": [],
      "duration": 0,
      "root": true,
      "rootEmpty": true,
      "_timeout": 2000
    }
  ],
  "meta": {
    "mocha": {
      "version": "7.0.1"
    },
    "mochawesome": {
      "options": {
        "quiet": false,
        "reportFilename": "mochawesome",
        "saveHtml": true,
        "saveJson": true,
        "consoleReporter": "spec",
        "useInlineDiffs": false,
        "code": true
      },
      "version": "7.1.3"
    },
    "marge": {
      "options": {
        "reportDir": "cypress/reports",
        "overwrite": false,
        "html": true,
        "json": true
      },
      "version": "6.2.0"
    }
  }
}