{
  "stats": {
    "suites": 2,
    "tests": 3,
    "passes": 3,
    "pending": 0,
    "failures": 0,
    "start": "2025-01-31T00:13:42.104Z",
    "end": "2025-01-31T00:13:43.039Z",
    "duration": 935,
    "testsRegistered": 3,
    "passPercent": 100,
    "pendingPercent": 0,
    "other": 0,
    "hasOther": false,
    "skipped": 0,
    "hasSkipped": false
  },
  "results": [
    {
      "uuid": "6b174c0e-934a-44eb-a1b1-ba6505b192d0",
      "title": "",
      "fullFile": "cypress\\tests\\api\\usuarios\\getBuscarUsuariosId.cy.js",
      "file": "cypress\\tests\\api\\usuarios\\getBuscarUsuariosId.cy.js",
      "beforeHooks": [],
      "afterHooks": [],
      "tests": [],
      "suites": [
        {
          "uuid": "2ced3c63-a508-4a61-8f6a-4d1c8337379c",
          "title": "GET Usuarios por ID",
          "fullFile": "",
          "file": "",
          "beforeHooks": [],
          "afterHooks": [],
          "tests": [
            {
              "title": "deve buscar usuário pelo ID",
              "fullTitle": "GET Usuarios por ID deve buscar usuário pelo ID",
              "timedOut": null,
              "duration": 451,
              "state": "passed",
              "speed": "fast",
              "pass": true,
              "fail": false,
              "pending": false,
              "context": null,
              "code": "cy.api_getBuscarUsuarioId(_id).then(response => {\n  expect(response.status).to.eq(200);\n  expect(response.body).to.be.not.null;\n  expect(response.body).to.have.property('_id', _id);\n});",
              "err": {},
              "uuid": "f922d0ba-d737-4dde-afa4-7fe35713b3cd",
              "parentUUID": "2ced3c63-a508-4a61-8f6a-4d1c8337379c",
              "isHook": false,
              "skipped": false
            }
          ],
          "suites": [],
          "passes": [
            "f922d0ba-d737-4dde-afa4-7fe35713b3cd"
          ],
          "failures": [],
          "pending": [],
          "skipped": [],
          "duration": 451,
          "root": false,
          "rootEmpty": false,
          "_timeout": 2000
        },
        {
          "uuid": "63b4e19c-52c2-42c4-b170-bdf7b84e1b57",
          "title": "Erros",
          "fullFile": "",
          "file": "",
          "beforeHooks": [],
          "afterHooks": [],
          "tests": [
            {
              "title": "não deve buscar usuário com id inexistente",
              "fullTitle": "Erros não deve buscar usuário com id inexistente",
              "timedOut": null,
              "duration": 237,
              "state": "passed",
              "speed": "fast",
              "pass": true,
              "fail": false,
              "pending": false,
              "context": null,
              "code": "const id = '0uxuPY2cbmQhpEz1';\ncy.api_getBuscarUsuarioId(id).then(response => {\n  expect(response.status).to.eq(400);\n  expect(response.body).to.have.property('message', 'Usuário não encontrado');\n});",
              "err": {},
              "uuid": "182f3106-3913-4fb0-aa44-f7d8f7f377b0",
              "parentUUID": "63b4e19c-52c2-42c4-b170-bdf7b84e1b57",
              "isHook": false,
              "skipped": false
            },
            {
              "title": "não deve buscar usuário com id nulo",
              "fullTitle": "Erros não deve buscar usuário com id nulo",
              "timedOut": null,
              "duration": 217,
              "state": "passed",
              "speed": "fast",
              "pass": true,
              "fail": false,
              "pending": false,
              "context": null,
              "code": "const id = null;\ncy.api_getBuscarUsuarioId(id).then(response => {\n  expect(response.status).to.eq(400);\n  expect(response.body).to.have.property('message', 'Usuário não encontrado');\n});",
              "err": {},
              "uuid": "99842c9e-f94d-4437-aa35-0db6af0d1367",
              "parentUUID": "63b4e19c-52c2-42c4-b170-bdf7b84e1b57",
              "isHook": false,
              "skipped": false
            }
          ],
          "suites": [],
          "passes": [
            "182f3106-3913-4fb0-aa44-f7d8f7f377b0",
            "99842c9e-f94d-4437-aa35-0db6af0d1367"
          ],
          "failures": [],
          "pending": [],
          "skipped": [],
          "duration": 454,
          "root": false,
          "rootEmpty": false,
          "_timeout": 2000
        }
      ],
      "passes": [],
      "failures": [],
      "pending": [],
      "skipped": [],
      "duration": 0,
      "root": true,
      "rootEmpty": true,
      "_timeout": 2000
    }
  ],
  "meta": {
    "mocha": {
      "version": "7.0.1"
    },
    "mochawesome": {
      "options": {
        "quiet": false,
        "reportFilename": "mochawesome",
        "saveHtml": true,
        "saveJson": true,
        "consoleReporter": "spec",
        "useInlineDiffs": false,
        "code": true
      },
      "version": "7.1.3"
    },
    "marge": {
      "options": {
        "reportDir": "cypress/reports",
        "overwrite": false,
        "html": true,
        "json": true
      },
      "version": "6.2.0"
    }
  }
}