{
  "stats": {
    "suites": 2,
    "tests": 5,
    "passes": 5,
    "pending": 0,
    "failures": 0,
    "start": "2025-01-29T20:46:13.677Z",
    "end": "2025-01-29T20:46:31.862Z",
    "duration": 18185,
    "testsRegistered": 5,
    "passPercent": 100,
    "pendingPercent": 0,
    "other": 0,
    "hasOther": false,
    "skipped": 0,
    "hasSkipped": false
  },
  "results": [
    {
      "uuid": "f130d023-22b7-40bb-b05f-7811837b78d0",
      "title": "",
      "fullFile": "cypress\\tests\\e2e\\usuarios\\cadastroUsuario.cy.js",
      "file": "cypress\\tests\\e2e\\usuarios\\cadastroUsuario.cy.js",
      "beforeHooks": [],
      "afterHooks": [],
      "tests": [],
      "suites": [
        {
          "uuid": "2301a909-25ab-4051-ae9c-605ab5d01104",
          "title": "Cadastro de Usuários",
          "fullFile": "",
          "file": "",
          "beforeHooks": [],
          "afterHooks": [],
          "tests": [
            {
              "title": "deve cadastrar usuário com sucesso",
              "fullTitle": "Cadastro de Usuários deve cadastrar usuário com sucesso",
              "timedOut": null,
              "duration": 6191,
              "state": "passed",
              "speed": "medium",
              "pass": true,
              "fail": false,
              "pending": false,
              "context": null,
              "code": "cy.cadastrarUsuario(usuario.nome, usuario.email, usuario.password);\ncy.get('.alert').should('be.visible');\ncy.url().should('be.equal', `${baseUrl}/home`);\ncy.get('[data-testid=\"logout\"]').should('be.visible');",
              "err": {},
              "uuid": "09168735-11ee-407a-af81-13078382b0ab",
              "parentUUID": "2301a909-25ab-4051-ae9c-605ab5d01104",
              "isHook": false,
              "skipped": false
            },
            {
              "title": "deve cadastrar usuário administrador com sucesso",
              "fullTitle": "Cadastro de Usuários deve cadastrar usuário administrador com sucesso",
              "timedOut": null,
              "duration": 5792,
              "state": "passed",
              "speed": "medium",
              "pass": true,
              "fail": false,
              "pending": false,
              "context": null,
              "code": "const email = _faker.faker.internet.email();\ncy.cadastrarUsuarioAdministrador(usuario.nome, email, usuario.password);\ncy.get('.alert').should('be.visible');\ncy.url().should('be.equal', `${baseUrl}/admin/home`);\ncy.get('[data-testid=\"logout\"]').should('be.visible');",
              "err": {},
              "uuid": "e940c599-3b4e-4f3c-bd7d-5b4c63c83590",
              "parentUUID": "2301a909-25ab-4051-ae9c-605ab5d01104",
              "isHook": false,
              "skipped": false
            }
          ],
          "suites": [],
          "passes": [
            "09168735-11ee-407a-af81-13078382b0ab",
            "e940c599-3b4e-4f3c-bd7d-5b4c63c83590"
          ],
          "failures": [],
          "pending": [],
          "skipped": [],
          "duration": 11983,
          "root": false,
          "rootEmpty": false,
          "_timeout": 2000
        },
        {
          "uuid": "c4ec4b23-3513-406a-9577-ad7eb96a1ad1",
          "title": "Erros",
          "fullFile": "",
          "file": "",
          "beforeHooks": [],
          "afterHooks": [],
          "tests": [
            {
              "title": "não deve cadastrar com e-mail inválido",
              "fullTitle": "Erros não deve cadastrar com e-mail inválido",
              "timedOut": null,
              "duration": 2488,
              "state": "passed",
              "speed": "fast",
              "pass": true,
              "fail": false,
              "pending": false,
              "context": null,
              "code": "const email = 'teste@teste';\ncy.cadastrarUsuario(usuario.nome, email, usuario.password);\ncy.contains('.alert', 'Email deve ser um email válido').should('be.visible');\ncy.url().should('be.equal', `${baseUrl}/cadastrarusuarios`);",
              "err": {},
              "uuid": "50bd6cb4-0f23-4382-879c-c99b0e568200",
              "parentUUID": "c4ec4b23-3513-406a-9577-ad7eb96a1ad1",
              "isHook": false,
              "skipped": false
            },
            {
              "title": "não deve cadastrar com email já cadastrado",
              "fullTitle": "Erros não deve cadastrar com email já cadastrado",
              "timedOut": null,
              "duration": 2572,
              "state": "passed",
              "speed": "fast",
              "pass": true,
              "fail": false,
              "pending": false,
              "context": null,
              "code": "const nome = _faker.faker.person.fullName();\nconst email = _faker.faker.internet.email();\nconst password = _faker.faker.internet.password();\nconst administrador = Math.random() < 0.5 ? 'true' : 'false';\ncy.api_postUsuarios(nome, email, password, administrador).then(response => {\n  expect(response.status).to.eq(201);\n});\ncy.cadastrarUsuario(usuario.nome, email, usuario.password);\ncy.contains('.alert', 'Este email já está sendo usado').should('be.visible');",
              "err": {},
              "uuid": "6378b81f-bd50-43f5-875c-312368343bb5",
              "parentUUID": "c4ec4b23-3513-406a-9577-ad7eb96a1ad1",
              "isHook": false,
              "skipped": false
            },
            {
              "title": "não deve cadastrar com campos obrigatórios vazios",
              "fullTitle": "Erros não deve cadastrar com campos obrigatórios vazios",
              "timedOut": null,
              "duration": 1028,
              "state": "passed",
              "speed": "fast",
              "pass": true,
              "fail": false,
              "pending": false,
              "context": null,
              "code": "cy.cadastrarUsuarioComCamposVazios();\ncy.contains('.form', 'Nome é obrigatório').should('be.visible');\ncy.contains('.form', 'Email é obrigatório').should('be.visible');\ncy.contains('.form', 'Password é obrigatório').should('be.visible');\ncy.url().should('be.equal', `${baseUrl}/cadastrarusuarios`);",
              "err": {},
              "uuid": "99f1a4b3-aafb-40cc-9a0a-ac83bf4ab193",
              "parentUUID": "c4ec4b23-3513-406a-9577-ad7eb96a1ad1",
              "isHook": false,
              "skipped": false
            }
          ],
          "suites": [],
          "passes": [
            "50bd6cb4-0f23-4382-879c-c99b0e568200",
            "6378b81f-bd50-43f5-875c-312368343bb5",
            "99f1a4b3-aafb-40cc-9a0a-ac83bf4ab193"
          ],
          "failures": [],
          "pending": [],
          "skipped": [],
          "duration": 6088,
          "root": false,
          "rootEmpty": false,
          "_timeout": 2000
        }
      ],
      "passes": [],
      "failures": [],
      "pending": [],
      "skipped": [],
      "duration": 0,
      "root": true,
      "rootEmpty": true,
      "_timeout": 2000
    }
  ],
  "meta": {
    "mocha": {
      "version": "7.0.1"
    },
    "mochawesome": {
      "options": {
        "quiet": false,
        "reportFilename": "mochawesome",
        "saveHtml": true,
        "saveJson": true,
        "consoleReporter": "spec",
        "useInlineDiffs": false,
        "code": true
      },
      "version": "7.1.3"
    },
    "marge": {
      "options": {
        "reportDir": "cypress/reports",
        "overwrite": false,
        "html": true,
        "json": true
      },
      "version": "6.2.0"
    }
  }
}