{
  "stats": {
    "suites": 2,
    "tests": 4,
    "passes": 4,
    "pending": 0,
    "failures": 0,
    "start": "2025-01-29T20:45:22.205Z",
    "end": "2025-01-29T20:45:23.170Z",
    "duration": 965,
    "testsRegistered": 4,
    "passPercent": 100,
    "pendingPercent": 0,
    "other": 0,
    "hasOther": false,
    "skipped": 0,
    "hasSkipped": false
  },
  "results": [
    {
      "uuid": "22d9890b-af75-41a8-ae8a-3c46acb07b57",
      "title": "",
      "fullFile": "cypress\\tests\\api\\produtos\\getListarProdutos.cy.js",
      "file": "cypress\\tests\\api\\produtos\\getListarProdutos.cy.js",
      "beforeHooks": [],
      "afterHooks": [],
      "tests": [],
      "suites": [
        {
          "uuid": "a0c5ef3b-8049-417a-9eaa-5d14cb1bbfa2",
          "title": "GET Produtos",
          "fullFile": "",
          "file": "",
          "beforeHooks": [],
          "afterHooks": [],
          "tests": [
            {
              "title": "deve listar produtos com sucesso",
              "fullTitle": "GET Produtos deve listar produtos com sucesso",
              "timedOut": null,
              "duration": 274,
              "state": "passed",
              "speed": "fast",
              "pass": true,
              "fail": false,
              "pending": false,
              "context": null,
              "code": "cy.api_getListarProdutos().then(response => {\n  expect(response.status).to.eq(200);\n  expect(response.body).to.be.not.null;\n  expect(response.body.produtos.length).to.be.greaterThan(0);\n});",
              "err": {},
              "uuid": "75372d92-f2f7-4442-9937-007c382b7ac3",
              "parentUUID": "a0c5ef3b-8049-417a-9eaa-5d14cb1bbfa2",
              "isHook": false,
              "skipped": false
            }
          ],
          "suites": [],
          "passes": [
            "75372d92-f2f7-4442-9937-007c382b7ac3"
          ],
          "failures": [],
          "pending": [],
          "skipped": [],
          "duration": 274,
          "root": false,
          "rootEmpty": false,
          "_timeout": 2000
        },
        {
          "uuid": "d244020e-8edf-4c45-ad85-5b9219d189b7",
          "title": "Erros",
          "fullFile": "",
          "file": "",
          "beforeHooks": [],
          "afterHooks": [],
          "tests": [
            {
              "title": "não deve listar produtos com preço inválido",
              "fullTitle": "Erros não deve listar produtos com preço inválido",
              "timedOut": null,
              "duration": 212,
              "state": "passed",
              "speed": "fast",
              "pass": true,
              "fail": false,
              "pending": false,
              "context": null,
              "code": "const preco = 'teste';\ncy.api_getListarProdutosParams('preco', preco).then(response => {\n  expect(response.status).to.eq(400);\n  expect(response.body).to.have.property('preco', 'preco deve ser um número');\n});",
              "err": {},
              "uuid": "399f5e0c-d760-4eb4-8d3f-11fc56a4d98d",
              "parentUUID": "d244020e-8edf-4c45-ad85-5b9219d189b7",
              "isHook": false,
              "skipped": false
            },
            {
              "title": "não deve listar produtos com quantidade inválida",
              "fullTitle": "Erros não deve listar produtos com quantidade inválida",
              "timedOut": null,
              "duration": 216,
              "state": "passed",
              "speed": "fast",
              "pass": true,
              "fail": false,
              "pending": false,
              "context": null,
              "code": "const quantidade = 'teste';\ncy.api_getListarProdutosParams('quantidade', quantidade).then(response => {\n  expect(response.status).to.eq(400);\n  expect(response.body).to.have.property('quantidade', 'quantidade deve ser um número');\n});",
              "err": {},
              "uuid": "da00bac3-93d4-433a-9604-974dbf81bb93",
              "parentUUID": "d244020e-8edf-4c45-ad85-5b9219d189b7",
              "isHook": false,
              "skipped": false
            },
            {
              "title": "não deve listar produtos com id inexistente",
              "fullTitle": "Erros não deve listar produtos com id inexistente",
              "timedOut": null,
              "duration": 224,
              "state": "passed",
              "speed": "fast",
              "pass": true,
              "fail": false,
              "pending": false,
              "context": null,
              "code": "const id = '0Yl5F13ToBclD2Sz';\ncy.api_getListarProdutosParams('_id', id).then(response => {\n  expect(response.status).to.eq(200);\n  expect(response.body.quantidade).to.eq(0);\n});",
              "err": {},
              "uuid": "786503f3-fbe0-476f-a537-9ec515a49f57",
              "parentUUID": "d244020e-8edf-4c45-ad85-5b9219d189b7",
              "isHook": false,
              "skipped": false
            }
          ],
          "suites": [],
          "passes": [
            "399f5e0c-d760-4eb4-8d3f-11fc56a4d98d",
            "da00bac3-93d4-433a-9604-974dbf81bb93",
            "786503f3-fbe0-476f-a537-9ec515a49f57"
          ],
          "failures": [],
          "pending": [],
          "skipped": [],
          "duration": 652,
          "root": false,
          "rootEmpty": false,
          "_timeout": 2000
        }
      ],
      "passes": [],
      "failures": [],
      "pending": [],
      "skipped": [],
      "duration": 0,
      "root": true,
      "rootEmpty": true,
      "_timeout": 2000
    }
  ],
  "meta": {
    "mocha": {
      "version": "7.0.1"
    },
    "mochawesome": {
      "options": {
        "quiet": false,
        "reportFilename": "mochawesome",
        "saveHtml": true,
        "saveJson": true,
        "consoleReporter": "spec",
        "useInlineDiffs": false,
        "code": true
      },
      "version": "7.1.3"
    },
    "marge": {
      "options": {
        "reportDir": "cypress/reports",
        "overwrite": false,
        "html": true,
        "json": true
      },
      "version": "6.2.0"
    }
  }
}