{
  "stats": {
    "suites": 2,
    "tests": 5,
    "passes": 5,
    "pending": 0,
    "failures": 0,
    "start": "2025-01-29T20:45:30.699Z",
    "end": "2025-01-29T20:45:35.574Z",
    "duration": 4875,
    "testsRegistered": 5,
    "passPercent": 100,
    "pendingPercent": 0,
    "other": 0,
    "hasOther": false,
    "skipped": 0,
    "hasSkipped": false
  },
  "results": [
    {
      "uuid": "13cf0e99-fcb2-4655-9c5b-313a213467e4",
      "title": "",
      "fullFile": "cypress\\tests\\api\\produtos\\putProdutos.cy.js",
      "file": "cypress\\tests\\api\\produtos\\putProdutos.cy.js",
      "beforeHooks": [],
      "afterHooks": [],
      "tests": [],
      "suites": [
        {
          "uuid": "1998a631-53b6-4213-97a5-7a3aa5eecc0f",
          "title": "PUT Produtos",
          "fullFile": "",
          "file": "",
          "beforeHooks": [],
          "afterHooks": [],
          "tests": [
            {
              "title": "deve editar produto com sucesso",
              "fullTitle": "PUT Produtos deve editar produto com sucesso",
              "timedOut": null,
              "duration": 891,
              "state": "passed",
              "speed": "fast",
              "pass": true,
              "fail": false,
              "pending": false,
              "context": null,
              "code": "const nome = _faker.faker.commerce.productName();\nconst preco = _faker.faker.number.int();\nconst descricao = _faker.faker.commerce.productDescription();\nconst quantidade = _faker.faker.number.int();\ncy.api_putProdutos(_id, nome, preco, descricao, quantidade, jwt).then(response => {\n  expect(response.status).to.eq(200);\n  expect(response.body.message).to.contain('Registro alterado com sucesso');\n});",
              "err": {},
              "uuid": "18a62326-7baf-42ff-8b96-2fe0eefc3ff4",
              "parentUUID": "1998a631-53b6-4213-97a5-7a3aa5eecc0f",
              "isHook": false,
              "skipped": false
            },
            {
              "title": "deve cadastrar quando id não existir",
              "fullTitle": "PUT Produtos deve cadastrar quando id não existir",
              "timedOut": null,
              "duration": 883,
              "state": "passed",
              "speed": "fast",
              "pass": true,
              "fail": false,
              "pending": false,
              "context": null,
              "code": "const nome = _faker.faker.commerce.productName();\nconst preco = _faker.faker.number.int();\nconst descricao = _faker.faker.commerce.productDescription();\nconst quantidade = _faker.faker.number.int();\nconst novoId = _faker.faker.number.int();\ncy.api_putProdutos(novoId, nome, preco, descricao, quantidade, jwt).then(response => {\n  expect(response.status).to.eq(201);\n  expect(response.body.message).to.contain('Cadastro realizado com sucesso');\n  expect(response.body._id).is.not.null;\n});",
              "err": {},
              "uuid": "64663520-8351-4119-8f9f-9b82670c3e89",
              "parentUUID": "1998a631-53b6-4213-97a5-7a3aa5eecc0f",
              "isHook": false,
              "skipped": false
            }
          ],
          "suites": [],
          "passes": [
            "18a62326-7baf-42ff-8b96-2fe0eefc3ff4",
            "64663520-8351-4119-8f9f-9b82670c3e89"
          ],
          "failures": [],
          "pending": [],
          "skipped": [],
          "duration": 1774,
          "root": false,
          "rootEmpty": false,
          "_timeout": 2000
        },
        {
          "uuid": "b03b8897-7cf1-4093-be36-eab29976ab44",
          "title": "Erros",
          "fullFile": "",
          "file": "",
          "beforeHooks": [],
          "afterHooks": [],
          "tests": [
            {
              "title": "não deve editar com quantidade inválida",
              "fullTitle": "Erros não deve editar com quantidade inválida",
              "timedOut": null,
              "duration": 872,
              "state": "passed",
              "speed": "fast",
              "pass": true,
              "fail": false,
              "pending": false,
              "context": null,
              "code": "const nome = _faker.faker.commerce.productName();\nconst preco = _faker.faker.number.int();\nconst descricao = _faker.faker.commerce.productDescription();\nconst quantidade = _faker.faker.commerce.productName();\ncy.api_putProdutos(_id, nome, preco, descricao, quantidade, jwt).then(response => {\n  expect(response.status).to.eq(400);\n  expect(response.body).to.have.property('quantidade', 'quantidade deve ser um número');\n});",
              "err": {},
              "uuid": "282d5819-dfba-45b6-bcdc-0e32232d879e",
              "parentUUID": "b03b8897-7cf1-4093-be36-eab29976ab44",
              "isHook": false,
              "skipped": false
            },
            {
              "title": "não deve editar com nome existente",
              "fullTitle": "Erros não deve editar com nome existente",
              "timedOut": null,
              "duration": 1317,
              "state": "passed",
              "speed": "fast",
              "pass": true,
              "fail": false,
              "pending": false,
              "context": null,
              "code": "const nome = _faker.faker.commerce.productName();\nconst preco = _faker.faker.number.int();\nconst descricao = _faker.faker.commerce.productDescription();\nconst quantidade = _faker.faker.number.int();\ncy.api_putProdutos(_id, nome, preco, descricao, quantidade, jwt).then(response => {\n  expect(response.status).to.eq(200);\n  expect(response.body.message).to.contain('Registro alterado com sucesso');\n  const nomeProduto2 = _faker.faker.commerce.productName();\n  cy.api_postProdutos(nomeProduto2, preco, descricao, quantidade, jwt).then(response => {\n    expect(response.status).to.eq(201);\n    const novoId = response.body._id;\n    cy.api_putProdutos(novoId, nome, preco, descricao, quantidade, jwt).then(response => {\n      expect(response.status).to.eq(400);\n      expect(response.body.message).to.contain('Já existe produto com esse nome');\n    });\n  });\n});",
              "err": {},
              "uuid": "4c609a9a-8b6d-48ac-a713-2d467bd72b4e",
              "parentUUID": "b03b8897-7cf1-4093-be36-eab29976ab44",
              "isHook": false,
              "skipped": false
            },
            {
              "title": "não deve editar com campos obrigatórios inválidos",
              "fullTitle": "Erros não deve editar com campos obrigatórios inválidos",
              "timedOut": null,
              "duration": 873,
              "state": "passed",
              "speed": "fast",
              "pass": true,
              "fail": false,
              "pending": false,
              "context": null,
              "code": "const nome = '';\nconst preco = '';\nconst descricao = '';\nconst quantidade = '';\ncy.api_putProdutos(_id, nome, preco, descricao, quantidade, jwt).then(response => {\n  expect(response.status).to.eq(400);\n  expect(response.body).to.have.all.keys('nome', 'preco', 'descricao', 'quantidade');\n  expect(response.body).to.deep.include({\n    nome: 'nome não pode ficar em branco',\n    preco: 'preco deve ser um número',\n    descricao: 'descricao não pode ficar em branco',\n    quantidade: 'quantidade deve ser um número'\n  });\n});",
              "err": {},
              "uuid": "6d57b9c6-1491-4a96-98bc-c7d6889a3b49",
              "parentUUID": "b03b8897-7cf1-4093-be36-eab29976ab44",
              "isHook": false,
              "skipped": false
            }
          ],
          "suites": [],
          "passes": [
            "282d5819-dfba-45b6-bcdc-0e32232d879e",
            "4c609a9a-8b6d-48ac-a713-2d467bd72b4e",
            "6d57b9c6-1491-4a96-98bc-c7d6889a3b49"
          ],
          "failures": [],
          "pending": [],
          "skipped": [],
          "duration": 3062,
          "root": false,
          "rootEmpty": false,
          "_timeout": 2000
        }
      ],
      "passes": [],
      "failures": [],
      "pending": [],
      "skipped": [],
      "duration": 0,
      "root": true,
      "rootEmpty": true,
      "_timeout": 2000
    }
  ],
  "meta": {
    "mocha": {
      "version": "7.0.1"
    },
    "mochawesome": {
      "options": {
        "quiet": false,
        "reportFilename": "mochawesome",
        "saveHtml": true,
        "saveJson": true,
        "consoleReporter": "spec",
        "useInlineDiffs": false,
        "code": true
      },
      "version": "7.1.3"
    },
    "marge": {
      "options": {
        "reportDir": "cypress/reports",
        "overwrite": false,
        "html": true,
        "json": true
      },
      "version": "6.2.0"
    }
  }
}