{
  "stats": {
    "suites": 2,
    "tests": 3,
    "passes": 3,
    "pending": 0,
    "failures": 0,
    "start": "2025-01-29T14:00:02.575Z",
    "end": "2025-01-29T14:00:05.170Z",
    "duration": 2595,
    "testsRegistered": 3,
    "passPercent": 100,
    "pendingPercent": 0,
    "other": 0,
    "hasOther": false,
    "skipped": 0,
    "hasSkipped": false
  },
  "results": [
    {
      "uuid": "f24b2458-1697-449a-8401-7687a314f5f4",
      "title": "",
      "fullFile": "cypress\\tests\\api\\produtos\\deleteProdutos.cy.js",
      "file": "cypress\\tests\\api\\produtos\\deleteProdutos.cy.js",
      "beforeHooks": [],
      "afterHooks": [],
      "tests": [],
      "suites": [
        {
          "uuid": "526056f3-1acc-4d02-b038-2459bc168e56",
          "title": "DELETE Produtos",
          "fullFile": "",
          "file": "",
          "beforeHooks": [],
          "afterHooks": [],
          "tests": [
            {
              "title": "deve excluir produto com sucesso",
              "fullTitle": "DELETE Produtos deve excluir produto com sucesso",
              "timedOut": null,
              "duration": 877,
              "state": "passed",
              "speed": "fast",
              "pass": true,
              "fail": false,
              "pending": false,
              "context": null,
              "code": "cy.api_deleteProdutos(_id, jwt).then(response => {\n  expect(response.status).to.eq(200);\n  expect(response.body.message).to.contain('Registro excluído com sucesso');\n});",
              "err": {},
              "uuid": "7773cf41-2f53-457b-a11c-6af2aca77483",
              "parentUUID": "526056f3-1acc-4d02-b038-2459bc168e56",
              "isHook": false,
              "skipped": false
            }
          ],
          "suites": [],
          "passes": [
            "7773cf41-2f53-457b-a11c-6af2aca77483"
          ],
          "failures": [],
          "pending": [],
          "skipped": [],
          "duration": 877,
          "root": false,
          "rootEmpty": false,
          "_timeout": 2000
        },
        {
          "uuid": "91817aea-632c-420b-826b-b6779fbede76",
          "title": "Erros",
          "fullFile": "",
          "file": "",
          "beforeHooks": [],
          "afterHooks": [],
          "tests": [
            {
              "title": "não deve excluir com id inexistente",
              "fullTitle": "Erros não deve excluir com id inexistente",
              "timedOut": null,
              "duration": 849,
              "state": "passed",
              "speed": "fast",
              "pass": true,
              "fail": false,
              "pending": false,
              "context": null,
              "code": "const idInexistente = _faker.faker.number.int();\ncy.api_deleteProdutos(idInexistente, jwt).then(response => {\n  expect(response.status).to.eq(200);\n  expect(response.body.message).to.contain('Nenhum registro excluído');\n});",
              "err": {},
              "uuid": "c7a3fd47-d318-40a2-942b-6f63af588d7e",
              "parentUUID": "91817aea-632c-420b-826b-b6779fbede76",
              "isHook": false,
              "skipped": false
            },
            {
              "title": "não deve excluir com token expirando",
              "fullTitle": "Erros não deve excluir com token expirando",
              "timedOut": null,
              "duration": 842,
              "state": "passed",
              "speed": "fast",
              "pass": true,
              "fail": false,
              "pending": false,
              "context": null,
              "code": "const jwtExpirado = 'Bearer eyJhbGciOiJIUzI1NiIsInR5cCI6IkpXVCJ9.eyJlbWFpbCI6InRldHp6enpAdGVzdC5jb20iLCJwYXNzd29yZCI6IjEyMzQiLCJpYXQiOjE3MzgxMDI5MzgsImV4cCI6MTczODEwMzUzOH0.HgbWbMft9z8mBGQS-VuWwShYeSccsOb61H0A8X_Rk6U';\ncy.api_deleteProdutos(_id, jwtExpirado).then(response => {\n  expect(response.status).to.eq(401);\n  expect(response.body.message).to.contain('Token de acesso ausente, inválido, expirado ou usuário do token não existe mais');\n});",
              "err": {},
              "uuid": "86f7d5a9-5f59-47cc-93fa-23e35c779a69",
              "parentUUID": "91817aea-632c-420b-826b-b6779fbede76",
              "isHook": false,
              "skipped": false
            }
          ],
          "suites": [],
          "passes": [
            "c7a3fd47-d318-40a2-942b-6f63af588d7e",
            "86f7d5a9-5f59-47cc-93fa-23e35c779a69"
          ],
          "failures": [],
          "pending": [],
          "skipped": [],
          "duration": 1691,
          "root": false,
          "rootEmpty": false,
          "_timeout": 2000
        }
      ],
      "passes": [],
      "failures": [],
      "pending": [],
      "skipped": [],
      "duration": 0,
      "root": true,
      "rootEmpty": true,
      "_timeout": 2000
    }
  ],
  "meta": {
    "mocha": {
      "version": "7.0.1"
    },
    "mochawesome": {
      "options": {
        "quiet": false,
        "reportFilename": "mochawesome",
        "saveHtml": true,
        "saveJson": true,
        "consoleReporter": "spec",
        "useInlineDiffs": false,
        "code": true
      },
      "version": "7.1.3"
    },
    "marge": {
      "options": {
        "reportDir": "cypress/reports",
        "overwrite": false,
        "html": true,
        "json": true
      },
      "version": "6.2.0"
    }
  }
}