{
  "stats": {
    "suites": 2,
    "tests": 5,
    "passes": 5,
    "pending": 0,
    "failures": 0,
    "start": "2025-01-31T00:14:16.536Z",
    "end": "2025-01-31T00:14:18.160Z",
    "duration": 1624,
    "testsRegistered": 5,
    "passPercent": 100,
    "pendingPercent": 0,
    "other": 0,
    "hasOther": false,
    "skipped": 0,
    "hasSkipped": false
  },
  "results": [
    {
      "uuid": "a65f9bdd-388a-401e-8390-3f53e3e86417",
      "title": "",
      "fullFile": "cypress\\tests\\api\\usuarios\\putUsuarios.cy.js",
      "file": "cypress\\tests\\api\\usuarios\\putUsuarios.cy.js",
      "beforeHooks": [],
      "afterHooks": [],
      "tests": [],
      "suites": [
        {
          "uuid": "dc0f6c68-475b-4832-b820-e1804a0bf2e6",
          "title": "PUT Usuarios",
          "fullFile": "",
          "file": "",
          "beforeHooks": [],
          "afterHooks": [],
          "tests": [
            {
              "title": "deve editar usuario com sucesso",
              "fullTitle": "PUT Usuarios deve editar usuario com sucesso",
              "timedOut": null,
              "duration": 454,
              "state": "passed",
              "speed": "fast",
              "pass": true,
              "fail": false,
              "pending": false,
              "context": null,
              "code": "const nome = _faker.faker.person.fullName();\nconst email = _faker.faker.internet.email();\nconst password = _faker.faker.internet.password();\nconst administrador = Math.random() < 0.5 ? 'true' : 'false';\ncy.api_putUsuarios(_id, nome, email, password, administrador).then(response => {\n  expect(response.status).to.eq(200);\n  expect(response.body.message).to.contain('Registro alterado com sucesso');\n});",
              "err": {},
              "uuid": "54851396-b207-4503-a7d4-419578857c86",
              "parentUUID": "dc0f6c68-475b-4832-b820-e1804a0bf2e6",
              "isHook": false,
              "skipped": false
            },
            {
              "title": "deve cadastrar quando o id não existir",
              "fullTitle": "PUT Usuarios deve cadastrar quando o id não existir",
              "timedOut": null,
              "duration": 221,
              "state": "passed",
              "speed": "fast",
              "pass": true,
              "fail": false,
              "pending": false,
              "context": null,
              "code": "const nome = _faker.faker.person.fullName();\nconst email = _faker.faker.internet.email();\nconst password = _faker.faker.internet.password();\nconst administrador = Math.random() < 0.5 ? 'true' : 'false';\nconst novoId = _faker.faker.number.int();\ncy.api_putUsuarios(novoId, nome, email, password, administrador).then(response => {\n  expect(response.status).to.eq(201);\n  expect(response.body.message).to.contain('Cadastro realizado com sucesso');\n  expect(response.body._id).is.not.null;\n});",
              "err": {},
              "uuid": "63410c8d-89d5-4f72-a23f-2d4a5bf8685d",
              "parentUUID": "dc0f6c68-475b-4832-b820-e1804a0bf2e6",
              "isHook": false,
              "skipped": false
            }
          ],
          "suites": [],
          "passes": [
            "54851396-b207-4503-a7d4-419578857c86",
            "63410c8d-89d5-4f72-a23f-2d4a5bf8685d"
          ],
          "failures": [],
          "pending": [],
          "skipped": [],
          "duration": 675,
          "root": false,
          "rootEmpty": false,
          "_timeout": 2000
        },
        {
          "uuid": "b38cadfe-0275-4c6f-baf0-d847ea3aeb1c",
          "title": "Erros",
          "fullFile": "",
          "file": "",
          "beforeHooks": [],
          "afterHooks": [],
          "tests": [
            {
              "title": "não deve editar com email inválido",
              "fullTitle": "Erros não deve editar com email inválido",
              "timedOut": null,
              "duration": 242,
              "state": "passed",
              "speed": "fast",
              "pass": true,
              "fail": false,
              "pending": false,
              "context": null,
              "code": "const nome = _faker.faker.person.fullName();\nconst email = 'teste@teste';\nconst password = _faker.faker.internet.password();\nconst administrador = Math.random() < 0.5 ? 'true' : 'false';\nconst _id = _faker.faker.number.int();\ncy.api_putUsuarios(_id, nome, email, password, administrador).then(response => {\n  expect(response.status).to.eq(400);\n  expect(response.body).to.have.property('email', 'email deve ser um email válido');\n});",
              "err": {},
              "uuid": "6a3e7e45-0e57-4ec7-8ca2-2f832490a77b",
              "parentUUID": "b38cadfe-0275-4c6f-baf0-d847ea3aeb1c",
              "isHook": false,
              "skipped": false
            },
            {
              "title": "não deve editar com email existente",
              "fullTitle": "Erros não deve editar com email existente",
              "timedOut": null,
              "duration": 441,
              "state": "passed",
              "speed": "fast",
              "pass": true,
              "fail": false,
              "pending": false,
              "context": null,
              "code": "let _id;\nconst nome = _faker.faker.person.fullName();\nconst email = _faker.faker.internet.email();\nconst password = _faker.faker.internet.password();\nconst administrador = Math.random() < 0.5 ? 'true' : 'false';\ncy.api_postUsuarios(nome, email, password, administrador).then(response => {\n  expect(response.status).to.eq(201);\n  _id = response.body._id;\n});\ncy.api_putUsuarios(_id, nome, email, password, administrador).then(response => {\n  expect(response.status).to.eq(400);\n  expect(response.body.message).to.contain('Este email já está sendo usado');\n});",
              "err": {},
              "uuid": "7f8d48b5-86c0-423e-adee-0efb739418df",
              "parentUUID": "b38cadfe-0275-4c6f-baf0-d847ea3aeb1c",
              "isHook": false,
              "skipped": false
            },
            {
              "title": "não deve editar com campos obrigatórios vazios",
              "fullTitle": "Erros não deve editar com campos obrigatórios vazios",
              "timedOut": null,
              "duration": 222,
              "state": "passed",
              "speed": "fast",
              "pass": true,
              "fail": false,
              "pending": false,
              "context": null,
              "code": "const nome = '';\nconst email = '';\nconst password = '';\nconst administrador = '';\nconst _id = _faker.faker.number.int();\ncy.api_putUsuarios(_id, nome, email, password, administrador).then(response => {\n  expect(response.status).to.eq(400);\n  expect(response.body).to.have.all.keys('nome', 'email', 'password', 'administrador');\n  expect(response.body).to.deep.include({\n    nome: 'nome não pode ficar em branco',\n    email: 'email não pode ficar em branco',\n    password: 'password não pode ficar em branco',\n    administrador: \"administrador deve ser 'true' ou 'false'\"\n  });\n});",
              "err": {},
              "uuid": "df97d9b6-2bf3-4974-af11-b69fb5dd01de",
              "parentUUID": "b38cadfe-0275-4c6f-baf0-d847ea3aeb1c",
              "isHook": false,
              "skipped": false
            }
          ],
          "suites": [],
          "passes": [
            "6a3e7e45-0e57-4ec7-8ca2-2f832490a77b",
            "7f8d48b5-86c0-423e-adee-0efb739418df",
            "df97d9b6-2bf3-4974-af11-b69fb5dd01de"
          ],
          "failures": [],
          "pending": [],
          "skipped": [],
          "duration": 905,
          "root": false,
          "rootEmpty": false,
          "_timeout": 2000
        }
      ],
      "passes": [],
      "failures": [],
      "pending": [],
      "skipped": [],
      "duration": 0,
      "root": true,
      "rootEmpty": true,
      "_timeout": 2000
    }
  ],
  "meta": {
    "mocha": {
      "version": "7.0.1"
    },
    "mochawesome": {
      "options": {
        "quiet": false,
        "reportFilename": "mochawesome",
        "saveHtml": true,
        "saveJson": true,
        "consoleReporter": "spec",
        "useInlineDiffs": false,
        "code": true
      },
      "version": "7.1.3"
    },
    "marge": {
      "options": {
        "reportDir": "cypress/reports",
        "overwrite": false,
        "html": true,
        "json": true
      },
      "version": "6.2.0"
    }
  }
}