{
  "stats": {
    "suites": 2,
    "tests": 5,
    "passes": 5,
    "pending": 0,
    "failures": 0,
    "start": "2025-01-31T00:15:33.553Z",
    "end": "2025-01-31T00:15:52.069Z",
    "duration": 18516,
    "testsRegistered": 5,
    "passPercent": 100,
    "pendingPercent": 0,
    "other": 0,
    "hasOther": false,
    "skipped": 0,
    "hasSkipped": false
  },
  "results": [
    {
      "uuid": "724896d8-fc59-4fa5-b71d-18d43c41df01",
      "title": "",
      "fullFile": "cypress\\tests\\e2e\\usuarios\\cadastroUsuario.cy.js",
      "file": "cypress\\tests\\e2e\\usuarios\\cadastroUsuario.cy.js",
      "beforeHooks": [],
      "afterHooks": [],
      "tests": [],
      "suites": [
        {
          "uuid": "c6dc4d0d-b87d-4ab3-b822-ffcb5f72a2b4",
          "title": "Cadastro de Usuários",
          "fullFile": "",
          "file": "",
          "beforeHooks": [],
          "afterHooks": [],
          "tests": [
            {
              "title": "deve cadastrar usuário com sucesso",
              "fullTitle": "Cadastro de Usuários deve cadastrar usuário com sucesso",
              "timedOut": null,
              "duration": 6326,
              "state": "passed",
              "speed": "medium",
              "pass": true,
              "fail": false,
              "pending": false,
              "context": null,
              "code": "cy.cadastrarUsuario(usuario.nome, usuario.email, usuario.password);\ncy.get('.alert').should('be.visible');\ncy.url().should('be.equal', `${baseUrl}/home`);\ncy.get('[data-testid=\"logout\"]').should('be.visible');",
              "err": {},
              "uuid": "ad69c3ec-ca51-4f51-a810-bb98bc0183e9",
              "parentUUID": "c6dc4d0d-b87d-4ab3-b822-ffcb5f72a2b4",
              "isHook": false,
              "skipped": false
            },
            {
              "title": "deve cadastrar usuário administrador com sucesso",
              "fullTitle": "Cadastro de Usuários deve cadastrar usuário administrador com sucesso",
              "timedOut": null,
              "duration": 6152,
              "state": "passed",
              "speed": "medium",
              "pass": true,
              "fail": false,
              "pending": false,
              "context": null,
              "code": "const email = _faker.faker.internet.email();\ncy.cadastrarUsuarioAdministrador(usuario.nome, email, usuario.password);\ncy.get('.alert').should('be.visible');\ncy.url().should('be.equal', `${baseUrl}/admin/home`);\ncy.get('[data-testid=\"logout\"]').should('be.visible');",
              "err": {},
              "uuid": "4a90c5af-74f7-4b33-a6dd-7ee48e7323e0",
              "parentUUID": "c6dc4d0d-b87d-4ab3-b822-ffcb5f72a2b4",
              "isHook": false,
              "skipped": false
            }
          ],
          "suites": [],
          "passes": [
            "ad69c3ec-ca51-4f51-a810-bb98bc0183e9",
            "4a90c5af-74f7-4b33-a6dd-7ee48e7323e0"
          ],
          "failures": [],
          "pending": [],
          "skipped": [],
          "duration": 12478,
          "root": false,
          "rootEmpty": false,
          "_timeout": 2000
        },
        {
          "uuid": "ee22573d-f8b2-425b-8b77-dfcb85a7b570",
          "title": "Erros",
          "fullFile": "",
          "file": "",
          "beforeHooks": [],
          "afterHooks": [],
          "tests": [
            {
              "title": "não deve cadastrar com e-mail inválido",
              "fullTitle": "Erros não deve cadastrar com e-mail inválido",
              "timedOut": null,
              "duration": 2280,
              "state": "passed",
              "speed": "fast",
              "pass": true,
              "fail": false,
              "pending": false,
              "context": null,
              "code": "const email = 'teste@teste';\ncy.cadastrarUsuario(usuario.nome, email, usuario.password);\ncy.contains('.alert', 'Email deve ser um email válido').should('be.visible');\ncy.url().should('be.equal', `${baseUrl}/cadastrarusuarios`);",
              "err": {},
              "uuid": "366b961b-10b8-469f-8969-1fb5181eb997",
              "parentUUID": "ee22573d-f8b2-425b-8b77-dfcb85a7b570",
              "isHook": false,
              "skipped": false
            },
            {
              "title": "não deve cadastrar com email já cadastrado",
              "fullTitle": "Erros não deve cadastrar com email já cadastrado",
              "timedOut": null,
              "duration": 2611,
              "state": "passed",
              "speed": "fast",
              "pass": true,
              "fail": false,
              "pending": false,
              "context": null,
              "code": "const nome = _faker.faker.person.fullName();\nconst email = _faker.faker.internet.email();\nconst password = _faker.faker.internet.password();\nconst administrador = Math.random() < 0.5 ? 'true' : 'false';\ncy.api_postUsuarios(nome, email, password, administrador).then(response => {\n  expect(response.status).to.eq(201);\n});\ncy.cadastrarUsuario(usuario.nome, email, usuario.password);\ncy.contains('.alert', 'Este email já está sendo usado').should('be.visible');",
              "err": {},
              "uuid": "ff22ea2b-0e54-4e85-873e-a16c3e4f5c82",
              "parentUUID": "ee22573d-f8b2-425b-8b77-dfcb85a7b570",
              "isHook": false,
              "skipped": false
            },
            {
              "title": "não deve cadastrar com campos obrigatórios vazios",
              "fullTitle": "Erros não deve cadastrar com campos obrigatórios vazios",
              "timedOut": null,
              "duration": 1038,
              "state": "passed",
              "speed": "fast",
              "pass": true,
              "fail": false,
              "pending": false,
              "context": null,
              "code": "cy.cadastrarUsuarioComCamposVazios();\ncy.contains('.form', 'Nome é obrigatório').should('be.visible');\ncy.contains('.form', 'Email é obrigatório').should('be.visible');\ncy.contains('.form', 'Password é obrigatório').should('be.visible');\ncy.url().should('be.equal', `${baseUrl}/cadastrarusuarios`);",
              "err": {},
              "uuid": "85eacbb3-5df2-465a-a3e8-3547cd22eac4",
              "parentUUID": "ee22573d-f8b2-425b-8b77-dfcb85a7b570",
              "isHook": false,
              "skipped": false
            }
          ],
          "suites": [],
          "passes": [
            "366b961b-10b8-469f-8969-1fb5181eb997",
            "ff22ea2b-0e54-4e85-873e-a16c3e4f5c82",
            "85eacbb3-5df2-465a-a3e8-3547cd22eac4"
          ],
          "failures": [],
          "pending": [],
          "skipped": [],
          "duration": 5929,
          "root": false,
          "rootEmpty": false,
          "_timeout": 2000
        }
      ],
      "passes": [],
      "failures": [],
      "pending": [],
      "skipped": [],
      "duration": 0,
      "root": true,
      "rootEmpty": true,
      "_timeout": 2000
    }
  ],
  "meta": {
    "mocha": {
      "version": "7.0.1"
    },
    "mochawesome": {
      "options": {
        "quiet": false,
        "reportFilename": "mochawesome",
        "saveHtml": true,
        "saveJson": true,
        "consoleReporter": "spec",
        "useInlineDiffs": false,
        "code": true
      },
      "version": "7.1.3"
    },
    "marge": {
      "options": {
        "reportDir": "cypress/reports",
        "overwrite": false,
        "html": true,
        "json": true
      },
      "version": "6.2.0"
    }
  }
}