{
  "stats": {
    "suites": 2,
    "tests": 2,
    "passes": 2,
    "pending": 0,
    "failures": 0,
    "start": "2025-01-29T14:00:23.813Z",
    "end": "2025-01-29T14:00:24.702Z",
    "duration": 889,
    "testsRegistered": 2,
    "passPercent": 100,
    "pendingPercent": 0,
    "other": 0,
    "hasOther": false,
    "skipped": 0,
    "hasSkipped": false
  },
  "results": [
    {
      "uuid": "9006f7b6-e867-455d-9931-b950aca2b948",
      "title": "",
      "fullFile": "cypress\\tests\\api\\usuarios\\deleteUsuarios.cy.js",
      "file": "cypress\\tests\\api\\usuarios\\deleteUsuarios.cy.js",
      "beforeHooks": [],
      "afterHooks": [],
      "tests": [],
      "suites": [
        {
          "uuid": "96c3cb74-f1ea-4e06-bafa-8146b7e2fe39",
          "title": "DELETE Usuarios",
          "fullFile": "",
          "file": "",
          "beforeHooks": [],
          "afterHooks": [],
          "tests": [
            {
              "title": "deve excluir usuario com sucesso",
              "fullTitle": "DELETE Usuarios deve excluir usuario com sucesso",
              "timedOut": null,
              "duration": 442,
              "state": "passed",
              "speed": "fast",
              "pass": true,
              "fail": false,
              "pending": false,
              "context": null,
              "code": "cy.api_deleteUsuarios(_id).then(response => {\n  expect(response.status).to.eq(200);\n  expect(response.body.message).to.contain('Registro excluído com sucesso');\n});",
              "err": {},
              "uuid": "a6981927-233d-4f25-a1f0-3ce9a28a7524",
              "parentUUID": "96c3cb74-f1ea-4e06-bafa-8146b7e2fe39",
              "isHook": false,
              "skipped": false
            }
          ],
          "suites": [],
          "passes": [
            "a6981927-233d-4f25-a1f0-3ce9a28a7524"
          ],
          "failures": [],
          "pending": [],
          "skipped": [],
          "duration": 442,
          "root": false,
          "rootEmpty": false,
          "_timeout": 2000
        },
        {
          "uuid": "252e2947-dff9-4221-add1-8940e565643f",
          "title": "Erros",
          "fullFile": "",
          "file": "",
          "beforeHooks": [],
          "afterHooks": [],
          "tests": [
            {
              "title": "não deve excluir com id inexistente",
              "fullTitle": "Erros não deve excluir com id inexistente",
              "timedOut": null,
              "duration": 423,
              "state": "passed",
              "speed": "fast",
              "pass": true,
              "fail": false,
              "pending": false,
              "context": null,
              "code": "const idInexistente = _faker.faker.number.int();\ncy.api_deleteUsuarios(idInexistente).then(response => {\n  expect(response.status).to.eq(200);\n  expect(response.body.message).to.contain('Nenhum registro excluído');\n});",
              "err": {},
              "uuid": "0dc64a35-dfcd-4d08-bc24-82d12ebecb9f",
              "parentUUID": "252e2947-dff9-4221-add1-8940e565643f",
              "isHook": false,
              "skipped": false
            }
          ],
          "suites": [],
          "passes": [
            "0dc64a35-dfcd-4d08-bc24-82d12ebecb9f"
          ],
          "failures": [],
          "pending": [],
          "skipped": [],
          "duration": 423,
          "root": false,
          "rootEmpty": false,
          "_timeout": 2000
        }
      ],
      "passes": [],
      "failures": [],
      "pending": [],
      "skipped": [],
      "duration": 0,
      "root": true,
      "rootEmpty": true,
      "_timeout": 2000
    }
  ],
  "meta": {
    "mocha": {
      "version": "7.0.1"
    },
    "mochawesome": {
      "options": {
        "quiet": false,
        "reportFilename": "mochawesome",
        "saveHtml": true,
        "saveJson": true,
        "consoleReporter": "spec",
        "useInlineDiffs": false,
        "code": true
      },
      "version": "7.1.3"
    },
    "marge": {
      "options": {
        "reportDir": "cypress/reports",
        "overwrite": false,
        "html": true,
        "json": true
      },
      "version": "6.2.0"
    }
  }
}