{
  "stats": {
    "suites": 2,
    "tests": 3,
    "passes": 3,
    "pending": 0,
    "failures": 0,
    "start": "2025-01-29T14:00:06.093Z",
    "end": "2025-01-29T14:00:06.786Z",
    "duration": 693,
    "testsRegistered": 3,
    "passPercent": 100,
    "pendingPercent": 0,
    "other": 0,
    "hasOther": false,
    "skipped": 0,
    "hasSkipped": false
  },
  "results": [
    {
      "uuid": "2804cc00-54f2-4d99-9d1c-e86c4f52edfe",
      "title": "",
      "fullFile": "cypress\\tests\\api\\produtos\\getBuscarProdutosId.cy.js",
      "file": "cypress\\tests\\api\\produtos\\getBuscarProdutosId.cy.js",
      "beforeHooks": [],
      "afterHooks": [],
      "tests": [],
      "suites": [
        {
          "uuid": "34dbee22-8103-44e4-a278-4f83c4227041",
          "title": "GET Produtos por ID",
          "fullFile": "",
          "file": "",
          "beforeHooks": [],
          "afterHooks": [],
          "tests": [
            {
              "title": "deve buscar produto pelo id",
              "fullTitle": "GET Produtos por ID deve buscar produto pelo id",
              "timedOut": null,
              "duration": 230,
              "state": "passed",
              "speed": "fast",
              "pass": true,
              "fail": false,
              "pending": false,
              "context": null,
              "code": "const id = '2KDSHTlVwqDIpmfi';\ncy.api_getBuscarProdutoId(id).then(response => {\n  expect(response.status).to.eq(200);\n  expect(response.body).to.be.not.null;\n  expect(response.body).to.have.property('_id', id);\n});",
              "err": {},
              "uuid": "60df640a-274a-474e-bb22-f75c77ddaf41",
              "parentUUID": "34dbee22-8103-44e4-a278-4f83c4227041",
              "isHook": false,
              "skipped": false
            }
          ],
          "suites": [],
          "passes": [
            "60df640a-274a-474e-bb22-f75c77ddaf41"
          ],
          "failures": [],
          "pending": [],
          "skipped": [],
          "duration": 230,
          "root": false,
          "rootEmpty": false,
          "_timeout": 2000
        },
        {
          "uuid": "639e2a81-de62-4056-95a1-a4a4a42e3ba7",
          "title": "Erros",
          "fullFile": "",
          "file": "",
          "beforeHooks": [],
          "afterHooks": [],
          "tests": [
            {
              "title": "não deve buscar produto com id inexistente",
              "fullTitle": "Erros não deve buscar produto com id inexistente",
              "timedOut": null,
              "duration": 218,
              "state": "passed",
              "speed": "fast",
              "pass": true,
              "fail": false,
              "pending": false,
              "context": null,
              "code": "const id = '2m931byp8d8LbkWj';\ncy.api_getBuscarProdutoId(id).then(response => {\n  expect(response.status).to.eq(400);\n  expect(response.body).to.have.property('message', 'Produto não encontrado');\n});",
              "err": {},
              "uuid": "70665a66-4824-4dd9-9af0-08caa129187e",
              "parentUUID": "639e2a81-de62-4056-95a1-a4a4a42e3ba7",
              "isHook": false,
              "skipped": false
            },
            {
              "title": "não deve buscar produto com id nulo",
              "fullTitle": "Erros não deve buscar produto com id nulo",
              "timedOut": null,
              "duration": 214,
              "state": "passed",
              "speed": "fast",
              "pass": true,
              "fail": false,
              "pending": false,
              "context": null,
              "code": "const id = null;\ncy.api_getBuscarProdutoId(id).then(response => {\n  expect(response.status).to.eq(400);\n  expect(response.body).to.have.property('message', 'Produto não encontrado');\n});",
              "err": {},
              "uuid": "a57641ec-4947-4ffa-a20b-a5a600c2cda3",
              "parentUUID": "639e2a81-de62-4056-95a1-a4a4a42e3ba7",
              "isHook": false,
              "skipped": false
            }
          ],
          "suites": [],
          "passes": [
            "70665a66-4824-4dd9-9af0-08caa129187e",
            "a57641ec-4947-4ffa-a20b-a5a600c2cda3"
          ],
          "failures": [],
          "pending": [],
          "skipped": [],
          "duration": 432,
          "root": false,
          "rootEmpty": false,
          "_timeout": 2000
        }
      ],
      "passes": [],
      "failures": [],
      "pending": [],
      "skipped": [],
      "duration": 0,
      "root": true,
      "rootEmpty": true,
      "_timeout": 2000
    }
  ],
  "meta": {
    "mocha": {
      "version": "7.0.1"
    },
    "mochawesome": {
      "options": {
        "quiet": false,
        "reportFilename": "mochawesome",
        "saveHtml": true,
        "saveJson": true,
        "consoleReporter": "spec",
        "useInlineDiffs": false,
        "code": true
      },
      "version": "7.1.3"
    },
    "marge": {
      "options": {
        "reportDir": "cypress/reports",
        "overwrite": false,
        "html": true,
        "json": true
      },
      "version": "6.2.0"
    }
  }
}